<html>
<head>
<title>TestNG:  Regression01</title>
<link href="../testng.css" rel="stylesheet" type="text/css" />
<link href="../my-testng.css" rel="stylesheet" type="text/css" />

<style type="text/css">
.log { display: none;} 
.stack-trace { display: none;} 
</style>
<script type="text/javascript">
<!--
function flip(e) {
  current = e.style.display;
  if (current == 'block') {
    e.style.display = 'none';
    return 0;
  }
  else {
    e.style.display = 'block';
    return 1;
  }
}

function toggleBox(szDivId, elem, msg1, msg2)
{
  var res = -1;  if (document.getElementById) {
    res = flip(document.getElementById(szDivId));
  }
  else if (document.all) {
    // this is the way old msie versions work
    res = flip(document.all[szDivId]);
  }
  if(elem) {
    if(res == 0) elem.innerHTML = msg1; else elem.innerHTML = msg2;
  }

}

function toggleAllBoxes() {
  if (document.getElementsByTagName) {
    d = document.getElementsByTagName('div');
    for (i = 0; i < d.length; i++) {
      if (d[i].className == 'log') {
        flip(d[i]);
      }
    }
  }
}

// -->
</script>

</head>
<body>
<h2 align='center'>Regression01</h2><table border='1' align="center">
<tr>
<td>Tests passed/Failed/Skipped:</td><td>27/4/0</td>
</tr><tr>
<td>Started on:</td><td>Fri Feb 01 16:27:38 IST 2019</td>
</tr>
<tr><td>Total time:</td><td>6893 seconds (6893485 ms)</td>
</tr><tr>
<td>Included groups:</td><td></td>
</tr><tr>
<td>Excluded groups:</td><td></td>
</tr>
</table><p/>
<small><i>(Hover the method name to see the test class name)</i></small><p/>
<table width='100%' border='1' class='invocation-failed'>
<tr><td colspan='4' align='center'><b>FAILED TESTS</b></td></tr>
<tr><td><b>Test method</b></td>
<td width="30%"><b>Exception</b></td>
<td width="10%"><b>Time (seconds)</b></td>
<td><b>Instance</b></td>
</tr>
<tr>
<td title='com.nfsp.NFSPTests.verify_nfsp_after_5_search_for_unrec_user()'><b>verify_nfsp_after_5_search_for_unrec_user</b><br>Test class: com.nfsp.NFSPTests<br>Test method: Verify the NFSP value for UnRecognised User after 6 search</td>
<td><div><pre>java.lang.NumberFormatException: null
	at java.lang.Integer.parseInt(Unknown Source)
	at java.lang.Integer.parseInt(Unknown Source)
	at com.nfsp.NFSPTests.verify_nfsp_after_5_search_for_unrec_user(NFSPTests.java:110)
	at sun.reflect.NativeMethodAccessorImpl.invoke0(Native Method)
	at sun.reflect.NativeMethodAccessorImpl.invoke(Unknown Source)
	at sun.reflect.DelegatingMethodAccessorImpl.invoke(Unknown Source)
	at java.lang.reflect.Method.invoke(Unknown Source)
	at org.testng.internal.MethodInvocationHelper.invokeMethod(MethodInvocationHelper.java:86)
	at org.testng.internal.Invoker.invokeMethod(Invoker.java:643)
	at org.testng.internal.Invoker.invokeTestMethod(Invoker.java:820)
	at org.testng.internal.Invoker.invokeTestMethods(Invoker.java:1128)
	at org.testng.internal.TestMethodWorker.invokeTestMethods(TestMethodWorker.java:129)
	at org.testng.internal.TestMethodWorker.run(TestMethodWorker.java:112)
	at org.testng.TestRunner.privateRun(TestRunner.java:782)
	at org.testng.TestRunner.run(TestRunner.java:632)
	at org.testng.SuiteRunner.runTest(SuiteRunner.java:366)
	at org.testng.SuiteRunner.access$000(SuiteRunner.java:39)
	at org.testng.SuiteRunner$SuiteWorker.run(SuiteRunner.java:400)
	at org.testng.internal.thread.ThreadUtil$2.call(ThreadUtil.java:64)
	at java.util.concurrent.FutureTask.run(Unknown Source)
	at java.util.concurrent.ThreadPoolExecutor.runWorker(Unknown Source)
	at java.util.concurrent.ThreadPoolExecutor$Worker.run(Unknown Source)
	at java.lang.Thread.run(Unknown Source)
</pre></div><a href='#' onClick='toggleBox("stack-trace777338867", this, "Click to show all stack frames", "Click to hide stack frames")'>Click to show all stack frames</a>
<div class='stack-trace' id='stack-trace777338867'><pre>java.lang.NumberFormatException: null
	at java.lang.Integer.parseInt(Unknown Source)
	at java.lang.Integer.parseInt(Unknown Source)
	at com.nfsp.NFSPTests.verify_nfsp_after_5_search_for_unrec_user(NFSPTests.java:110)
	at sun.reflect.NativeMethodAccessorImpl.invoke0(Native Method)
	at sun.reflect.NativeMethodAccessorImpl.invoke(Unknown Source)
	at sun.reflect.DelegatingMethodAccessorImpl.invoke(Unknown Source)
	at java.lang.reflect.Method.invoke(Unknown Source)
	at org.testng.internal.MethodInvocationHelper.invokeMethod(MethodInvocationHelper.java:86)
	at org.testng.internal.Invoker.invokeMethod(Invoker.java:643)
	at org.testng.internal.Invoker.invokeTestMethod(Invoker.java:820)
	at org.testng.internal.Invoker.invokeTestMethods(Invoker.java:1128)
	at org.testng.internal.TestMethodWorker.invokeTestMethods(TestMethodWorker.java:129)
	at org.testng.internal.TestMethodWorker.run(TestMethodWorker.java:112)
	at org.testng.TestRunner.privateRun(TestRunner.java:782)
	at org.testng.TestRunner.run(TestRunner.java:632)
	at org.testng.SuiteRunner.runTest(SuiteRunner.java:366)
	at org.testng.SuiteRunner.access$000(SuiteRunner.java:39)
	at org.testng.SuiteRunner$SuiteWorker.run(SuiteRunner.java:400)
	at org.testng.internal.thread.ThreadUtil$2.call(ThreadUtil.java:64)
	at java.util.concurrent.FutureTask.run(Unknown Source)
	at java.util.concurrent.ThreadPoolExecutor.runWorker(Unknown Source)
	at java.util.concurrent.ThreadPoolExecutor$Worker.run(Unknown Source)
	at java.lang.Thread.run(Unknown Source)
</pre></div></td>
<td>10</td>
<td>com.nfsp.NFSPTests@5f9d02cb</td></tr>
<tr>
<td title='com.nfsp.NFSPTests.verify_nfsp_for_rec_user_after_27_search()'><b>verify_nfsp_for_rec_user_after_27_search</b><br>Test class: com.nfsp.NFSPTests<br>Test method: Verify the NFSP for Recognised User after 27th search</td>
<td><div><pre>java.lang.NumberFormatException: null
	at java.lang.Integer.parseInt(Unknown Source)
	at java.lang.Integer.parseInt(Unknown Source)
	at com.nfsp.NFSPTests.verify_nfsp_for_rec_user_after_27_search(NFSPTests.java:183)
	at sun.reflect.NativeMethodAccessorImpl.invoke0(Native Method)
	at sun.reflect.NativeMethodAccessorImpl.invoke(Unknown Source)
	at sun.reflect.DelegatingMethodAccessorImpl.invoke(Unknown Source)
	at java.lang.reflect.Method.invoke(Unknown Source)
	at org.testng.internal.MethodInvocationHelper.invokeMethod(MethodInvocationHelper.java:86)
	at org.testng.internal.Invoker.invokeMethod(Invoker.java:643)
	at org.testng.internal.Invoker.invokeTestMethod(Invoker.java:820)
	at org.testng.internal.Invoker.invokeTestMethods(Invoker.java:1128)
	at org.testng.internal.TestMethodWorker.invokeTestMethods(TestMethodWorker.java:129)
	at org.testng.internal.TestMethodWorker.run(TestMethodWorker.java:112)
	at org.testng.TestRunner.privateRun(TestRunner.java:782)
	at org.testng.TestRunner.run(TestRunner.java:632)
	at org.testng.SuiteRunner.runTest(SuiteRunner.java:366)
	at org.testng.SuiteRunner.access$000(SuiteRunner.java:39)
	at org.testng.SuiteRunner$SuiteWorker.run(SuiteRunner.java:400)
	at org.testng.internal.thread.ThreadUtil$2.call(ThreadUtil.java:64)
	at java.util.concurrent.FutureTask.run(Unknown Source)
	at java.util.concurrent.ThreadPoolExecutor.runWorker(Unknown Source)
	at java.util.concurrent.ThreadPoolExecutor$Worker.run(Unknown Source)
	at java.lang.Thread.run(Unknown Source)
</pre></div><a href='#' onClick='toggleBox("stack-trace362535633", this, "Click to show all stack frames", "Click to hide stack frames")'>Click to show all stack frames</a>
<div class='stack-trace' id='stack-trace362535633'><pre>java.lang.NumberFormatException: null
	at java.lang.Integer.parseInt(Unknown Source)
	at java.lang.Integer.parseInt(Unknown Source)
	at com.nfsp.NFSPTests.verify_nfsp_for_rec_user_after_27_search(NFSPTests.java:183)
	at sun.reflect.NativeMethodAccessorImpl.invoke0(Native Method)
	at sun.reflect.NativeMethodAccessorImpl.invoke(Unknown Source)
	at sun.reflect.DelegatingMethodAccessorImpl.invoke(Unknown Source)
	at java.lang.reflect.Method.invoke(Unknown Source)
	at org.testng.internal.MethodInvocationHelper.invokeMethod(MethodInvocationHelper.java:86)
	at org.testng.internal.Invoker.invokeMethod(Invoker.java:643)
	at org.testng.internal.Invoker.invokeTestMethod(Invoker.java:820)
	at org.testng.internal.Invoker.invokeTestMethods(Invoker.java:1128)
	at org.testng.internal.TestMethodWorker.invokeTestMethods(TestMethodWorker.java:129)
	at org.testng.internal.TestMethodWorker.run(TestMethodWorker.java:112)
	at org.testng.TestRunner.privateRun(TestRunner.java:782)
	at org.testng.TestRunner.run(TestRunner.java:632)
	at org.testng.SuiteRunner.runTest(SuiteRunner.java:366)
	at org.testng.SuiteRunner.access$000(SuiteRunner.java:39)
	at org.testng.SuiteRunner$SuiteWorker.run(SuiteRunner.java:400)
	at org.testng.internal.thread.ThreadUtil$2.call(ThreadUtil.java:64)
	at java.util.concurrent.FutureTask.run(Unknown Source)
	at java.util.concurrent.ThreadPoolExecutor.runWorker(Unknown Source)
	at java.util.concurrent.ThreadPoolExecutor$Worker.run(Unknown Source)
	at java.lang.Thread.run(Unknown Source)
</pre></div></td>
<td>196</td>
<td>com.nfsp.NFSPTests@5f9d02cb</td></tr>
<tr>
<td title='com.lightbox.OptinLightboxTests.verify_optin_lb_for_mini_reg_user()'><b>verify_optin_lb_for_mini_reg_user</b><br>Test class: com.lightbox.OptinLightboxTests<br>Test method: Verify the Optin LightBox for Mini Reg. User</td>
<td><div><pre>org.openqa.selenium.WebDriverException: An unknown server-side error occurred while processing the command. (WARNING: The server did not provide any stacktrace information)
Command duration or timeout: 0 milliseconds
Build info: version: &apos;3.141.59&apos;, revision: &apos;e82be7d358&apos;, time: &apos;2018-11-14T08:17:03&apos;
System info: host: &apos;VSANKAR2&apos;, ip: &apos;10.37.0.236&apos;, os.name: &apos;Windows 7&apos;, os.arch: &apos;amd64&apos;, os.version: &apos;6.1&apos;, java.version: &apos;1.8.0_191&apos;
Driver info: org.openqa.selenium.remote.RemoteWebDriver
Capabilities {acceptInsecureCerts: false, acceptSslCerts: false, applicationCacheEnabled: false, browserConnectionEnabled: false, browserName: chrome, chrome: {chromedriverVersion: 2.40.565498 (ea082db3280dd6..., userDataDir: C:\Windows\proxy\scoped_dir...}, cssSelectorsEnabled: true, databaseEnabled: false, handlesAlerts: true, hasTouchScreen: false, javascriptEnabled: true, locationContextEnabled: true, mobileEmulationEnabled: false, nativeEvents: true, networkConnectionEnabled: false, pageLoadStrategy: normal, platform: XP, platformName: XP, rotatable: false, setWindowRect: true, takesHeapSnapshot: true, takesScreenshot: true, unexpectedAlertBehaviour: , unhandledPromptBehavior: , version: 68.0.3440.75, webStorageEnabled: true, webdriver.remote.sessionid: 5344f9ffb996293a8ad7aecef2d...}
Session ID: 5344f9ffb996293a8ad7aecef2ddc6b15d0ddf89
	at sun.reflect.GeneratedConstructorAccessor30.newInstance(Unknown Source)
	at sun.reflect.DelegatingConstructorAccessorImpl.newInstance(Unknown Source)
	at java.lang.reflect.Constructor.newInstance(Unknown Source)
	at org.openqa.selenium.remote.ErrorHandler.createThrowable(ErrorHandler.java:214)
	at org.openqa.selenium.remote.ErrorHandler.throwIfResponseFailed(ErrorHandler.java:166)
	at org.openqa.selenium.remote.http.JsonHttpResponseCodec.reconstructValue(JsonHttpResponseCodec.java:40)
	at org.openqa.selenium.remote.http.AbstractHttpResponseCodec.decode(AbstractHttpResponseCodec.java:80)
	at org.openqa.selenium.remote.http.AbstractHttpResponseCodec.decode(AbstractHttpResponseCodec.java:44)
	at org.openqa.selenium.remote.HttpCommandExecutor.execute(HttpCommandExecutor.java:158)
	at org.openqa.selenium.remote.RemoteWebDriver.execute(RemoteWebDriver.java:552)
	at org.openqa.selenium.remote.RemoteWebDriver.execute(RemoteWebDriver.java:609)
	at org.openqa.selenium.remote.RemoteWebDriver$RemoteWebDriverOptions.deleteAllCookies(RemoteWebDriver.java:694)
	at com.util.WrapperFunctions.delete_session_cookies(WrapperFunctions.java:2390)
	at com.lightbox.OptinLightboxTests.verify_optin_lb_for_mini_reg_user(OptinLightboxTests.java:87)
	at sun.reflect.NativeMethodAccessorImpl.invoke0(Native Method)
	at sun.reflect.NativeMethodAccessorImpl.invoke(Unknown Source)
	at sun.reflect.DelegatingMethodAccessorImpl.invoke(Unknown Source)
	at java.lang.reflect.Method.invoke(Unknown Source)
	at org.testng.internal.MethodInvocationHelper.invokeMethod(MethodInvocationHelper.java:86)
	at org.testng.internal.Invoker.invokeMethod(Invoker.java:643)
	at org.testng.internal.Invoker.invokeTestMethod(Invoker.java:820)
	at org.testng.internal.Invoker.invokeTestMethods(Invoker.java:1128)
	at org.testng.internal.TestMethodWorker.invokeTestMethods(TestMethodWorker.java:129)
	at org.testng.internal.TestMethodWorker.run(TestMethodWorker.java:112)
	at org.testng.TestRunner.privateRun(TestRunner.java:782)
	at org.testng.TestRunner.run(TestRunner.java:632)
	at org.testng.SuiteRunner.runTest(SuiteRunner.java:366)
	at org.testng.SuiteRunner.access$000(SuiteRunner.java:39)
	at org.testng.SuiteRunner$SuiteWorker.run(SuiteRunner.java:400)
	at org.testng.internal.thread.ThreadUtil$2.call(ThreadUtil.java:64)
	at java.util.concurrent.FutureTask.run(Unknown Source)
	at java.util.concurrent.ThreadPoolExecutor.runWorker(Unknown Source)
	at java.util.concurrent.ThreadPoolExecutor$Worker.run(Unknown Source)
	at java.lang.Thread.run(Unknown Source)
</pre></div><a href='#' onClick='toggleBox("stack-trace639945400", this, "Click to show all stack frames", "Click to hide stack frames")'>Click to show all stack frames</a>
<div class='stack-trace' id='stack-trace639945400'><pre>org.openqa.selenium.WebDriverException: An unknown server-side error occurred while processing the command. (WARNING: The server did not provide any stacktrace information)
Command duration or timeout: 0 milliseconds
Build info: version: &apos;3.141.59&apos;, revision: &apos;e82be7d358&apos;, time: &apos;2018-11-14T08:17:03&apos;
System info: host: &apos;VSANKAR2&apos;, ip: &apos;10.37.0.236&apos;, os.name: &apos;Windows 7&apos;, os.arch: &apos;amd64&apos;, os.version: &apos;6.1&apos;, java.version: &apos;1.8.0_191&apos;
Driver info: org.openqa.selenium.remote.RemoteWebDriver
Capabilities {acceptInsecureCerts: false, acceptSslCerts: false, applicationCacheEnabled: false, browserConnectionEnabled: false, browserName: chrome, chrome: {chromedriverVersion: 2.40.565498 (ea082db3280dd6..., userDataDir: C:\Windows\proxy\scoped_dir...}, cssSelectorsEnabled: true, databaseEnabled: false, handlesAlerts: true, hasTouchScreen: false, javascriptEnabled: true, locationContextEnabled: true, mobileEmulationEnabled: false, nativeEvents: true, networkConnectionEnabled: false, pageLoadStrategy: normal, platform: XP, platformName: XP, rotatable: false, setWindowRect: true, takesHeapSnapshot: true, takesScreenshot: true, unexpectedAlertBehaviour: , unhandledPromptBehavior: , version: 68.0.3440.75, webStorageEnabled: true, webdriver.remote.sessionid: 5344f9ffb996293a8ad7aecef2d...}
Session ID: 5344f9ffb996293a8ad7aecef2ddc6b15d0ddf89
	at sun.reflect.GeneratedConstructorAccessor30.newInstance(Unknown Source)
	at sun.reflect.DelegatingConstructorAccessorImpl.newInstance(Unknown Source)
	at java.lang.reflect.Constructor.newInstance(Unknown Source)
	at org.openqa.selenium.remote.ErrorHandler.createThrowable(ErrorHandler.java:214)
	at org.openqa.selenium.remote.ErrorHandler.throwIfResponseFailed(ErrorHandler.java:166)
	at org.openqa.selenium.remote.http.JsonHttpResponseCodec.reconstructValue(JsonHttpResponseCodec.java:40)
	at org.openqa.selenium.remote.http.AbstractHttpResponseCodec.decode(AbstractHttpResponseCodec.java:80)
	at org.openqa.selenium.remote.http.AbstractHttpResponseCodec.decode(AbstractHttpResponseCodec.java:44)
	at org.openqa.selenium.remote.HttpCommandExecutor.execute(HttpCommandExecutor.java:158)
	at org.openqa.selenium.remote.RemoteWebDriver.execute(RemoteWebDriver.java:552)
	at org.openqa.selenium.remote.RemoteWebDriver.execute(RemoteWebDriver.java:609)
	at org.openqa.selenium.remote.RemoteWebDriver$RemoteWebDriverOptions.deleteAllCookies(RemoteWebDriver.java:694)
	at com.util.WrapperFunctions.delete_session_cookies(WrapperFunctions.java:2390)
	at com.lightbox.OptinLightboxTests.verify_optin_lb_for_mini_reg_user(OptinLightboxTests.java:87)
	at sun.reflect.NativeMethodAccessorImpl.invoke0(Native Method)
	at sun.reflect.NativeMethodAccessorImpl.invoke(Unknown Source)
	at sun.reflect.DelegatingMethodAccessorImpl.invoke(Unknown Source)
	at java.lang.reflect.Method.invoke(Unknown Source)
	at org.testng.internal.MethodInvocationHelper.invokeMethod(MethodInvocationHelper.java:86)
	at org.testng.internal.Invoker.invokeMethod(Invoker.java:643)
	at org.testng.internal.Invoker.invokeTestMethod(Invoker.java:820)
	at org.testng.internal.Invoker.invokeTestMethods(Invoker.java:1128)
	at org.testng.internal.TestMethodWorker.invokeTestMethods(TestMethodWorker.java:129)
	at org.testng.internal.TestMethodWorker.run(TestMethodWorker.java:112)
	at org.testng.TestRunner.privateRun(TestRunner.java:782)
	at org.testng.TestRunner.run(TestRunner.java:632)
	at org.testng.SuiteRunner.runTest(SuiteRunner.java:366)
	at org.testng.SuiteRunner.access$000(SuiteRunner.java:39)
	at org.testng.SuiteRunner$SuiteWorker.run(SuiteRunner.java:400)
	at org.testng.internal.thread.ThreadUtil$2.call(ThreadUtil.java:64)
	at java.util.concurrent.FutureTask.run(Unknown Source)
	at java.util.concurrent.ThreadPoolExecutor.runWorker(Unknown Source)
	at java.util.concurrent.ThreadPoolExecutor$Worker.run(Unknown Source)
	at java.lang.Thread.run(Unknown Source)
</pre></div></td>
<td>283</td>
<td>com.lightbox.OptinLightboxTests@13a5fe33</td></tr>
<tr>
<td title='com.lightbox.OptinLightboxTests.verify_optin_lb_for_mini_reg_user()'><b>verify_optin_lb_for_mini_reg_user</b><br>Test class: com.lightbox.OptinLightboxTests<br>Test method: Verify the Optin LightBox for Mini Reg. User</td>
<td><div><pre>java.lang.NullPointerException
	at ru.yandex.qatools.ashot.shooting.ViewportPastingDecorator.getFullHeight(ViewportPastingDecorator.java:67)
	at ru.yandex.qatools.ashot.shooting.ViewportPastingDecorator.getScreenshot(ViewportPastingDecorator.java:41)
	at ru.yandex.qatools.ashot.shooting.ViewportPastingDecorator.getScreenshot(ViewportPastingDecorator.java:35)
	at ru.yandex.qatools.ashot.AShot.takeScreenshot(AShot.java:145)
	at com.util.ReporterListener.getScreenShot(ReporterListener.java:269)
	at com.util.ReporterListener.onTestFailure(ReporterListener.java:236)
	at org.testng.internal.Invoker.runTestListeners(Invoker.java:1691)
	at org.testng.internal.Invoker.runTestListeners(Invoker.java:1675)
	at org.testng.internal.Invoker.invokeMethod(Invoker.java:700)
	at org.testng.internal.Invoker.invokeTestMethod(Invoker.java:820)
	at org.testng.internal.Invoker.invokeTestMethods(Invoker.java:1128)
	at org.testng.internal.TestMethodWorker.invokeTestMethods(TestMethodWorker.java:129)
	at org.testng.internal.TestMethodWorker.run(TestMethodWorker.java:112)
	at org.testng.TestRunner.privateRun(TestRunner.java:782)
	at org.testng.TestRunner.run(TestRunner.java:632)
	at org.testng.SuiteRunner.runTest(SuiteRunner.java:366)
	at org.testng.SuiteRunner.access$000(SuiteRunner.java:39)
	at org.testng.SuiteRunner$SuiteWorker.run(SuiteRunner.java:400)
	at org.testng.internal.thread.ThreadUtil$2.call(ThreadUtil.java:64)
	at java.util.concurrent.FutureTask.run(Unknown Source)
	at java.util.concurrent.ThreadPoolExecutor.runWorker(Unknown Source)
	at java.util.concurrent.ThreadPoolExecutor$Worker.run(Unknown Source)
	at java.lang.Thread.run(Unknown Source)
</pre></div><a href='#' onClick='toggleBox("stack-trace1388911729", this, "Click to show all stack frames", "Click to hide stack frames")'>Click to show all stack frames</a>
<div class='stack-trace' id='stack-trace1388911729'><pre>java.lang.NullPointerException
	at ru.yandex.qatools.ashot.shooting.ViewportPastingDecorator.getFullHeight(ViewportPastingDecorator.java:67)
	at ru.yandex.qatools.ashot.shooting.ViewportPastingDecorator.getScreenshot(ViewportPastingDecorator.java:41)
	at ru.yandex.qatools.ashot.shooting.ViewportPastingDecorator.getScreenshot(ViewportPastingDecorator.java:35)
	at ru.yandex.qatools.ashot.AShot.takeScreenshot(AShot.java:145)
	at com.util.ReporterListener.getScreenShot(ReporterListener.java:269)
	at com.util.ReporterListener.onTestFailure(ReporterListener.java:236)
	at org.testng.internal.Invoker.runTestListeners(Invoker.java:1691)
	at org.testng.internal.Invoker.runTestListeners(Invoker.java:1675)
	at org.testng.internal.Invoker.invokeMethod(Invoker.java:700)
	at org.testng.internal.Invoker.invokeTestMethod(Invoker.java:820)
	at org.testng.internal.Invoker.invokeTestMethods(Invoker.java:1128)
	at org.testng.internal.TestMethodWorker.invokeTestMethods(TestMethodWorker.java:129)
	at org.testng.internal.TestMethodWorker.run(TestMethodWorker.java:112)
	at org.testng.TestRunner.privateRun(TestRunner.java:782)
	at org.testng.TestRunner.run(TestRunner.java:632)
	at org.testng.SuiteRunner.runTest(SuiteRunner.java:366)
	at org.testng.SuiteRunner.access$000(SuiteRunner.java:39)
	at org.testng.SuiteRunner$SuiteWorker.run(SuiteRunner.java:400)
	at org.testng.internal.thread.ThreadUtil$2.call(ThreadUtil.java:64)
	at java.util.concurrent.FutureTask.run(Unknown Source)
	at java.util.concurrent.ThreadPoolExecutor.runWorker(Unknown Source)
	at java.util.concurrent.ThreadPoolExecutor$Worker.run(Unknown Source)
	at java.lang.Thread.run(Unknown Source)
</pre></div></td>
<td>304</td>
<td>com.lightbox.OptinLightboxTests@13a5fe33</td></tr>
</table><p>
<table width='100%' border='1' class='invocation-passed'>
<tr><td colspan='4' align='center'><b>PASSED TESTS</b></td></tr>
<tr><td><b>Test method</b></td>
<td width="30%"><b>Exception</b></td>
<td width="10%"><b>Time (seconds)</b></td>
<td><b>Instance</b></td>
</tr>
<tr>
<td title='com.lightbox.HighRiskLightboxTests.verify_25th_search_lb()'><b>verify_25th_search_lb</b><br>Test class: com.lightbox.HighRiskLightboxTests<br>Test method: Verify the 26th Maximum Search LightBox for Recognised User</td>
<td></td>
<td>242</td>
<td>com.lightbox.HighRiskLightboxTests@527740a2</td></tr>
<tr>
<td title='com.lightbox.HighRiskLightboxTests.verify_40th_search_lb()'><b>verify_40th_search_lb</b><br>Test class: com.lightbox.HighRiskLightboxTests<br>Test method: Verify the 40th Maximum Search LightBox for Recognised User</td>
<td></td>
<td>205</td>
<td>com.lightbox.HighRiskLightboxTests@527740a2</td></tr>
<tr>
<td title='com.lightbox.HighRiskLightboxTests.verify_500th_search_lb()'><b>verify_500th_search_lb</b><br>Test class: com.lightbox.HighRiskLightboxTests<br>Test method: Verify the 500th Search LightBox for Recognised User</td>
<td></td>
<td>289</td>
<td>com.lightbox.HighRiskLightboxTests@527740a2</td></tr>
<tr>
<td title='com.lightbox.HighRiskLightboxTests.verify_75th_search_lb()'><b>verify_75th_search_lb</b><br>Test class: com.lightbox.HighRiskLightboxTests<br>Test method: Verify the 75th Maximum Search LightBox for Recognised User</td>
<td></td>
<td>213</td>
<td>com.lightbox.HighRiskLightboxTests@527740a2</td></tr>
<tr>
<td title='com.search.SearchTests.verify_collapse_search_box_rec_user()'><b>verify_collapse_search_box_rec_user</b><br>Test class: com.search.SearchTests<br>Test method: Verify the Collapse Search box on all the Site Pages for Recognised User</td>
<td></td>
<td>151</td>
<td>com.search.SearchTests@4e9ba398</td></tr>
<tr>
<td title='com.search.SearchTests.verify_collapse_search_box_unrec_user()'><b>verify_collapse_search_box_unrec_user</b><br>Test class: com.search.SearchTests<br>Test method: Verify the Collapse Search box on all the Site Pages for UnRecognised User</td>
<td></td>
<td>50</td>
<td>com.search.SearchTests@4e9ba398</td></tr>
<tr>
<td title='com.lightbox.CompleteRegistrationLightboxTests.verify_complete_registration_lb_for_mini_reg()'><b>verify_complete_registration_lb_for_mini_reg</b><br>Test class: com.lightbox.CompleteRegistrationLightboxTests<br>Test method: Verify the Complete Registration LightBox for Mini Reg User</td>
<td></td>
<td>232</td>
<td>com.lightbox.CompleteRegistrationLightboxTests@3108bc</td></tr>
<tr>
<td title='com.lightbox.CompleteRegistrationLightboxTests.verify_complete_registration_lb_for_silver_user()'><b>verify_complete_registration_lb_for_silver_user</b><br>Test class: com.lightbox.CompleteRegistrationLightboxTests<br>Test method: Verify the Complete Registration LightBox for Silver User</td>
<td></td>
<td>187</td>
<td>com.lightbox.CompleteRegistrationLightboxTests@3108bc</td></tr>
<tr>
<td title='com.lightbox.CompleteRegistrationLightboxTests.verify_complete_registration_lb_for_social_user()'><b>verify_complete_registration_lb_for_social_user</b><br>Test class: com.lightbox.CompleteRegistrationLightboxTests<br>Test method: Verify the Complete Registration LightBox for Social User</td>
<td></td>
<td>228</td>
<td>com.lightbox.CompleteRegistrationLightboxTests@3108bc</td></tr>
<tr>
<td title='com.nfsp.NFSPTests.verify_default_nfsp_for_rec_user()'><b>verify_default_nfsp_for_rec_user</b><br>Test class: com.nfsp.NFSPTests<br>Test method: Verify the default NFSP value for Recognised User</td>
<td></td>
<td>150</td>
<td>com.nfsp.NFSPTests@5f9d02cb</td></tr>
<tr>
<td title='com.search.SearchTests.verify_inhouse_ads()'><b>verify_inhouse_ads</b><br>Test class: com.search.SearchTests<br>Test method: Verify the In House Ads on SERP page</td>
<td></td>
<td>312</td>
<td>com.search.SearchTests@4e9ba398</td></tr>
<tr>
<td title='com.search.SearchTests.verify_openx_banner_rec_user()'><b>verify_openx_banner_rec_user</b><br>Test class: com.search.SearchTests<br>Test method: Verify the OpenX banner on all the Site Pages for Recognised User</td>
<td></td>
<td>121</td>
<td>com.search.SearchTests@4e9ba398</td></tr>
<tr>
<td title='com.search.SearchTests.verify_openx_banner_unrec_user()'><b>verify_openx_banner_unrec_user</b><br>Test class: com.search.SearchTests<br>Test method: Verify the OpenX banner and search box on all the Site Pages for UnRecognised User</td>
<td></td>
<td>28</td>
<td>com.search.SearchTests@4e9ba398</td></tr>
<tr>
<td title='com.lightbox.OptinLightboxTests.verify_optin_lb_for_full_reg_user()'><b>verify_optin_lb_for_full_reg_user</b><br>Test class: com.lightbox.OptinLightboxTests<br>Test method: Verify the Optin LightBox for Full Reg. User</td>
<td></td>
<td>294</td>
<td>com.lightbox.OptinLightboxTests@13a5fe33</td></tr>
<tr>
<td title='com.lightbox.OptinLightboxTests.verify_optin_lb_for_silver_user()'><b>verify_optin_lb_for_silver_user</b><br>Test class: com.lightbox.OptinLightboxTests<br>Test method: Verify the Optin LightBox for Silver User</td>
<td></td>
<td>350</td>
<td>com.lightbox.OptinLightboxTests@13a5fe33</td></tr>
<tr>
<td title='com.lightbox.OptinLightboxTests.verify_optin_lb_for_social_user()'><b>verify_optin_lb_for_social_user</b><br>Test class: com.lightbox.OptinLightboxTests<br>Test method: Verify the Optin LightBox for Social User</td>
<td></td>
<td>149</td>
<td>com.lightbox.OptinLightboxTests@13a5fe33</td></tr>
<tr>
<td title='com.lightbox.HighRiskLightboxTests.verify_rapid_lb_for_rec_user()'><b>verify_rapid_lb_for_rec_user</b><br>Test class: com.lightbox.HighRiskLightboxTests<br>Test method: Verify the Rapid Search LightBox for Recognised User</td>
<td></td>
<td>251</td>
<td>com.lightbox.HighRiskLightboxTests@527740a2</td></tr>
<tr>
<td title='com.lightbox.SignInRegisterLightboxTests.verify_register_lb_for_unrec_user()'><b>verify_register_lb_for_unrec_user</b><br>Test class: com.lightbox.SignInRegisterLightboxTests<br>Test method: Verify the Register/Sign-In LightBox for UnRecognised user</td>
<td></td>
<td>266</td>
<td>com.lightbox.SignInRegisterLightboxTests@370736d9</td></tr>
<tr>
<td title='com.lightbox.SignInRegisterLightboxTests.verify_register_signin_lb_for_unrec_user_on_serp()'><b>verify_register_signin_lb_for_unrec_user_on_serp</b><br>Test class: com.lightbox.SignInRegisterLightboxTests<br>Test method: Verify the Register/Sign-In LightBox for UnRecognised user on SERP page</td>
<td></td>
<td>57</td>
<td>com.lightbox.SignInRegisterLightboxTests@370736d9</td></tr>
<tr>
<td title='com.search.SearchTests.verify_search_box_redirection()'><b>verify_search_box_redirection</b><br>Test class: com.search.SearchTests<br>Test method: Verify the Search Box redirection URL by altering in the Joomla admin</td>
<td></td>
<td>293</td>
<td>com.search.SearchTests@4e9ba398</td></tr>
<tr>
<td title='com.search.SearchTests.verify_serp_pagination_carousel_shopping()'><b>verify_serp_pagination_carousel_shopping</b><br>Test class: com.search.SearchTests<br>Test method: Verify the Serp page Pagination links, Shopping carousel and In-line shopping Ads</td>
<td></td>
<td>108</td>
<td>com.search.SearchTests@4e9ba398</td></tr>
<tr>
<td title='com.lightbox.SignInRegisterLightboxTests.verify_signin_lb_for_unrec_user()'><b>verify_signin_lb_for_unrec_user</b><br>Test class: com.lightbox.SignInRegisterLightboxTests<br>Test method: Verify the Register/Sign-In LightBox for UnRecognised user</td>
<td></td>
<td>210</td>
<td>com.lightbox.SignInRegisterLightboxTests@370736d9</td></tr>
<tr>
<td title='com.search.SearchTests.verify_tokens_for_consecutive_search_for_same_keyword()'><b>verify_tokens_for_consecutive_search_for_same_keyword</b><br>Test class: com.search.SearchTests<br>Test method: Verify the Token amount for consecutive search for the same keyword</td>
<td></td>
<td>208</td>
<td>com.search.SearchTests@4e9ba398</td></tr>
<tr>
<td title='com.lightbox.WelcomeLightBoxTests.verify_welcome_lb_for_mini_reg_user()'><b>verify_welcome_lb_for_mini_reg_user</b><br>Test class: com.lightbox.WelcomeLightBoxTests<br>Test method: Verify the Welcome LightBox for Mini Reg User</td>
<td></td>
<td>230</td>
<td>com.lightbox.WelcomeLightBoxTests@6d7b4f4c</td></tr>
<tr>
<td title='com.lightbox.WelcomeLightBoxTests.verify_welcome_lb_for_rec_user()'><b>verify_welcome_lb_for_rec_user</b><br>Test class: com.lightbox.WelcomeLightBoxTests<br>Test method: Verify the Welcome LightBox for Recognised User</td>
<td></td>
<td>285</td>
<td>com.lightbox.WelcomeLightBoxTests@6d7b4f4c</td></tr>
<tr>
<td title='com.lightbox.WelcomeLightBoxTests.verify_welcome_lb_for_silver_user()'><b>verify_welcome_lb_for_silver_user</b><br>Test class: com.lightbox.WelcomeLightBoxTests<br>Test method: Verify the Welcome LightBox for Silver User</td>
<td></td>
<td>255</td>
<td>com.lightbox.WelcomeLightBoxTests@6d7b4f4c</td></tr>
<tr>
<td title='com.lightbox.WelcomeLightBoxTests.verify_welcome_lb_for_social_user()'><b>verify_welcome_lb_for_social_user</b><br>Test class: com.lightbox.WelcomeLightBoxTests<br>Test method: Verify the Welcome LightBox for Social User</td>
<td></td>
<td>260</td>
<td>com.lightbox.WelcomeLightBoxTests@6d7b4f4c</td></tr>
</table><p>
</body>
</html>