<?xml version="1.0" encoding="UTF-8"?>
<!-- Generated by org.testng.reporters.JUnitXMLReporter -->
<testsuite hostname="VSANKAR2" failures="1" tests="8" name="Article page related scenarios" time="2375.093" errors="0" timestamp="19 Mar 2019 05:11:12 GMT">
  <testcase classname="com.miscellaneous.ArticleTests" name="verify_article_page" time="335.908">
    <failure type="java.lang.AssertionError" message="By.cssSelector: p.uninav__msg__desc NoSuchElementException NOT FOUND. TEST FAILED.">
      <![CDATA[java.lang.AssertionError: By.cssSelector: p.uninav__msg__desc NoSuchElementException NOT FOUND. TEST FAILED.
	at com.util.WrapperFunctions.waitForElement(WrapperFunctions.java:565)
	at com.util.WrapperFunctions.getAttribute(WrapperFunctions.java:1131)
	at com.pageobjects.HomePage.get_latest_activity_message(HomePage.java:679)
	at com.miscellaneous.ArticleTests.verify_article_page(ArticleTests.java:89)
	at java.base/java.util.concurrent.FutureTask.run(FutureTask.java:264)
	at java.base/java.util.concurrent.ThreadPoolExecutor.runWorker(ThreadPoolExecutor.java:1128)
	at java.base/java.util.concurrent.ThreadPoolExecutor$Worker.run(ThreadPoolExecutor.java:628)
	at java.base/java.lang.Thread.run(Thread.java:834)
... Removed 17 stack frames]]>
    </failure>
  </testcase> <!-- verify_article_page -->
  <testcase classname="com.miscellaneous.ArticleTests" name="verify_article_page_bottom_dfp_ad" time="165.69"/>
  <testcase classname="com.miscellaneous.ArticleTests" name="verify_article_page_teads_ad" time="278.072"/>
  <testcase classname="com.miscellaneous.ArticleTests" name="verify_story_details_on_story_log_for_full_reg" time="324.25"/>
  <testcase classname="com.miscellaneous.ArticleTests" name="verify_story_details_on_story_log_for_mini_reg" time="321.851"/>
  <testcase classname="com.miscellaneous.ArticleTests" name="verify_story_details_on_story_log_for_silver_user" time="278.239"/>
  <testcase classname="com.miscellaneous.ArticleTests" name="verify_story_details_on_story_log_for_social_user" time="350.772"/>
  <testcase classname="com.miscellaneous.ArticleTests" name="verify_ads_on_article_page" time="148.81"/>
</testsuite> <!-- Article page related scenarios -->
