<?xml version="1.0" encoding="UTF-8"?>
<!-- Generated by org.testng.reporters.JUnitXMLReporter -->
<testsuite hostname="VSANKAR2" failures="5" tests="7" name="Miscellaneous related scenarios" time="1192.704" errors="0" timestamp="19 Mar 2019 04:51:29 GMT">
  <testcase classname="com.miscellaneous.EcParameterTests" name="verify_entry_message_on_latest_activity_tab" time="102.163">
    <failure type="java.lang.AssertionError" message="expected [true] but found [false]">
      <![CDATA[java.lang.AssertionError: expected [true] but found [false]
	at com.util.WrapperFunctions.assertTrue(WrapperFunctions.java:1708)
	at com.miscellaneous.EcParameterTests.verify_entry_message_on_latest_activity_tab(EcParameterTests.java:34)
	at java.base/java.util.concurrent.FutureTask.run(FutureTask.java:264)
	at java.base/java.util.concurrent.ThreadPoolExecutor.runWorker(ThreadPoolExecutor.java:1128)
	at java.base/java.util.concurrent.ThreadPoolExecutor$Worker.run(ThreadPoolExecutor.java:628)
	at java.base/java.lang.Thread.run(Thread.java:834)
... Removed 20 stack frames]]>
    </failure>
  </testcase> <!-- verify_entry_message_on_latest_activity_tab -->
  <testcase classname="com.miscellaneous.ScratchPathTests" name="verify_bonus_game_bar" time="218.252">
    <failure type="java.lang.AssertionError" message="expected [true] but found [false]">
      <![CDATA[java.lang.AssertionError: expected [true] but found [false]
	at com.util.WrapperFunctions.assertTrue(WrapperFunctions.java:1708)
	at com.miscellaneous.ScratchPathTests.verify_bonus_game_bar(ScratchPathTests.java:63)
	at java.base/java.util.concurrent.FutureTask.run(FutureTask.java:264)
	at java.base/java.util.concurrent.ThreadPoolExecutor.runWorker(ThreadPoolExecutor.java:1128)
	at java.base/java.util.concurrent.ThreadPoolExecutor$Worker.run(ThreadPoolExecutor.java:628)
	at java.base/java.lang.Thread.run(Thread.java:834)
... Removed 20 stack frames]]>
    </failure>
  </testcase> <!-- verify_bonus_game_bar -->
  <testcase classname="com.miscellaneous.ErrorHandlingTests" name="verify_error_msg_cache_content_on_pages" time="331.831">
    <failure type="java.lang.AssertionError" message="By.id: art_state LISTBOX NOT FOUND. TEST FAILED.">
      <![CDATA[java.lang.AssertionError: By.id: art_state LISTBOX NOT FOUND. TEST FAILED.
	at com.util.WrapperFunctions.selectByVisibleText(WrapperFunctions.java:822)
	at com.pageobjects.JoomlaConfigPage.publish_article(JoomlaConfigPage.java:162)
	at com.miscellaneous.ErrorHandlingTests.verify_error_msg_cache_content_on_pages(ErrorHandlingTests.java:249)
	at java.base/java.util.concurrent.FutureTask.run(FutureTask.java:264)
	at java.base/java.util.concurrent.ThreadPoolExecutor.runWorker(ThreadPoolExecutor.java:1128)
	at java.base/java.util.concurrent.ThreadPoolExecutor$Worker.run(ThreadPoolExecutor.java:628)
	at java.base/java.lang.Thread.run(Thread.java:834)
... Removed 17 stack frames]]>
    </failure>
  </testcase> <!-- verify_error_msg_cache_content_on_pages -->
  <testcase classname="com.miscellaneous.ErrorHandlingTests" name="verify_error_msg_on_fpcontent_down" time="156.719">
    <failure type="java.lang.AssertionError" message="expected [true] but found [false]">
      <![CDATA[java.lang.AssertionError: expected [true] but found [false]
	at com.util.WrapperFunctions.assertTrue(WrapperFunctions.java:1708)
	at com.miscellaneous.ErrorHandlingTests.verify_error_msg_on_fpcontent_down(ErrorHandlingTests.java:81)
	at java.base/java.util.concurrent.FutureTask.run(FutureTask.java:264)
	at java.base/java.util.concurrent.ThreadPoolExecutor.runWorker(ThreadPoolExecutor.java:1128)
	at java.base/java.util.concurrent.ThreadPoolExecutor$Worker.run(ThreadPoolExecutor.java:628)
	at java.base/java.lang.Thread.run(Thread.java:834)
... Removed 20 stack frames]]>
    </failure>
  </testcase> <!-- verify_error_msg_on_fpcontent_down -->
  <testcase classname="com.miscellaneous.EcParameterTests" name="verify_promotion_campaign_email" time="122.449">
    <failure type="java.lang.AssertionError" message="expected [true] but found [false]">
      <![CDATA[java.lang.AssertionError: expected [true] but found [false]
	at com.util.WrapperFunctions.assertTrue(WrapperFunctions.java:1708)
	at com.miscellaneous.EcParameterTests.verify_promotion_campaign_email(EcParameterTests.java:74)
	at java.base/java.util.concurrent.FutureTask.run(FutureTask.java:264)
	at java.base/java.util.concurrent.ThreadPoolExecutor.runWorker(ThreadPoolExecutor.java:1128)
	at java.base/java.util.concurrent.ThreadPoolExecutor$Worker.run(ThreadPoolExecutor.java:628)
	at java.base/java.lang.Thread.run(Thread.java:834)
... Removed 20 stack frames]]>
    </failure>
  </testcase> <!-- verify_promotion_campaign_email -->
  <testcase classname="com.miscellaneous.OurPicksTests" name="verify_ads_on_homepage" time="78.582"/>
  <testcase classname="com.miscellaneous.ScratchPathTests" name="play_scratch_path_games" time="0.0">
    <skipped/>
  </testcase> <!-- play_scratch_path_games -->
</testsuite> <!-- Miscellaneous related scenarios -->
