<html>
<head>
<title>TestNG:  Token Awarding and CategoryMenus related scenarios</title>
<link href="../testng.css" rel="stylesheet" type="text/css" />
<link href="../my-testng.css" rel="stylesheet" type="text/css" />

<style type="text/css">
.log { display: none;} 
.stack-trace { display: none;} 
</style>
<script type="text/javascript">
<!--
function flip(e) {
  current = e.style.display;
  if (current == 'block') {
    e.style.display = 'none';
    return 0;
  }
  else {
    e.style.display = 'block';
    return 1;
  }
}

function toggleBox(szDivId, elem, msg1, msg2)
{
  var res = -1;  if (document.getElementById) {
    res = flip(document.getElementById(szDivId));
  }
  else if (document.all) {
    // this is the way old msie versions work
    res = flip(document.all[szDivId]);
  }
  if(elem) {
    if(res == 0) elem.innerHTML = msg1; else elem.innerHTML = msg2;
  }

}

function toggleAllBoxes() {
  if (document.getElementsByTagName) {
    d = document.getElementsByTagName('div');
    for (i = 0; i < d.length; i++) {
      if (d[i].className == 'log') {
        flip(d[i]);
      }
    }
  }
}

// -->
</script>

</head>
<body>
<h2 align='center'>Token Awarding and CategoryMenus related scenarios</h2><table border='1' align="center">
<tr>
<td>Tests passed/Failed/Skipped:</td><td>7/3/0</td>
</tr><tr>
<td>Started on:</td><td>Tue Mar 19 10:01:37 IST 2019</td>
</tr>
<tr><td>Total time:</td><td>1713 seconds (1713258 ms)</td>
</tr><tr>
<td>Included groups:</td><td></td>
</tr><tr>
<td>Excluded groups:</td><td></td>
</tr>
</table><p/>
<small><i>(Hover the method name to see the test class name)</i></small><p/>
<table width='100%' border='1' class='invocation-failed'>
<tr><td colspan='4' align='center'><b>FAILED TESTS</b></td></tr>
<tr><td><b>Test method</b></td>
<td width="30%"><b>Exception</b></td>
<td width="10%"><b>Time (seconds)</b></td>
<td><b>Instance</b></td>
</tr>
<tr>
<td title='com.awardtokens.BirthdayTests.birthday_tokens()'><b>birthday_tokens</b><br>Test class: com.awardtokens.BirthdayTests<br>Test method: Verify the Birthday token scenarios</td>
<td><div><pre>java.lang.AssertionError: expected [1] but found [0]
	at com.util.WrapperFunctions.assertEqualsInt(WrapperFunctions.java:1632)
	at com.awardtokens.BirthdayTests.birthday_tokens(BirthdayTests.java:64)
	at java.base/java.util.concurrent.FutureTask.run(FutureTask.java:264)
	at java.base/java.util.concurrent.ThreadPoolExecutor.runWorker(ThreadPoolExecutor.java:1128)
	at java.base/java.util.concurrent.ThreadPoolExecutor$Worker.run(ThreadPoolExecutor.java:628)
	at java.base/java.lang.Thread.run(Thread.java:834)
... Removed 22 stack frames</pre></div><a href='#' onClick='toggleBox("stack-trace394037392", this, "Click to show all stack frames", "Click to hide stack frames")'>Click to show all stack frames</a>
<div class='stack-trace' id='stack-trace394037392'><pre>java.lang.AssertionError: expected [1] but found [0]
	at org.testng.Assert.fail(Assert.java:94)
	at org.testng.Assert.failNotEquals(Assert.java:513)
	at org.testng.Assert.assertEqualsImpl(Assert.java:135)
	at org.testng.Assert.assertEquals(Assert.java:116)
	at org.testng.Assert.assertEquals(Assert.java:389)
	at org.testng.Assert.assertEquals(Assert.java:399)
	at com.util.WrapperFunctions.assertEqualsInt(WrapperFunctions.java:1632)
	at com.awardtokens.BirthdayTests.birthday_tokens(BirthdayTests.java:64)
	at java.base/jdk.internal.reflect.NativeMethodAccessorImpl.invoke0(Native Method)
	at java.base/jdk.internal.reflect.NativeMethodAccessorImpl.invoke(NativeMethodAccessorImpl.java:62)
	at java.base/jdk.internal.reflect.DelegatingMethodAccessorImpl.invoke(DelegatingMethodAccessorImpl.java:43)
	at java.base/java.lang.reflect.Method.invoke(Method.java:566)
	at org.testng.internal.MethodInvocationHelper.invokeMethod(MethodInvocationHelper.java:86)
	at org.testng.internal.Invoker.invokeMethod(Invoker.java:643)
	at org.testng.internal.Invoker.invokeTestMethod(Invoker.java:820)
	at org.testng.internal.Invoker.invokeTestMethods(Invoker.java:1128)
	at org.testng.internal.TestMethodWorker.invokeTestMethods(TestMethodWorker.java:129)
	at org.testng.internal.TestMethodWorker.run(TestMethodWorker.java:112)
	at org.testng.TestRunner.privateRun(TestRunner.java:782)
	at org.testng.TestRunner.run(TestRunner.java:632)
	at org.testng.SuiteRunner.runTest(SuiteRunner.java:366)
	at org.testng.SuiteRunner.access$000(SuiteRunner.java:39)
	at org.testng.SuiteRunner$SuiteWorker.run(SuiteRunner.java:400)
	at org.testng.internal.thread.ThreadUtil$2.call(ThreadUtil.java:64)
	at java.base/java.util.concurrent.FutureTask.run(FutureTask.java:264)
	at java.base/java.util.concurrent.ThreadPoolExecutor.runWorker(ThreadPoolExecutor.java:1128)
	at java.base/java.util.concurrent.ThreadPoolExecutor$Worker.run(ThreadPoolExecutor.java:628)
	at java.base/java.lang.Thread.run(Thread.java:834)
</pre></div></td>
<td>225</td>
<td>com.awardtokens.BirthdayTests@20c5d0bb</td></tr>
<tr>
<td title='com.awardtokens.TokenQueueTests.verify_credit_token_queue()'><b>verify_credit_token_queue</b><br>Test class: com.awardtokens.TokenQueueTests<br>Test method: Verify Token credit queue record by making Invalid API url on admin</td>
<td><div><pre>java.lang.AssertionError: expected [FRONTPAGE] but found [PCHREWARDS]
	at com.util.WrapperFunctions.assertEquals(WrapperFunctions.java:1580)
	at com.awardtokens.TokenQueueTests.verify_credit_token_queue(TokenQueueTests.java:65)
	at java.base/java.util.concurrent.FutureTask.run(FutureTask.java:264)
	at java.base/java.util.concurrent.ThreadPoolExecutor.runWorker(ThreadPoolExecutor.java:1128)
	at java.base/java.util.concurrent.ThreadPoolExecutor$Worker.run(ThreadPoolExecutor.java:628)
	at java.base/java.lang.Thread.run(Thread.java:834)
... Removed 22 stack frames</pre></div><a href='#' onClick='toggleBox("stack-trace1099886257", this, "Click to show all stack frames", "Click to hide stack frames")'>Click to show all stack frames</a>
<div class='stack-trace' id='stack-trace1099886257'><pre>java.lang.AssertionError: expected [FRONTPAGE] but found [PCHREWARDS]
	at org.testng.Assert.fail(Assert.java:94)
	at org.testng.Assert.failNotEquals(Assert.java:513)
	at org.testng.Assert.assertEqualsImpl(Assert.java:135)
	at org.testng.Assert.assertEquals(Assert.java:116)
	at org.testng.Assert.assertEquals(Assert.java:190)
	at org.testng.Assert.assertEquals(Assert.java:200)
	at com.util.WrapperFunctions.assertEquals(WrapperFunctions.java:1580)
	at com.awardtokens.TokenQueueTests.verify_credit_token_queue(TokenQueueTests.java:65)
	at java.base/jdk.internal.reflect.NativeMethodAccessorImpl.invoke0(Native Method)
	at java.base/jdk.internal.reflect.NativeMethodAccessorImpl.invoke(NativeMethodAccessorImpl.java:62)
	at java.base/jdk.internal.reflect.DelegatingMethodAccessorImpl.invoke(DelegatingMethodAccessorImpl.java:43)
	at java.base/java.lang.reflect.Method.invoke(Method.java:566)
	at org.testng.internal.MethodInvocationHelper.invokeMethod(MethodInvocationHelper.java:86)
	at org.testng.internal.Invoker.invokeMethod(Invoker.java:643)
	at org.testng.internal.Invoker.invokeTestMethod(Invoker.java:820)
	at org.testng.internal.Invoker.invokeTestMethods(Invoker.java:1128)
	at org.testng.internal.TestMethodWorker.invokeTestMethods(TestMethodWorker.java:129)
	at org.testng.internal.TestMethodWorker.run(TestMethodWorker.java:112)
	at org.testng.TestRunner.privateRun(TestRunner.java:782)
	at org.testng.TestRunner.run(TestRunner.java:632)
	at org.testng.SuiteRunner.runTest(SuiteRunner.java:366)
	at org.testng.SuiteRunner.access$000(SuiteRunner.java:39)
	at org.testng.SuiteRunner$SuiteWorker.run(SuiteRunner.java:400)
	at org.testng.internal.thread.ThreadUtil$2.call(ThreadUtil.java:64)
	at java.base/java.util.concurrent.FutureTask.run(FutureTask.java:264)
	at java.base/java.util.concurrent.ThreadPoolExecutor.runWorker(ThreadPoolExecutor.java:1128)
	at java.base/java.util.concurrent.ThreadPoolExecutor$Worker.run(ThreadPoolExecutor.java:628)
	at java.base/java.lang.Thread.run(Thread.java:834)
</pre></div></td>
<td>195</td>
<td>com.awardtokens.TokenQueueTests@704eb791</td></tr>
<tr>
<td title='com.awardtokens.SegIdTokens.verify_tokens_seg_id()'><b>verify_tokens_seg_id</b><br>Test class: com.awardtokens.SegIdTokens<br>Test method: Verify the token scenario for Seg Id user</td>
<td><div><pre>java.lang.AssertionError: expected [1] but found [0]
	at com.util.WrapperFunctions.assertEqualsInt(WrapperFunctions.java:1632)
	at com.awardtokens.SegIdTokens.verify_tokens_seg_id(SegIdTokens.java:73)
	at java.base/java.util.concurrent.FutureTask.run(FutureTask.java:264)
	at java.base/java.util.concurrent.ThreadPoolExecutor.runWorker(ThreadPoolExecutor.java:1128)
	at java.base/java.util.concurrent.ThreadPoolExecutor$Worker.run(ThreadPoolExecutor.java:628)
	at java.base/java.lang.Thread.run(Thread.java:834)
... Removed 22 stack frames</pre></div><a href='#' onClick='toggleBox("stack-trace287770090", this, "Click to show all stack frames", "Click to hide stack frames")'>Click to show all stack frames</a>
<div class='stack-trace' id='stack-trace287770090'><pre>java.lang.AssertionError: expected [1] but found [0]
	at org.testng.Assert.fail(Assert.java:94)
	at org.testng.Assert.failNotEquals(Assert.java:513)
	at org.testng.Assert.assertEqualsImpl(Assert.java:135)
	at org.testng.Assert.assertEquals(Assert.java:116)
	at org.testng.Assert.assertEquals(Assert.java:389)
	at org.testng.Assert.assertEquals(Assert.java:399)
	at com.util.WrapperFunctions.assertEqualsInt(WrapperFunctions.java:1632)
	at com.awardtokens.SegIdTokens.verify_tokens_seg_id(SegIdTokens.java:73)
	at java.base/jdk.internal.reflect.NativeMethodAccessorImpl.invoke0(Native Method)
	at java.base/jdk.internal.reflect.NativeMethodAccessorImpl.invoke(NativeMethodAccessorImpl.java:62)
	at java.base/jdk.internal.reflect.DelegatingMethodAccessorImpl.invoke(DelegatingMethodAccessorImpl.java:43)
	at java.base/java.lang.reflect.Method.invoke(Method.java:566)
	at org.testng.internal.MethodInvocationHelper.invokeMethod(MethodInvocationHelper.java:86)
	at org.testng.internal.Invoker.invokeMethod(Invoker.java:643)
	at org.testng.internal.Invoker.invokeTestMethod(Invoker.java:820)
	at org.testng.internal.Invoker.invokeTestMethods(Invoker.java:1128)
	at org.testng.internal.TestMethodWorker.invokeTestMethods(TestMethodWorker.java:129)
	at org.testng.internal.TestMethodWorker.run(TestMethodWorker.java:112)
	at org.testng.TestRunner.privateRun(TestRunner.java:782)
	at org.testng.TestRunner.run(TestRunner.java:632)
	at org.testng.SuiteRunner.runTest(SuiteRunner.java:366)
	at org.testng.SuiteRunner.access$000(SuiteRunner.java:39)
	at org.testng.SuiteRunner$SuiteWorker.run(SuiteRunner.java:400)
	at org.testng.internal.thread.ThreadUtil$2.call(ThreadUtil.java:64)
	at java.base/java.util.concurrent.FutureTask.run(FutureTask.java:264)
	at java.base/java.util.concurrent.ThreadPoolExecutor.runWorker(ThreadPoolExecutor.java:1128)
	at java.base/java.util.concurrent.ThreadPoolExecutor$Worker.run(ThreadPoolExecutor.java:628)
	at java.base/java.lang.Thread.run(Thread.java:834)
</pre></div></td>
<td>136</td>
<td>com.awardtokens.SegIdTokens@14650de5</td></tr>
</table><p>
<table width='100%' border='1' class='invocation-passed'>
<tr><td colspan='4' align='center'><b>PASSED TESTS</b></td></tr>
<tr><td><b>Test method</b></td>
<td width="30%"><b>Exception</b></td>
<td width="10%"><b>Time (seconds)</b></td>
<td><b>Instance</b></td>
</tr>
<tr>
<td title='com.miscellaneous.CategoryMenuTests.verfiy_newly_added_sub_category()'><b>verfiy_newly_added_sub_category</b><br>Test class: com.miscellaneous.CategoryMenuTests<br>Test method: Verify the newly added sub Category listed on the Category page</td>
<td></td>
<td>104</td>
<td>com.miscellaneous.CategoryMenuTests@90b2a01</td></tr>
<tr>
<td title='com.miscellaneous.CategoryMenuTests.verify_ads_on_category_page()'><b>verify_ads_on_category_page</b><br>Test class: com.miscellaneous.CategoryMenuTests<br>Test method: Verify display of Category Page Ad's</td>
<td></td>
<td>161</td>
<td>com.miscellaneous.CategoryMenuTests@90b2a01</td></tr>
<tr>
<td title='com.miscellaneous.SubCategoryMenuTests.verify_ads_on_sub_category_page()'><b>verify_ads_on_sub_category_page</b><br>Test class: com.miscellaneous.SubCategoryMenuTests<br>Test method: Verify display of Sub Category Page Ad's</td>
<td></td>
<td>154</td>
<td>com.miscellaneous.SubCategoryMenuTests@3475d9b8</td></tr>
<tr>
<td title='com.miscellaneous.SubCategoryMenuTests.verify_native_ad_positioning()'><b>verify_native_ad_positioning</b><br>Test class: com.miscellaneous.SubCategoryMenuTests<br>Test method: Verify the Native Ad's are displayed in Sub Category page as per Admin configurations.</td>
<td></td>
<td>127</td>
<td>com.miscellaneous.SubCategoryMenuTests@3475d9b8</td></tr>
<tr>
<td title='com.miscellaneous.CategoryMenuTests.verify_native_gpt_ad_positioning()'><b>verify_native_gpt_ad_positioning</b><br>Test class: com.miscellaneous.CategoryMenuTests<br>Test method: Verify the GPT Ad's are displayed in Category page as per Admin configurations.</td>
<td></td>
<td>107</td>
<td>com.miscellaneous.CategoryMenuTests@90b2a01</td></tr>
<tr>
<td title='com.miscellaneous.SubCategoryMenuTests.verify_page_articles_count()'><b>verify_page_articles_count</b><br>Test class: com.miscellaneous.SubCategoryMenuTests<br>Test method: Verify the Sub Category page scenarios</td>
<td></td>
<td>236</td>
<td>com.miscellaneous.SubCategoryMenuTests@3475d9b8</td></tr>
<tr>
<td title='com.miscellaneous.CategoryMenuTests.verify_top_story_native_ad()'><b>verify_top_story_native_ad</b><br>Test class: com.miscellaneous.CategoryMenuTests<br>Test method: Verify the Native Ad's are displayed in Category page as per Admin configurations.</td>
<td></td>
<td>109</td>
<td>com.miscellaneous.CategoryMenuTests@90b2a01</td></tr>
</table><p>
</body>
</html>