{"name":"verify the info pages","id":"stories/fp/miscellaneous/Homepage.story;verify the info pages","testSteps":[{"number":1,"description":"Go to FP application","duration":14871,"startTime":"2019-08-20T22:34:08.206+05:30[Asia/Calcutta]","result":"SUCCESS","precondition":false,"level":0,"children":[{"number":2,"description":"Maximize window","duration":10,"startTime":"2019-08-20T22:34:23.067+05:30[Asia/Calcutta]","result":"SUCCESS","precondition":false,"level":1}]},{"number":3,"description":"Given Register a user with the Optins","duration":0,"startTime":"2019-08-20T22:34:23.077+05:30[Asia/Calcutta]","precondition":false,"level":0,"children":[{"number":4,"description":"Register user with optins","duration":31964,"startTime":"2019-08-20T22:34:23.094+05:30[Asia/Calcutta]","screenshots":[{"screenshot":"1aa0fbc5a6cc6ca79b9ddd69a478bc2db90e54f4a73e5fd30fdb298d63a166c9.png","htmlSource":"pagesource13081513268261865044.html.txt","timeStamp":1566320695057}],"exception":{"errorType":"net.thucydides.core.webdriver.exceptions.ElementShouldBeEnabledException","message":"Expected enabled element was not enabled","stackTrace":[{"classLoaderName":"app","declaringClass":"com.pch.automation.pages.RegistrationPage","methodName":"registerUserWithOptins","fileName":"RegistrationPage.java","lineNumber":79,"format":1},{"classLoaderName":"app","declaringClass":"com.pch.automation.steps.RegistrationSteps","methodName":"registerUserWithOptins","fileName":"RegistrationSteps.java","lineNumber":25,"format":1},{"classLoaderName":"app","declaringClass":"com.pch.automation.stepdefinitions.RegistrationScenarioSteps","methodName":"registerUserWithOptins","fileName":"RegistrationScenarioSteps.java","lineNumber":33,"format":1}],"rootCause":{"errorType":"org.openqa.selenium.TimeoutException","message":"Expected condition failed: waiting for By.name: password to be enabled (tried for 25 second(s) with 100 milliseconds interval)","stackTrace":[{"classLoaderName":"app","declaringClass":"com.pch.automation.pages.RegistrationPage","methodName":"registerUserWithOptins","fileName":"RegistrationPage.java","lineNumber":79,"format":1},{"classLoaderName":"app","declaringClass":"com.pch.automation.steps.RegistrationSteps","methodName":"registerUserWithOptins","fileName":"RegistrationSteps.java","lineNumber":25,"format":1},{"classLoaderName":"app","declaringClass":"com.pch.automation.stepdefinitions.RegistrationScenarioSteps","methodName":"registerUserWithOptins","fileName":"RegistrationScenarioSteps.java","lineNumber":33,"format":1}],"rootCause":{"errorType":"org.openqa.selenium.NoSuchElementException","message":"no such element: Unable to locate element: {\"method\":\"css selector\",\"selector\":\"*[name\u003d\u0027password\u0027]\"}\n  (Session info: chrome\u003d76.0.3809.100)\nFor documentation on this error, please visit: https://www.seleniumhq.org/exceptions/no_such_element.html\nBuild info: version: \u00273.141.59\u0027, revision: \u0027e82be7d358\u0027, time: \u00272018-11-14T08:17:03\u0027\nSystem info: host: \u0027VSANKAR2\u0027, ip: \u002710.37.0.15\u0027, os.name: \u0027Windows 7\u0027, os.arch: \u0027amd64\u0027, os.version: \u00276.1\u0027, java.version: \u002711.0.2\u0027\nDriver info: org.openqa.selenium.chrome.ChromeDriver\nCapabilities {acceptInsecureCerts: false, browserName: chrome, browserVersion: 76.0.3809.100, chrome: {chromedriverVersion: 76.0.3809.68 (420c9498db8ce..., userDataDir: C:\\Users\\vsankar\\AppData\\Lo...}, goog:chromeOptions: {debuggerAddress: localhost:59080}, javascriptEnabled: true, networkConnectionEnabled: false, pageLoadStrategy: normal, platform: XP, platformName: XP, proxy: Proxy(), setWindowRect: true, strictFileInteractability: false, timeouts: {implicit: 0, pageLoad: 300000, script: 30000}, unhandledPromptBehavior: accept}\nSession ID: 21d5691ee86129d712bc98d0e95a330e\n*** Element info: {Using\u003dname, value\u003dpassword}","stackTrace":[{"classLoaderName":"app","declaringClass":"com.pch.automation.pages.RegistrationPage","methodName":"registerUserWithOptins","fileName":"RegistrationPage.java","lineNumber":79,"format":1},{"classLoaderName":"app","declaringClass":"com.pch.automation.steps.RegistrationSteps","methodName":"registerUserWithOptins","fileName":"RegistrationSteps.java","lineNumber":25,"format":1},{"classLoaderName":"app","declaringClass":"com.pch.automation.stepdefinitions.RegistrationScenarioSteps","methodName":"registerUserWithOptins","fileName":"RegistrationScenarioSteps.java","lineNumber":33,"format":1}]}}},"result":"FAILURE","precondition":false,"level":1},{"number":5,"description":"Then Verify the infopages","duration":0,"startTime":"2019-08-20T22:34:55.059+05:30[Asia/Calcutta]","result":"SKIPPED","precondition":false,"level":1}]}],"userStory":{"id":"Homepage","storyName":"Homepage","path":"fp/miscellaneous/Homepage.story","narrative":"In order to verify the homepage section\nAs a user\nI want to Login to Frontpage site\r\n\r\nMeta:\r\n@TestingType Regression","type":"story"},"featureTag":{"name":"Miscellaneous/Homepage","type":"story","displayName":"Miscellaneous/Homepage"},"title":"verify the info pages","tags":[{"name":"Fp","type":"capability","displayName":"Fp"},{"name":"Miscellaneous/Homepage","type":"story","displayName":"Homepage"},{"name":"Fp/Miscellaneous","type":"feature","displayName":"Miscellaneous"}],"startTime":"2019-08-20T22:34:08.167+05:30[Asia/Calcutta]","duration":46893,"testFailureCause":{"errorType":"net.thucydides.core.webdriver.exceptions.ElementShouldBeEnabledException","message":"Expected enabled element was not enabled","stackTrace":[{"classLoaderName":"app","declaringClass":"com.pch.automation.pages.RegistrationPage","methodName":"registerUserWithOptins","fileName":"RegistrationPage.java","lineNumber":79,"format":1},{"classLoaderName":"app","declaringClass":"com.pch.automation.steps.RegistrationSteps","methodName":"registerUserWithOptins","fileName":"RegistrationSteps.java","lineNumber":25,"format":1},{"classLoaderName":"app","declaringClass":"com.pch.automation.stepdefinitions.RegistrationScenarioSteps","methodName":"registerUserWithOptins","fileName":"RegistrationScenarioSteps.java","lineNumber":33,"format":1}],"rootCause":{"errorType":"org.openqa.selenium.TimeoutException","message":"Expected condition failed: waiting for By.name: password to be enabled (tried for 25 second(s) with 100 milliseconds interval)","stackTrace":[{"classLoaderName":"app","declaringClass":"com.pch.automation.pages.RegistrationPage","methodName":"registerUserWithOptins","fileName":"RegistrationPage.java","lineNumber":79,"format":1},{"classLoaderName":"app","declaringClass":"com.pch.automation.steps.RegistrationSteps","methodName":"registerUserWithOptins","fileName":"RegistrationSteps.java","lineNumber":25,"format":1},{"classLoaderName":"app","declaringClass":"com.pch.automation.stepdefinitions.RegistrationScenarioSteps","methodName":"registerUserWithOptins","fileName":"RegistrationScenarioSteps.java","lineNumber":33,"format":1}],"rootCause":{"errorType":"org.openqa.selenium.NoSuchElementException","message":"no such element: Unable to locate element: {\"method\":\"css selector\",\"selector\":\"*[name\u003d\u0027password\u0027]\"}\n  (Session info: chrome\u003d76.0.3809.100)\nFor documentation on this error, please visit: https://www.seleniumhq.org/exceptions/no_such_element.html\nBuild info: version: \u00273.141.59\u0027, revision: \u0027e82be7d358\u0027, time: \u00272018-11-14T08:17:03\u0027\nSystem info: host: \u0027VSANKAR2\u0027, ip: \u002710.37.0.15\u0027, os.name: \u0027Windows 7\u0027, os.arch: \u0027amd64\u0027, os.version: \u00276.1\u0027, java.version: \u002711.0.2\u0027\nDriver info: org.openqa.selenium.chrome.ChromeDriver\nCapabilities {acceptInsecureCerts: false, browserName: chrome, browserVersion: 76.0.3809.100, chrome: {chromedriverVersion: 76.0.3809.68 (420c9498db8ce..., userDataDir: C:\\Users\\vsankar\\AppData\\Lo...}, goog:chromeOptions: {debuggerAddress: localhost:59080}, javascriptEnabled: true, networkConnectionEnabled: false, pageLoadStrategy: normal, platform: XP, platformName: XP, proxy: Proxy(), setWindowRect: true, strictFileInteractability: false, timeouts: {implicit: 0, pageLoad: 300000, script: 30000}, unhandledPromptBehavior: accept}\nSession ID: 21d5691ee86129d712bc98d0e95a330e\n*** Element info: {Using\u003dname, value\u003dpassword}","stackTrace":[{"classLoaderName":"app","declaringClass":"com.pch.automation.pages.RegistrationPage","methodName":"registerUserWithOptins","fileName":"RegistrationPage.java","lineNumber":79,"format":1},{"classLoaderName":"app","declaringClass":"com.pch.automation.steps.RegistrationSteps","methodName":"registerUserWithOptins","fileName":"RegistrationSteps.java","lineNumber":25,"format":1},{"classLoaderName":"app","declaringClass":"com.pch.automation.stepdefinitions.RegistrationScenarioSteps","methodName":"registerUserWithOptins","fileName":"RegistrationScenarioSteps.java","lineNumber":33,"format":1}]}}},"testFailureClassname":"net.thucydides.core.webdriver.exceptions.ElementShouldBeEnabledException","testFailureMessage":"Expected enabled element was not enabled","testFailureSummary":"FAILURE;net.thucydides.core.webdriver.exceptions.ElementShouldBeEnabledException;Expected enabled element was not enabled;RegistrationPage.java","projectKey":"","annotatedResult":"FAILURE","sessionId":"21d5691ee86129d712bc98d0e95a330e","driver":"chrome","manual":false,"testSource":"JBehave","result":"FAILURE"}