{"name":"Create the full reg user and verify the rewards update","id":"stories/fp/uninav/RewardsUpdate.story;Create the full reg user and verify the rewards update","testSteps":[{"number":1,"description":"Go to FP application","duration":35082,"startTime":"2019-08-21T00:37:39.866+05:30[Asia/Calcutta]","result":"SUCCESS","precondition":false,"level":0,"children":[{"number":2,"description":"Maximize window","duration":225,"startTime":"2019-08-21T00:38:14.722+05:30[Asia/Calcutta]","result":"SUCCESS","precondition":false,"level":1}]},{"number":3,"description":"Given Register a user with the Optins","duration":0,"startTime":"2019-08-21T00:38:14.948+05:30[Asia/Calcutta]","precondition":false,"level":0,"children":[{"number":4,"description":"Register user with optins","duration":36745,"startTime":"2019-08-21T00:38:14.970+05:30[Asia/Calcutta]","screenshots":[{"screenshot":"abb5fea6e09b40ac9f8273ff470c4c207832588a1fe14fc625e4a6b7be924981.png","htmlSource":"pagesource9682942612584312575.html.txt","timeStamp":1566328131714}],"exception":{"errorType":"net.thucydides.core.webdriver.exceptions.ElementShouldBeEnabledException","message":"Expected enabled element was not enabled","stackTrace":[{"classLoaderName":"app","declaringClass":"com.pch.automation.pages.RegistrationPage","methodName":"registerUserWithOptins","fileName":"RegistrationPage.java","lineNumber":79,"format":1},{"classLoaderName":"app","declaringClass":"com.pch.automation.steps.RegistrationSteps","methodName":"registerUserWithOptins","fileName":"RegistrationSteps.java","lineNumber":25,"format":1},{"classLoaderName":"app","declaringClass":"com.pch.automation.stepdefinitions.RegistrationScenarioSteps","methodName":"registerUserWithOptins","fileName":"RegistrationScenarioSteps.java","lineNumber":33,"format":1}],"rootCause":{"errorType":"org.openqa.selenium.TimeoutException","message":"Expected condition failed: waiting for By.name: password to be enabled (tried for 25 second(s) with 100 milliseconds interval)","stackTrace":[{"classLoaderName":"app","declaringClass":"com.pch.automation.pages.RegistrationPage","methodName":"registerUserWithOptins","fileName":"RegistrationPage.java","lineNumber":79,"format":1},{"classLoaderName":"app","declaringClass":"com.pch.automation.steps.RegistrationSteps","methodName":"registerUserWithOptins","fileName":"RegistrationSteps.java","lineNumber":25,"format":1},{"classLoaderName":"app","declaringClass":"com.pch.automation.stepdefinitions.RegistrationScenarioSteps","methodName":"registerUserWithOptins","fileName":"RegistrationScenarioSteps.java","lineNumber":33,"format":1}],"rootCause":{"errorType":"org.openqa.selenium.NoSuchElementException","message":"no such element: Unable to locate element: {\"method\":\"css selector\",\"selector\":\"*[name\u003d\u0027password\u0027]\"}\n  (Session info: chrome\u003d76.0.3809.100)\nFor documentation on this error, please visit: https://www.seleniumhq.org/exceptions/no_such_element.html\nBuild info: version: \u00273.141.59\u0027, revision: \u0027e82be7d358\u0027, time: \u00272018-11-14T08:17:03\u0027\nSystem info: host: \u0027VSANKAR2\u0027, ip: \u002710.37.0.15\u0027, os.name: \u0027Windows 7\u0027, os.arch: \u0027amd64\u0027, os.version: \u00276.1\u0027, java.version: \u002711.0.2\u0027\nDriver info: org.openqa.selenium.chrome.ChromeDriver\nCapabilities {acceptInsecureCerts: false, browserName: chrome, browserVersion: 76.0.3809.100, chrome: {chromedriverVersion: 76.0.3809.68 (420c9498db8ce..., userDataDir: C:\\Users\\vsankar\\AppData\\Lo...}, goog:chromeOptions: {debuggerAddress: localhost:54959}, javascriptEnabled: true, networkConnectionEnabled: false, pageLoadStrategy: normal, platform: XP, platformName: XP, proxy: Proxy(), setWindowRect: true, strictFileInteractability: false, timeouts: {implicit: 0, pageLoad: 300000, script: 30000}, unhandledPromptBehavior: accept}\nSession ID: d040fcd782e6e12c14fd296dbfa90795\n*** Element info: {Using\u003dname, value\u003dpassword}","stackTrace":[{"classLoaderName":"app","declaringClass":"com.pch.automation.pages.RegistrationPage","methodName":"registerUserWithOptins","fileName":"RegistrationPage.java","lineNumber":79,"format":1},{"classLoaderName":"app","declaringClass":"com.pch.automation.steps.RegistrationSteps","methodName":"registerUserWithOptins","fileName":"RegistrationSteps.java","lineNumber":25,"format":1},{"classLoaderName":"app","declaringClass":"com.pch.automation.stepdefinitions.RegistrationScenarioSteps","methodName":"registerUserWithOptins","fileName":"RegistrationScenarioSteps.java","lineNumber":33,"format":1}]}}},"result":"FAILURE","precondition":false,"level":1},{"number":5,"description":"Then Click on redeem tokens icon","duration":1,"startTime":"2019-08-21T00:38:51.716+05:30[Asia/Calcutta]","result":"SKIPPED","precondition":false,"level":1}]}],"userStory":{"id":"RewardsUpdate","storyName":"Rewards update","path":"fp/uninav/RewardsUpdate.story","narrative":"In order to verify the rewards update in the uninav\nAs a user\nI want to check rewards redeem and levelup playnow button \r\n\r\n@TestingType Sanity Regression","type":"story"},"featureTag":{"name":"Uninav/Rewards update","type":"story","displayName":"Uninav/Rewards update"},"title":"Create the full reg user and verify the rewards update","tags":[{"name":"Fp","type":"capability","displayName":"Fp"},{"name":"Fp/Uninav","type":"feature","displayName":"Uninav"},{"name":"Uninav/Rewardsupdate","type":"story","displayName":"Rewardsupdate"}],"startTime":"2019-08-21T00:37:39.743+05:30[Asia/Calcutta]","duration":71975,"testFailureCause":{"errorType":"net.thucydides.core.webdriver.exceptions.ElementShouldBeEnabledException","message":"Expected enabled element was not enabled","stackTrace":[{"classLoaderName":"app","declaringClass":"com.pch.automation.pages.RegistrationPage","methodName":"registerUserWithOptins","fileName":"RegistrationPage.java","lineNumber":79,"format":1},{"classLoaderName":"app","declaringClass":"com.pch.automation.steps.RegistrationSteps","methodName":"registerUserWithOptins","fileName":"RegistrationSteps.java","lineNumber":25,"format":1},{"classLoaderName":"app","declaringClass":"com.pch.automation.stepdefinitions.RegistrationScenarioSteps","methodName":"registerUserWithOptins","fileName":"RegistrationScenarioSteps.java","lineNumber":33,"format":1}],"rootCause":{"errorType":"org.openqa.selenium.TimeoutException","message":"Expected condition failed: waiting for By.name: password to be enabled (tried for 25 second(s) with 100 milliseconds interval)","stackTrace":[{"classLoaderName":"app","declaringClass":"com.pch.automation.pages.RegistrationPage","methodName":"registerUserWithOptins","fileName":"RegistrationPage.java","lineNumber":79,"format":1},{"classLoaderName":"app","declaringClass":"com.pch.automation.steps.RegistrationSteps","methodName":"registerUserWithOptins","fileName":"RegistrationSteps.java","lineNumber":25,"format":1},{"classLoaderName":"app","declaringClass":"com.pch.automation.stepdefinitions.RegistrationScenarioSteps","methodName":"registerUserWithOptins","fileName":"RegistrationScenarioSteps.java","lineNumber":33,"format":1}],"rootCause":{"errorType":"org.openqa.selenium.NoSuchElementException","message":"no such element: Unable to locate element: {\"method\":\"css selector\",\"selector\":\"*[name\u003d\u0027password\u0027]\"}\n  (Session info: chrome\u003d76.0.3809.100)\nFor documentation on this error, please visit: https://www.seleniumhq.org/exceptions/no_such_element.html\nBuild info: version: \u00273.141.59\u0027, revision: \u0027e82be7d358\u0027, time: \u00272018-11-14T08:17:03\u0027\nSystem info: host: \u0027VSANKAR2\u0027, ip: \u002710.37.0.15\u0027, os.name: \u0027Windows 7\u0027, os.arch: \u0027amd64\u0027, os.version: \u00276.1\u0027, java.version: \u002711.0.2\u0027\nDriver info: org.openqa.selenium.chrome.ChromeDriver\nCapabilities {acceptInsecureCerts: false, browserName: chrome, browserVersion: 76.0.3809.100, chrome: {chromedriverVersion: 76.0.3809.68 (420c9498db8ce..., userDataDir: C:\\Users\\vsankar\\AppData\\Lo...}, goog:chromeOptions: {debuggerAddress: localhost:54959}, javascriptEnabled: true, networkConnectionEnabled: false, pageLoadStrategy: normal, platform: XP, platformName: XP, proxy: Proxy(), setWindowRect: true, strictFileInteractability: false, timeouts: {implicit: 0, pageLoad: 300000, script: 30000}, unhandledPromptBehavior: accept}\nSession ID: d040fcd782e6e12c14fd296dbfa90795\n*** Element info: {Using\u003dname, value\u003dpassword}","stackTrace":[{"classLoaderName":"app","declaringClass":"com.pch.automation.pages.RegistrationPage","methodName":"registerUserWithOptins","fileName":"RegistrationPage.java","lineNumber":79,"format":1},{"classLoaderName":"app","declaringClass":"com.pch.automation.steps.RegistrationSteps","methodName":"registerUserWithOptins","fileName":"RegistrationSteps.java","lineNumber":25,"format":1},{"classLoaderName":"app","declaringClass":"com.pch.automation.stepdefinitions.RegistrationScenarioSteps","methodName":"registerUserWithOptins","fileName":"RegistrationScenarioSteps.java","lineNumber":33,"format":1}]}}},"testFailureClassname":"net.thucydides.core.webdriver.exceptions.ElementShouldBeEnabledException","testFailureMessage":"Expected enabled element was not enabled","testFailureSummary":"FAILURE;net.thucydides.core.webdriver.exceptions.ElementShouldBeEnabledException;Expected enabled element was not enabled;RegistrationPage.java","projectKey":"","annotatedResult":"FAILURE","sessionId":"d040fcd782e6e12c14fd296dbfa90795","driver":"chrome","manual":false,"testSource":"JBehave","result":"FAILURE"}