{"name":"Verify the Optin light box when user has already been checked it when do registration","id":"stories/fp/lb/Optin.story;Verify the Optin light box when user has already been checked it when do registration","testSteps":[{"number":1,"description":"Go to FP application","duration":5713,"startTime":"2019-08-20T21:59:41.225+05:30[Asia/Calcutta]","result":"SUCCESS","precondition":false,"level":0,"children":[{"number":2,"description":"Maximize window","duration":330,"startTime":"2019-08-20T21:59:46.607+05:30[Asia/Calcutta]","result":"SUCCESS","precondition":false,"level":1}]},{"number":3,"description":"Given Register a user with the Optins","duration":0,"startTime":"2019-08-20T21:59:46.938+05:30[Asia/Calcutta]","precondition":false,"level":0,"children":[{"number":4,"description":"Register user with optins","duration":42737,"startTime":"2019-08-20T21:59:46.957+05:30[Asia/Calcutta]","screenshots":[{"screenshot":"dfcb82075113de4be50a487cde300eb8745014e116c119ae3f183af8f062427b.png","htmlSource":"pagesource108912435948939041.html.txt","timeStamp":1566318629692}],"exception":{"errorType":"net.thucydides.core.webdriver.exceptions.ElementShouldBeEnabledException","message":"Expected enabled element was not enabled","stackTrace":[{"classLoaderName":"app","declaringClass":"com.pch.automation.pages.RegistrationPage","methodName":"registerUserWithOptins","fileName":"RegistrationPage.java","lineNumber":79,"format":1},{"classLoaderName":"app","declaringClass":"com.pch.automation.steps.RegistrationSteps","methodName":"registerUserWithOptins","fileName":"RegistrationSteps.java","lineNumber":25,"format":1},{"classLoaderName":"app","declaringClass":"com.pch.automation.stepdefinitions.RegistrationScenarioSteps","methodName":"registerUserWithOptins","fileName":"RegistrationScenarioSteps.java","lineNumber":33,"format":1}],"rootCause":{"errorType":"org.openqa.selenium.TimeoutException","message":"Expected condition failed: waiting for By.name: password to be enabled (tried for 25 second(s) with 100 milliseconds interval)","stackTrace":[{"classLoaderName":"app","declaringClass":"com.pch.automation.pages.RegistrationPage","methodName":"registerUserWithOptins","fileName":"RegistrationPage.java","lineNumber":79,"format":1},{"classLoaderName":"app","declaringClass":"com.pch.automation.steps.RegistrationSteps","methodName":"registerUserWithOptins","fileName":"RegistrationSteps.java","lineNumber":25,"format":1},{"classLoaderName":"app","declaringClass":"com.pch.automation.stepdefinitions.RegistrationScenarioSteps","methodName":"registerUserWithOptins","fileName":"RegistrationScenarioSteps.java","lineNumber":33,"format":1}],"rootCause":{"errorType":"org.openqa.selenium.NoSuchElementException","message":"no such element: Unable to locate element: {\"method\":\"css selector\",\"selector\":\"*[name\u003d\u0027password\u0027]\"}\n  (Session info: chrome\u003d76.0.3809.100)\nFor documentation on this error, please visit: https://www.seleniumhq.org/exceptions/no_such_element.html\nBuild info: version: \u00273.141.59\u0027, revision: \u0027e82be7d358\u0027, time: \u00272018-11-14T08:17:03\u0027\nSystem info: host: \u0027VSANKAR2\u0027, ip: \u002710.37.0.15\u0027, os.name: \u0027Windows 7\u0027, os.arch: \u0027amd64\u0027, os.version: \u00276.1\u0027, java.version: \u002711.0.2\u0027\nDriver info: org.openqa.selenium.chrome.ChromeDriver\nCapabilities {acceptInsecureCerts: false, browserName: chrome, browserVersion: 76.0.3809.100, chrome: {chromedriverVersion: 76.0.3809.68 (420c9498db8ce..., userDataDir: C:\\Users\\vsankar\\AppData\\Lo...}, goog:chromeOptions: {debuggerAddress: localhost:55064}, javascriptEnabled: true, networkConnectionEnabled: false, pageLoadStrategy: normal, platform: XP, platformName: XP, proxy: Proxy(), setWindowRect: true, strictFileInteractability: false, timeouts: {implicit: 0, pageLoad: 300000, script: 30000}, unhandledPromptBehavior: accept}\nSession ID: 3b1e7ece892fd79bc7747c6dcba428f8\n*** Element info: {Using\u003dname, value\u003dpassword}","stackTrace":[{"classLoaderName":"app","declaringClass":"com.pch.automation.pages.RegistrationPage","methodName":"registerUserWithOptins","fileName":"RegistrationPage.java","lineNumber":79,"format":1},{"classLoaderName":"app","declaringClass":"com.pch.automation.steps.RegistrationSteps","methodName":"registerUserWithOptins","fileName":"RegistrationSteps.java","lineNumber":25,"format":1},{"classLoaderName":"app","declaringClass":"com.pch.automation.stepdefinitions.RegistrationScenarioSteps","methodName":"registerUserWithOptins","fileName":"RegistrationScenarioSteps.java","lineNumber":33,"format":1}]}}},"result":"FAILURE","precondition":false,"level":1},{"number":5,"description":"Then Verify the absence of the Optin light box","duration":0,"startTime":"2019-08-20T22:00:29.696+05:30[Asia/Calcutta]","result":"SKIPPED","precondition":false,"level":1},{"number":6,"description":"And Verify the absence of the dbproperty \u0027optinshowed\u0027","duration":0,"startTime":"2019-08-20T22:00:29.696+05:30[Asia/Calcutta]","result":"SKIPPED","precondition":false,"level":1}]}],"userStory":{"id":"Optin","storyName":"Optin","path":"fp/lb/Optin.story","narrative":"In order to verify the Optin light box\nAs a user\nI want to logged into the application with valid user name and password\r\n\r\nMeta:\r\n@TestingType Regression","type":"story"},"featureTag":{"name":"Lb/Optin","type":"story","displayName":"Lb/Optin"},"title":"Verify the Optin light box when user has already been checked it when do registration","tags":[{"name":"Fp","type":"capability","displayName":"Fp"},{"name":"Fp/Lb","type":"feature","displayName":"Lb"},{"name":"Lb/Optin","type":"story","displayName":"Optin"}],"startTime":"2019-08-20T21:59:41.166+05:30[Asia/Calcutta]","duration":48536,"testFailureCause":{"errorType":"net.thucydides.core.webdriver.exceptions.ElementShouldBeEnabledException","message":"Expected enabled element was not enabled","stackTrace":[{"classLoaderName":"app","declaringClass":"com.pch.automation.pages.RegistrationPage","methodName":"registerUserWithOptins","fileName":"RegistrationPage.java","lineNumber":79,"format":1},{"classLoaderName":"app","declaringClass":"com.pch.automation.steps.RegistrationSteps","methodName":"registerUserWithOptins","fileName":"RegistrationSteps.java","lineNumber":25,"format":1},{"classLoaderName":"app","declaringClass":"com.pch.automation.stepdefinitions.RegistrationScenarioSteps","methodName":"registerUserWithOptins","fileName":"RegistrationScenarioSteps.java","lineNumber":33,"format":1}],"rootCause":{"errorType":"org.openqa.selenium.TimeoutException","message":"Expected condition failed: waiting for By.name: password to be enabled (tried for 25 second(s) with 100 milliseconds interval)","stackTrace":[{"classLoaderName":"app","declaringClass":"com.pch.automation.pages.RegistrationPage","methodName":"registerUserWithOptins","fileName":"RegistrationPage.java","lineNumber":79,"format":1},{"classLoaderName":"app","declaringClass":"com.pch.automation.steps.RegistrationSteps","methodName":"registerUserWithOptins","fileName":"RegistrationSteps.java","lineNumber":25,"format":1},{"classLoaderName":"app","declaringClass":"com.pch.automation.stepdefinitions.RegistrationScenarioSteps","methodName":"registerUserWithOptins","fileName":"RegistrationScenarioSteps.java","lineNumber":33,"format":1}],"rootCause":{"errorType":"org.openqa.selenium.NoSuchElementException","message":"no such element: Unable to locate element: {\"method\":\"css selector\",\"selector\":\"*[name\u003d\u0027password\u0027]\"}\n  (Session info: chrome\u003d76.0.3809.100)\nFor documentation on this error, please visit: https://www.seleniumhq.org/exceptions/no_such_element.html\nBuild info: version: \u00273.141.59\u0027, revision: \u0027e82be7d358\u0027, time: \u00272018-11-14T08:17:03\u0027\nSystem info: host: \u0027VSANKAR2\u0027, ip: \u002710.37.0.15\u0027, os.name: \u0027Windows 7\u0027, os.arch: \u0027amd64\u0027, os.version: \u00276.1\u0027, java.version: \u002711.0.2\u0027\nDriver info: org.openqa.selenium.chrome.ChromeDriver\nCapabilities {acceptInsecureCerts: false, browserName: chrome, browserVersion: 76.0.3809.100, chrome: {chromedriverVersion: 76.0.3809.68 (420c9498db8ce..., userDataDir: C:\\Users\\vsankar\\AppData\\Lo...}, goog:chromeOptions: {debuggerAddress: localhost:55064}, javascriptEnabled: true, networkConnectionEnabled: false, pageLoadStrategy: normal, platform: XP, platformName: XP, proxy: Proxy(), setWindowRect: true, strictFileInteractability: false, timeouts: {implicit: 0, pageLoad: 300000, script: 30000}, unhandledPromptBehavior: accept}\nSession ID: 3b1e7ece892fd79bc7747c6dcba428f8\n*** Element info: {Using\u003dname, value\u003dpassword}","stackTrace":[{"classLoaderName":"app","declaringClass":"com.pch.automation.pages.RegistrationPage","methodName":"registerUserWithOptins","fileName":"RegistrationPage.java","lineNumber":79,"format":1},{"classLoaderName":"app","declaringClass":"com.pch.automation.steps.RegistrationSteps","methodName":"registerUserWithOptins","fileName":"RegistrationSteps.java","lineNumber":25,"format":1},{"classLoaderName":"app","declaringClass":"com.pch.automation.stepdefinitions.RegistrationScenarioSteps","methodName":"registerUserWithOptins","fileName":"RegistrationScenarioSteps.java","lineNumber":33,"format":1}]}}},"testFailureClassname":"net.thucydides.core.webdriver.exceptions.ElementShouldBeEnabledException","testFailureMessage":"Expected enabled element was not enabled","testFailureSummary":"FAILURE;net.thucydides.core.webdriver.exceptions.ElementShouldBeEnabledException;Expected enabled element was not enabled;RegistrationPage.java","projectKey":"","annotatedResult":"FAILURE","sessionId":"3b1e7ece892fd79bc7747c6dcba428f8","driver":"chrome","manual":false,"testSource":"JBehave","result":"FAILURE"}