<?xml version="1.0" encoding="UTF-8"?><testsuite errors="1" failures="1" name="Videos" skipped="0" tests="6" time="2825.4" timestamp="2019-08-20 10:57:15"><testcase name="Verify video page for guest user"><error message="timeout&#10;  (Session info: chrome=76.0.3809.100)&#10;Build info: version: '3.141.59', revision: 'e82be7d358', time: '2018-11-14T08:17:03'&#10;System info: host: 'VSANKAR2', ip: '10.37.0.15', os.name: 'Windows 7', os.arch: 'amd64', os.version: '6.1', java.version: '11.0.2'&#10;Driver info: org.openqa.selenium.chrome.ChromeDriver&#10;Capabilities {acceptInsecureCerts: false, browserName: chrome, browserVersion: 76.0.3809.100, chrome: {chromedriverVersion: 76.0.3809.68 (420c9498db8ce..., userDataDir: C:\Users\vsankar\AppData\Lo...}, goog:chromeOptions: {debuggerAddress: localhost:63068}, javascriptEnabled: true, networkConnectionEnabled: false, pageLoadStrategy: normal, platform: XP, platformName: XP, proxy: Proxy(), setWindowRect: true, strictFileInteractability: false, timeouts: {implicit: 0, pageLoad: 300000, script: 30000}, unhandledPromptBehavior: accept}&#10;Session ID: c5cb9466413bfd19bad958b74d64b4e9" type="org.openqa.selenium.TimeoutException">timeout
  (Session info: chrome=76.0.3809.100)
Build info: version: '3.141.59', revision: 'e82be7d358', time: '2018-11-14T08:17:03'
System info: host: 'VSANKAR2', ip: '10.37.0.15', os.name: 'Windows 7', os.arch: 'amd64', os.version: '6.1', java.version: '11.0.2'
Driver info: org.openqa.selenium.chrome.ChromeDriver
Capabilities {acceptInsecureCerts: false, browserName: chrome, browserVersion: 76.0.3809.100, chrome: {chromedriverVersion: 76.0.3809.68 (420c9498db8ce..., userDataDir: C:\Users\vsankar\AppData\Lo...}, goog:chromeOptions: {debuggerAddress: localhost:63068}, javascriptEnabled: true, networkConnectionEnabled: false, pageLoadStrategy: normal, platform: XP, platformName: XP, proxy: Proxy(), setWindowRect: true, strictFileInteractability: false, timeouts: {implicit: 0, pageLoad: 300000, script: 30000}, unhandledPromptBehavior: accept}
Session ID: c5cb9466413bfd19bad958b74d64b4e9</error><system-err>timeout
  (Session info: chrome=76.0.3809.100)
Build info: version: '3.141.59', revision: 'e82be7d358', time: '2018-11-14T08:17:03'
System info: host: 'VSANKAR2', ip: '10.37.0.15', os.name: 'Windows 7', os.arch: 'amd64', os.version: '6.1', java.version: '11.0.2'
Driver info: org.openqa.selenium.chrome.ChromeDriver
Capabilities {acceptInsecureCerts: false, browserName: chrome, browserVersion: 76.0.3809.100, chrome: {chromedriverVersion: 76.0.3809.68 (420c9498db8ce..., userDataDir: C:\Users\vsankar\AppData\Lo...}, goog:chromeOptions: {debuggerAddress: localhost:63068}, javascriptEnabled: true, networkConnectionEnabled: false, pageLoadStrategy: normal, platform: XP, platformName: XP, proxy: Proxy(), setWindowRect: true, strictFileInteractability: false, timeouts: {implicit: 0, pageLoad: 300000, script: 30000}, unhandledPromptBehavior: accept}
Session ID: c5cb9466413bfd19bad958b74d64b4e9&#13;
com.pch.automation.steps.NavigationSteps.navigateToFPApplication(NavigationSteps.java:102)&#13;
com.pch.automation.stepdefinitions.CommonScenarioSteps.goToFPApplication(CommonScenarioSteps.java:66)&#13;
</system-err></testcase><testcase name="Verify the video page redirection and claimed tokens by playing video."/><testcase name="Verify the video details on video_log table for Full Reg user"/><testcase name="Verify the video details on video_log table for Mini reg user type"/><testcase name="Verify the video details on video_log table for Social user type"><failure message="Expected enabled element was not enabled" type="net.thucydides.core.webdriver.exceptions.ElementShouldBeEnabledException">Expected enabled element was not enabled</failure><system-err>Expected enabled element was not enabled&#13;
com.pch.automation.pages.RegistrationPage.compelteSocialUser(RegistrationPage.java:247)&#13;
com.pch.automation.steps.fp.SocialRegSteps.fullReg(SocialRegSteps.java:16)&#13;
com.pch.automation.stepdefinitions.fp.SocialRegScenarioSteps.socialRegtoFullreg(SocialRegScenarioSteps.java:22)&#13;
</system-err></testcase><testcase name="Verify the video details on video_log table for Silver user type"/></testsuite>