<?xml version="1.0" encoding="UTF-8"?><testsuite errors="3" failures="1" name="Weather" skipped="0" tests="5" time="1062.16" timestamp="2019-08-21 12:58:27"><testcase name="Verify the Weather Hover screen details with Main page details"><error message="timeout&#10;  (Session info: chrome=76.0.3809.100)&#10;Build info: version: '3.141.59', revision: 'e82be7d358', time: '2018-11-14T08:17:03'&#10;System info: host: 'VSANKAR2', ip: '10.37.0.15', os.name: 'Windows 7', os.arch: 'amd64', os.version: '6.1', java.version: '11.0.2'&#10;Driver info: org.openqa.selenium.chrome.ChromeDriver&#10;Capabilities {acceptInsecureCerts: false, browserName: chrome, browserVersion: 76.0.3809.100, chrome: {chromedriverVersion: 76.0.3809.68 (420c9498db8ce..., userDataDir: C:\Users\vsankar\AppData\Lo...}, goog:chromeOptions: {debuggerAddress: localhost:57895}, javascriptEnabled: true, networkConnectionEnabled: false, pageLoadStrategy: normal, platform: XP, platformName: XP, proxy: Proxy(), setWindowRect: true, strictFileInteractability: false, timeouts: {implicit: 0, pageLoad: 300000, script: 30000}, unhandledPromptBehavior: accept}&#10;Session ID: 8ceb7d55f25de52c8d02adea349df1fe" type="org.openqa.selenium.TimeoutException">timeout
  (Session info: chrome=76.0.3809.100)
Build info: version: '3.141.59', revision: 'e82be7d358', time: '2018-11-14T08:17:03'
System info: host: 'VSANKAR2', ip: '10.37.0.15', os.name: 'Windows 7', os.arch: 'amd64', os.version: '6.1', java.version: '11.0.2'
Driver info: org.openqa.selenium.chrome.ChromeDriver
Capabilities {acceptInsecureCerts: false, browserName: chrome, browserVersion: 76.0.3809.100, chrome: {chromedriverVersion: 76.0.3809.68 (420c9498db8ce..., userDataDir: C:\Users\vsankar\AppData\Lo...}, goog:chromeOptions: {debuggerAddress: localhost:57895}, javascriptEnabled: true, networkConnectionEnabled: false, pageLoadStrategy: normal, platform: XP, platformName: XP, proxy: Proxy(), setWindowRect: true, strictFileInteractability: false, timeouts: {implicit: 0, pageLoad: 300000, script: 30000}, unhandledPromptBehavior: accept}
Session ID: 8ceb7d55f25de52c8d02adea349df1fe</error><system-err>timeout
  (Session info: chrome=76.0.3809.100)
Build info: version: '3.141.59', revision: 'e82be7d358', time: '2018-11-14T08:17:03'
System info: host: 'VSANKAR2', ip: '10.37.0.15', os.name: 'Windows 7', os.arch: 'amd64', os.version: '6.1', java.version: '11.0.2'
Driver info: org.openqa.selenium.chrome.ChromeDriver
Capabilities {acceptInsecureCerts: false, browserName: chrome, browserVersion: 76.0.3809.100, chrome: {chromedriverVersion: 76.0.3809.68 (420c9498db8ce..., userDataDir: C:\Users\vsankar\AppData\Lo...}, goog:chromeOptions: {debuggerAddress: localhost:57895}, javascriptEnabled: true, networkConnectionEnabled: false, pageLoadStrategy: normal, platform: XP, platformName: XP, proxy: Proxy(), setWindowRect: true, strictFileInteractability: false, timeouts: {implicit: 0, pageLoad: 300000, script: 30000}, unhandledPromptBehavior: accept}
Session ID: 8ceb7d55f25de52c8d02adea349df1fe&#13;
com.pch.automation.steps.NavigationSteps.maximizeWindow(NavigationSteps.java:112)&#13;
com.pch.automation.steps.NavigationSteps.navigateToFPApplication(NavigationSteps.java:103)&#13;
com.pch.automation.stepdefinitions.CommonScenarioSteps.navigateToFPApplication(CommonScenarioSteps.java:101)&#13;
</system-err></testcase><testcase name="Verify token cliamed and weather sections in weather page"><error message="Expected condition failed: waiting for presence of element located by: By.xpath: //*[@id='header']//a//img[contains(@src,'weather')] (tried for 25 second(s) with 500 milliseconds interval)" type="org.openqa.selenium.TimeoutException">Expected condition failed: waiting for presence of element located by: By.xpath: //*[@id='header']//a//img[contains(@src,'weather')] (tried for 25 second(s) with 500 milliseconds interval)</error><system-err>Expected condition failed: waiting for presence of element located by: By.xpath: //*[@id='header']//a//img[contains(@src,'weather')] (tried for 25 second(s) with 500 milliseconds interval)&#13;
com.pch.automation.pages.fp.HomePage.jsClick(HomePage.java:409)&#13;
com.pch.automation.pages.fp.HomePage.clickWeatherMenu(HomePage.java:109)&#13;
com.pch.automation.steps.fp.WeatherSteps.clickWeatherMenu(WeatherSteps.java:92)&#13;
com.pch.automation.stepdefinitions.fp.WeatherScenarioSteps.verifyClimateHisotrySections(WeatherScenarioSteps.java:80)&#13;
</system-err></testcase><testcase name="Verify the Hourly Forecast section details with Ad refresh"><failure message="Expected enabled element was not enabled" type="net.thucydides.core.webdriver.exceptions.ElementShouldBeEnabledException">Expected enabled element was not enabled</failure><system-err>Expected enabled element was not enabled&#13;
com.pch.automation.pages.fp.WeatherPage.clickViewMoreDetails(WeatherPage.java:198)&#13;
com.pch.automation.steps.fp.WeatherSteps.verifyHourlyForecastCollapsedStatus(WeatherSteps.java:214)&#13;
com.pch.automation.stepdefinitions.fp.WeatherScenarioSteps.verifyAdsOnWhenCollapsedHourlySection(WeatherScenarioSteps.java:120)&#13;
</system-err></testcase><testcase name="Verify the Daily forecast section details with Ad refresh"><error message="element click intercepted: Element &lt;div class=&quot;seven_day_sel weather-table-heading weather-table-heading--daily-tbody&quot;&gt;...&lt;/div&gt; is not clickable at point (431, 616). Other element would receive the click: &lt;div class=&quot;progress-bar-sticky animated fadeInUp&quot; id=&quot;progress-bar-sticky&quot;&gt;...&lt;/div&gt;&#10;  (Session info: chrome=76.0.3809.100)&#10;Build info: version: '3.141.59', revision: 'e82be7d358', time: '2018-11-14T08:17:03'&#10;System info: host: 'VSANKAR2', ip: '10.37.0.15', os.name: 'Windows 7', os.arch: 'amd64', os.version: '6.1', java.version: '11.0.2'&#10;Driver info: org.openqa.selenium.chrome.ChromeDriver&#10;Capabilities {acceptInsecureCerts: false, browserName: chrome, browserVersion: 76.0.3809.100, chrome: {chromedriverVersion: 76.0.3809.68 (420c9498db8ce..., userDataDir: C:\Users\vsankar\AppData\Lo...}, goog:chromeOptions: {debuggerAddress: localhost:57895}, javascriptEnabled: true, networkConnectionEnabled: false, pageLoadStrategy: normal, platform: XP, platformName: XP, proxy: Proxy(), setWindowRect: true, strictFileInteractability: false, timeouts: {implicit: 0, pageLoad: 300000, script: 30000}, unhandledPromptBehavior: accept}&#10;Session ID: 8ceb7d55f25de52c8d02adea349df1fe" type="org.openqa.selenium.ElementClickInterceptedException">element click intercepted: Element &lt;div class="seven_day_sel weather-table-heading weather-table-heading--daily-tbody"&gt;...&lt;/div&gt; is not clickable at point (431, 616). Other element would receive the click: &lt;div class="progress-bar-sticky animated fadeInUp" id="progress-bar-sticky"&gt;...&lt;/div&gt;
  (Session info: chrome=76.0.3809.100)
Build info: version: '3.141.59', revision: 'e82be7d358', time: '2018-11-14T08:17:03'
System info: host: 'VSANKAR2', ip: '10.37.0.15', os.name: 'Windows 7', os.arch: 'amd64', os.version: '6.1', java.version: '11.0.2'
Driver info: org.openqa.selenium.chrome.ChromeDriver
Capabilities {acceptInsecureCerts: false, browserName: chrome, browserVersion: 76.0.3809.100, chrome: {chromedriverVersion: 76.0.3809.68 (420c9498db8ce..., userDataDir: C:\Users\vsankar\AppData\Lo...}, goog:chromeOptions: {debuggerAddress: localhost:57895}, javascriptEnabled: true, networkConnectionEnabled: false, pageLoadStrategy: normal, platform: XP, platformName: XP, proxy: Proxy(), setWindowRect: true, strictFileInteractability: false, timeouts: {implicit: 0, pageLoad: 300000, script: 30000}, unhandledPromptBehavior: accept}
Session ID: 8ceb7d55f25de52c8d02adea349df1fe</error><system-err>element click intercepted: Element &lt;div class="seven_day_sel weather-table-heading weather-table-heading--daily-tbody"&gt;...&lt;/div&gt; is not clickable at point (431, 616). Other element would receive the click: &lt;div class="progress-bar-sticky animated fadeInUp" id="progress-bar-sticky"&gt;...&lt;/div&gt;
  (Session info: chrome=76.0.3809.100)
Build info: version: '3.141.59', revision: 'e82be7d358', time: '2018-11-14T08:17:03'
System info: host: 'VSANKAR2', ip: '10.37.0.15', os.name: 'Windows 7', os.arch: 'amd64', os.version: '6.1', java.version: '11.0.2'
Driver info: org.openqa.selenium.chrome.ChromeDriver
Capabilities {acceptInsecureCerts: false, browserName: chrome, browserVersion: 76.0.3809.100, chrome: {chromedriverVersion: 76.0.3809.68 (420c9498db8ce..., userDataDir: C:\Users\vsankar\AppData\Lo...}, goog:chromeOptions: {debuggerAddress: localhost:57895}, javascriptEnabled: true, networkConnectionEnabled: false, pageLoadStrategy: normal, platform: XP, platformName: XP, proxy: Proxy(), setWindowRect: true, strictFileInteractability: false, timeouts: {implicit: 0, pageLoad: 300000, script: 30000}, unhandledPromptBehavior: accept}
Session ID: 8ceb7d55f25de52c8d02adea349df1fe&#13;
com.pch.automation.pages.fp.WeatherPage.click7DayForecast(WeatherPage.java:120)&#13;
com.pch.automation.steps.fp.WeatherSteps.clickSevenDayForecastSection(WeatherSteps.java:264)&#13;
com.pch.automation.stepdefinitions.fp.WeatherScenarioSteps.verifySevenDayForecastSection(WeatherScenarioSteps.java:145)&#13;
</system-err></testcase><testcase name="Verify the Weather Climate history"/></testsuite>