<?xml version="1.0" encoding="UTF-8"?><testsuite errors="1" failures="3" name="Articles page" skipped="0" tests="5" time="958.02" timestamp="2019-08-20 09:14:42"><testcase name="verify the Article page by claiming the tokens"><failure message="Tokens not claimed for the day" type="java.lang.AssertionError">Tokens not claimed for the day</failure><system-err>Tokens not claimed for the day&#13;
com.pch.automation.stepdefinitions.CommonScenarioSteps.verifyTokensClaimed(CommonScenarioSteps.java:183)&#13;
</system-err></testcase><testcase name="Verify the story details on story_log table for Full Reg user"><error message="element click intercepted: Element &lt;a href=&quot;/article/123714/celebrity-birthdays-for-the-week-of-july-21-27/celebrity-news&quot; class=&quot;listing__content__title&quot;&gt;...&lt;/a&gt; is not clickable at point (475, 610). Other element would receive the click: &lt;ul class=&quot;progress-bar-sticky__ul clearfix&quot;&gt;...&lt;/ul&gt;&#10;  (Session info: chrome=76.0.3809.100)&#10;Build info: version: '3.141.59', revision: 'e82be7d358', time: '2018-11-14T08:17:03'&#10;System info: host: 'VSANKAR2', ip: '10.37.0.15', os.name: 'Windows 7', os.arch: 'amd64', os.version: '6.1', java.version: '11.0.2'&#10;Driver info: org.openqa.selenium.chrome.ChromeDriver&#10;Capabilities {acceptInsecureCerts: false, browserName: chrome, browserVersion: 76.0.3809.100, chrome: {chromedriverVersion: 76.0.3809.68 (420c9498db8ce..., userDataDir: C:\Users\vsankar\AppData\Lo...}, goog:chromeOptions: {debuggerAddress: localhost:50196}, javascriptEnabled: true, networkConnectionEnabled: false, pageLoadStrategy: normal, platform: XP, platformName: XP, proxy: Proxy(), setWindowRect: true, strictFileInteractability: false, timeouts: {implicit: 0, pageLoad: 300000, script: 30000}, unhandledPromptBehavior: accept}&#10;Session ID: 1c56eb8ab829bc2e3839d9e9ffc7d08a" type="org.openqa.selenium.ElementClickInterceptedException">element click intercepted: Element &lt;a href="/article/123714/celebrity-birthdays-for-the-week-of-july-21-27/celebrity-news" class="listing__content__title"&gt;...&lt;/a&gt; is not clickable at point (475, 610). Other element would receive the click: &lt;ul class="progress-bar-sticky__ul clearfix"&gt;...&lt;/ul&gt;
  (Session info: chrome=76.0.3809.100)
Build info: version: '3.141.59', revision: 'e82be7d358', time: '2018-11-14T08:17:03'
System info: host: 'VSANKAR2', ip: '10.37.0.15', os.name: 'Windows 7', os.arch: 'amd64', os.version: '6.1', java.version: '11.0.2'
Driver info: org.openqa.selenium.chrome.ChromeDriver
Capabilities {acceptInsecureCerts: false, browserName: chrome, browserVersion: 76.0.3809.100, chrome: {chromedriverVersion: 76.0.3809.68 (420c9498db8ce..., userDataDir: C:\Users\vsankar\AppData\Lo...}, goog:chromeOptions: {debuggerAddress: localhost:50196}, javascriptEnabled: true, networkConnectionEnabled: false, pageLoadStrategy: normal, platform: XP, platformName: XP, proxy: Proxy(), setWindowRect: true, strictFileInteractability: false, timeouts: {implicit: 0, pageLoad: 300000, script: 30000}, unhandledPromptBehavior: accept}
Session ID: 1c56eb8ab829bc2e3839d9e9ffc7d08a</error><system-err>element click intercepted: Element &lt;a href="/article/123714/celebrity-birthdays-for-the-week-of-july-21-27/celebrity-news" class="listing__content__title"&gt;...&lt;/a&gt; is not clickable at point (475, 610). Other element would receive the click: &lt;ul class="progress-bar-sticky__ul clearfix"&gt;...&lt;/ul&gt;
  (Session info: chrome=76.0.3809.100)
Build info: version: '3.141.59', revision: 'e82be7d358', time: '2018-11-14T08:17:03'
System info: host: 'VSANKAR2', ip: '10.37.0.15', os.name: 'Windows 7', os.arch: 'amd64', os.version: '6.1', java.version: '11.0.2'
Driver info: org.openqa.selenium.chrome.ChromeDriver
Capabilities {acceptInsecureCerts: false, browserName: chrome, browserVersion: 76.0.3809.100, chrome: {chromedriverVersion: 76.0.3809.68 (420c9498db8ce..., userDataDir: C:\Users\vsankar\AppData\Lo...}, goog:chromeOptions: {debuggerAddress: localhost:50196}, javascriptEnabled: true, networkConnectionEnabled: false, pageLoadStrategy: normal, platform: XP, platformName: XP, proxy: Proxy(), setWindowRect: true, strictFileInteractability: false, timeouts: {implicit: 0, pageLoad: 300000, script: 30000}, unhandledPromptBehavior: accept}
Session ID: 1c56eb8ab829bc2e3839d9e9ffc7d08a&#13;
com.pch.automation.pages.fp.SubCategoryPage.clickFirstArticleLink(SubCategoryPage.java:36)&#13;
com.pch.automation.steps.fp.SubCategorySteps.clickFirstArticle(SubCategorySteps.java:41)&#13;
com.pch.automation.stepdefinitions.fp.ArticlesScenarioSteps.verifyStoryLogSubCategoryPageArticles(ArticlesScenarioSteps.java:110)&#13;
</system-err></testcase><testcase name="Verify the story details on story_log table for Mini reg user type"/><testcase name="Verify the story details on story_log table for Social user type"><failure message="Expected enabled element was not enabled" type="net.thucydides.core.webdriver.exceptions.ElementShouldBeEnabledException">Expected enabled element was not enabled</failure><system-err>Expected enabled element was not enabled&#13;
com.pch.automation.pages.RegistrationPage.compelteSocialUser(RegistrationPage.java:247)&#13;
com.pch.automation.steps.fp.SocialRegSteps.fullReg(SocialRegSteps.java:16)&#13;
com.pch.automation.stepdefinitions.fp.SocialRegScenarioSteps.socialRegtoFullreg(SocialRegScenarioSteps.java:22)&#13;
</system-err></testcase><testcase name="Verify the story details on story_log table for Silver user type"><failure message="Frontpage Homepage is not displayed" type="java.lang.AssertionError">Frontpage Homepage is not displayed</failure><system-err>Frontpage Homepage is not displayed&#13;
com.pch.automation.stepdefinitions.CommonScenarioSteps.verifyUserLandingOnHomepage(CommonScenarioSteps.java:201)&#13;
</system-err></testcase></testsuite>