<!DOCTYPE html PUBLIC "-//W3C//DTD XHTML 1.1//EN" "http://www.w3.org/TR/xhtml11/DTD/xhtml11.dtd">
<html xmlns="http://www.w3.org/1999/xhtml"><head><title>TestNG Report</title><style type="text/css">table {margin-bottom:10px;border-collapse:collapse;empty-cells:show}th,td {border:1px solid #009;padding:.25em .5em}th {vertical-align:bottom}td {vertical-align:top}table a {font-weight:bold}.stripe td {background-color: #E6EBF9}.num {text-align:right}.passedodd td {background-color: #3F3}.passedeven td {background-color: #0A0}.skippedodd td {background-color: #DDD}.skippedeven td {background-color: #CCC}.failedodd td,.attn {background-color: #F33}.failedeven td,.stripe .attn {background-color: #D00}.stacktrace {white-space:pre;font-family:monospace}.totop {font-size:85%;text-align:center;border-bottom:2px solid #000}</style></head><body><table><tr><th>Test</th><th># Passed</th><th># Skipped</th><th># Failed</th><th>Time (ms)</th><th>Included Groups</th><th>Excluded Groups</th></tr><tr><th colspan="7">RegressionSuiteForDesktopAndTablet</th></tr><tr><td><a href="#t0">Regression03</a></td><td class="num">13</td><td class="num">0</td><td class="num attn">3</td><td class="num">4,572,520</td><td></td><td></td></tr><tr class="stripe"><td><a href="#t1">Regression01</a></td><td class="num">27</td><td class="num">0</td><td class="num attn">4</td><td class="num">6,893,485</td><td></td><td></td></tr><tr><th>Total</th><th class="num">40</th><th class="num">0</th><th class="num attn">7</th><th class="num">11,466,005</th><th colspan="2"></th></tr></table><table><thead><tr><th>Class</th><th>Method</th><th>Start</th><th>Time (ms)</th></tr></thead><tbody><tr><th colspan="4">RegressionSuiteForDesktopAndTablet</th></tr></tbody><tbody id="t0"><tr><th colspan="4">Regression03 &#8212; failed</th></tr><tr class="failedeven"><td rowspan="2">com.miscellaneous.ErrorHandlingTests</td><td><a href="#m0">verify_error_msg_cache_content_on_pages</a></td><td rowspan="1">1549020570896</td><td rowspan="1">527463</td></tr><tr class="failedeven"><td><a href="#m1">verify_error_msg_on_fpcontent_down</a></td><td rowspan="1">1549021114823</td><td rowspan="1">146191</td></tr><tr class="failedodd"><td rowspan="1">com.usertypes.MinireguserTests</td><td><a href="#m2">verify_claim_button_on_all_pages_for_mini_reg_user</a></td><td rowspan="1">1549019979430</td><td rowspan="1">327882</td></tr><tr><th colspan="4">Regression03 &#8212; passed</th></tr><tr class="passedeven"><td rowspan="3">com.lottery.LotteryTests</td><td><a href="#m3">verify_ads_on_lottery_page</a></td><td rowspan="1">1549022131991</td><td rowspan="1">229551</td></tr><tr class="passedeven"><td><a href="#m4">verify_lottery_page_recognized_user</a></td><td rowspan="1">1549021466820</td><td rowspan="1">311698</td></tr><tr class="passedeven"><td><a href="#m5">verify_lottery_page_unrecognized_user</a></td><td rowspan="1">1549020349206</td><td rowspan="1">94207</td></tr><tr class="passedodd"><td rowspan="2">com.miscellaneous.EcParameterTests</td><td><a href="#m6">verify_entry_message_on_latest_activity_tab</a></td><td rowspan="1">1549020451973</td><td rowspan="1">109474</td></tr><tr class="passedodd"><td><a href="#m7">verify_promotion_campaign_email</a></td><td rowspan="1">1549021966116</td><td rowspan="1">150264</td></tr><tr class="passedeven"><td rowspan="1">com.miscellaneous.OurPicksTests</td><td><a href="#m8">verify_ads_on_homepage</a></td><td rowspan="1">1549022995029</td><td rowspan="1">234421</td></tr><tr class="passedodd"><td rowspan="2">com.usertypes.FBUserTests</td><td><a href="#m9">verify_claim_button_on_all_pages_for_social_user</a></td><td rowspan="1">1549019435958</td><td rowspan="1">533124</td></tr><tr class="passedodd"><td><a href="#m10">verify_the_registration_form_for_social_user</a></td><td rowspan="1">1549021278120</td><td rowspan="1">181724</td></tr><tr class="passedeven"><td rowspan="1">com.usertypes.SilveruserTests</td><td><a href="#m11">verify_claim_button_on_all_pages_for_silver_user</a></td><td rowspan="1">1549018704683</td><td rowspan="1">718891</td></tr><tr class="passedodd"><td rowspan="4">com.weather.WeatherTests</td><td><a href="#m12">verify_ads_on_weather_page</a></td><td rowspan="1">1549022730171</td><td rowspan="1">257122</td></tr><tr class="passedodd"><td><a href="#m13">verify_daily_forecast_details</a></td><td rowspan="1">1549022371393</td><td rowspan="1">180451</td></tr><tr class="passedodd"><td><a href="#m14">verify_hourly_forecast_details</a></td><td rowspan="1">1549021787314</td><td rowspan="1">166333</td></tr><tr class="passedodd"><td><a href="#m15">weather_climate_history</a></td><td rowspan="1">1549022563432</td><td rowspan="1">154049</td></tr></tbody><tbody id="t1"><tr><th colspan="4">Regression01 &#8212; failed</th></tr><tr class="failedeven"><td rowspan="2">com.lightbox.OptinLightboxTests</td><td><a href="#m16">verify_optin_lb_for_mini_reg_user</a></td><td rowspan="2">1549021416587</td><td rowspan="2">304480</td></tr><tr class="failedeven"><td><a href="#m17">verify_optin_lb_for_mini_reg_user</a></td></tr><tr class="failedodd"><td rowspan="2">com.nfsp.NFSPTests</td><td><a href="#m18">verify_nfsp_after_5_search_for_unrec_user</a></td><td rowspan="1">1549020772296</td><td rowspan="1">10877</td></tr><tr class="failedodd"><td><a href="#m19">verify_nfsp_for_rec_user_after_27_search</a></td><td rowspan="1">1549023557234</td><td rowspan="1">196424</td></tr><tr><th colspan="4">Regression01 &#8212; passed</th></tr><tr class="passedeven"><td rowspan="3">com.lightbox.CompleteRegistrationLightboxTests</td><td><a href="#m20">verify_complete_registration_lb_for_mini_reg</a></td><td rowspan="1">1549019943887</td><td rowspan="1">232202</td></tr><tr class="passedeven"><td><a href="#m21">verify_complete_registration_lb_for_silver_user</a></td><td rowspan="1">1549021763920</td><td rowspan="1">187154</td></tr><tr class="passedeven"><td><a href="#m22">verify_complete_registration_lb_for_social_user</a></td><td rowspan="1">1549023319671</td><td rowspan="1">228324</td></tr><tr class="passedodd"><td rowspan="5">com.lightbox.HighRiskLightboxTests</td><td><a href="#m23">verify_25th_search_lb</a></td><td rowspan="1">1549021174450</td><td rowspan="1">242136</td></tr><tr class="passedodd"><td><a href="#m24">verify_40th_search_lb</a></td><td rowspan="1">1549022934200</td><td rowspan="1">205656</td></tr><tr class="passedodd"><td><a href="#m25">verify_500th_search_lb</a></td><td rowspan="1">1549024868329</td><td rowspan="1">289405</td></tr><tr class="passedodd"><td><a href="#m26">verify_75th_search_lb</a></td><td rowspan="1">1549024218112</td><td rowspan="1">213738</td></tr><tr class="passedodd"><td><a href="#m27">verify_rapid_lb_for_rec_user</a></td><td rowspan="1">1549019374059</td><td rowspan="1">251956</td></tr><tr class="passedeven"><td rowspan="3">com.lightbox.OptinLightboxTests</td><td><a href="#m28">verify_optin_lb_for_full_reg_user</a></td><td rowspan="1">1549019634623</td><td rowspan="1">294530</td></tr><tr class="passedeven"><td><a href="#m29">verify_optin_lb_for_silver_user</a></td><td rowspan="1">1549024443483</td><td rowspan="1">350267</td></tr><tr class="passedeven"><td><a href="#m30">verify_optin_lb_for_social_user</a></td><td rowspan="1">1549023157928</td><td rowspan="1">149840</td></tr><tr class="passedodd"><td rowspan="3">com.lightbox.SignInRegisterLightboxTests</td><td><a href="#m31">verify_register_lb_for_unrec_user</a></td><td rowspan="1">1549020185626</td><td rowspan="1">266002</td></tr><tr class="passedodd"><td><a href="#m32">verify_register_signin_lb_for_unrec_user_on_serp</a></td><td rowspan="1">1549020464093</td><td rowspan="1">57038</td></tr><tr class="passedodd"><td><a href="#m33">verify_signin_lb_for_unrec_user</a></td><td rowspan="1">1549021959705</td><td rowspan="1">210274</td></tr><tr class="passedeven"><td rowspan="4">com.lightbox.WelcomeLightBoxTests</td><td><a href="#m34">verify_welcome_lb_for_mini_reg_user</a></td><td rowspan="1">1549020928646</td><td rowspan="1">230121</td></tr><tr class="passedeven"><td><a href="#m35">verify_welcome_lb_for_rec_user</a></td><td rowspan="1">1549019021210</td><td rowspan="1">285114</td></tr><tr class="passedeven"><td><a href="#m36">verify_welcome_lb_for_silver_user</a></td><td rowspan="1">1549022663584</td><td rowspan="1">255741</td></tr><tr class="passedeven"><td><a href="#m37">verify_welcome_lb_for_social_user</a></td><td rowspan="1">1549023941433</td><td rowspan="1">260709</td></tr><tr class="passedodd"><td rowspan="1">com.nfsp.NFSPTests</td><td><a href="#m38">verify_default_nfsp_for_rec_user</a></td><td rowspan="1">1549022184101</td><td rowspan="1">150493</td></tr><tr class="passedeven"><td rowspan="8">com.search.SearchTests</td><td><a href="#m39">verify_collapse_search_box_rec_user</a></td><td rowspan="1">1549023771780</td><td rowspan="1">151637</td></tr><tr class="passedeven"><td><a href="#m40">verify_collapse_search_box_unrec_user</a></td><td rowspan="1">1549024809648</td><td rowspan="1">50588</td></tr><tr class="passedeven"><td><a href="#m41">verify_inhouse_ads</a></td><td rowspan="1">1549022342926</td><td rowspan="1">312677</td></tr><tr class="passedeven"><td><a href="#m42">verify_openx_banner_rec_user</a></td><td rowspan="1">1549025168394</td><td rowspan="1">121031</td></tr><tr class="passedeven"><td><a href="#m43">verify_openx_banner_unrec_user</a></td><td rowspan="1">1549025304874</td><td rowspan="1">28646</td></tr><tr class="passedeven"><td><a href="#m44">verify_search_box_redirection</a></td><td rowspan="1">1549018707770</td><td rowspan="1">293338</td></tr><tr class="passedeven"><td><a href="#m45">verify_serp_pagination_carousel_shopping</a></td><td rowspan="1">1549020807107</td><td rowspan="1">108144</td></tr><tr class="passedeven"><td><a href="#m46">verify_tokens_for_consecutive_search_for_same_keyword</a></td><td rowspan="1">1549025341458</td><td rowspan="1">208364</td></tr></tbody></table><h2>Regression03</h2><h3 id="m0">com.miscellaneous.ErrorHandlingTests#verify_error_msg_cache_content_on_pages</h3><table class="result"><tr><th>Exception</th></tr><tr><td><div class="stacktrace">java.lang.AssertionError: By.id: art_state LISTBOX NOT FOUND. TEST FAILED.
	at org.testng.Assert.fail(Assert.java:94)
	at com.util.WrapperFunctions.selectByVisibleText(WrapperFunctions.java:822)
	at com.pageobjects.JoomlaConfigPage.publish_article(JoomlaConfigPage.java:162)
	at com.miscellaneous.ErrorHandlingTests.verify_error_msg_cache_content_on_pages(ErrorHandlingTests.java:249)
	at sun.reflect.NativeMethodAccessorImpl.invoke0(Native Method)
	at sun.reflect.NativeMethodAccessorImpl.invoke(Unknown Source)
	at sun.reflect.DelegatingMethodAccessorImpl.invoke(Unknown Source)
	at java.lang.reflect.Method.invoke(Unknown Source)
	at org.testng.internal.MethodInvocationHelper.invokeMethod(MethodInvocationHelper.java:86)
	at org.testng.internal.Invoker.invokeMethod(Invoker.java:643)
	at org.testng.internal.Invoker.invokeTestMethod(Invoker.java:820)
	at org.testng.internal.Invoker.invokeTestMethods(Invoker.java:1128)
	at org.testng.internal.TestMethodWorker.invokeTestMethods(TestMethodWorker.java:129)
	at org.testng.internal.TestMethodWorker.run(TestMethodWorker.java:112)
	at org.testng.TestRunner.privateRun(TestRunner.java:782)
	at org.testng.TestRunner.run(TestRunner.java:632)
	at org.testng.SuiteRunner.runTest(SuiteRunner.java:366)
	at org.testng.SuiteRunner.access$000(SuiteRunner.java:39)
	at org.testng.SuiteRunner$SuiteWorker.run(SuiteRunner.java:400)
	at org.testng.internal.thread.ThreadUtil$2.call(ThreadUtil.java:64)
	at java.util.concurrent.FutureTask.run(Unknown Source)
	at java.util.concurrent.ThreadPoolExecutor.runWorker(Unknown Source)
	at java.util.concurrent.ThreadPoolExecutor$Worker.run(Unknown Source)
	at java.lang.Thread.run(Unknown Source)
</div></td></tr></table><p class="totop"><a href="#summary">back to summary</a></p><h3 id="m1">com.miscellaneous.ErrorHandlingTests#verify_error_msg_on_fpcontent_down</h3><table class="result"><tr><th>Exception</th></tr><tr><td><div class="stacktrace">java.lang.AssertionError: expected [gnbukihnxrcgnmnxhxgliwgqqzpiph] but found [sorry to break the news, but this page is no longer available.]
	at org.testng.Assert.fail(Assert.java:94)
	at org.testng.Assert.failNotEquals(Assert.java:513)
	at org.testng.Assert.assertEqualsImpl(Assert.java:135)
	at org.testng.Assert.assertEquals(Assert.java:116)
	at org.testng.Assert.assertEquals(Assert.java:190)
	at org.testng.Assert.assertEquals(Assert.java:200)
	at com.util.WrapperFunctions.assertEqualsIgnoreCase(WrapperFunctions.java:1581)
	at com.miscellaneous.ErrorHandlingTests.verify_error_msg_on_fpcontent_down(ErrorHandlingTests.java:88)
	at sun.reflect.NativeMethodAccessorImpl.invoke0(Native Method)
	at sun.reflect.NativeMethodAccessorImpl.invoke(Unknown Source)
	at sun.reflect.DelegatingMethodAccessorImpl.invoke(Unknown Source)
	at java.lang.reflect.Method.invoke(Unknown Source)
	at org.testng.internal.MethodInvocationHelper.invokeMethod(MethodInvocationHelper.java:86)
	at org.testng.internal.Invoker.invokeMethod(Invoker.java:643)
	at org.testng.internal.Invoker.invokeTestMethod(Invoker.java:820)
	at org.testng.internal.Invoker.invokeTestMethods(Invoker.java:1128)
	at org.testng.internal.TestMethodWorker.invokeTestMethods(TestMethodWorker.java:129)
	at org.testng.internal.TestMethodWorker.run(TestMethodWorker.java:112)
	at org.testng.TestRunner.privateRun(TestRunner.java:782)
	at org.testng.TestRunner.run(TestRunner.java:632)
	at org.testng.SuiteRunner.runTest(SuiteRunner.java:366)
	at org.testng.SuiteRunner.access$000(SuiteRunner.java:39)
	at org.testng.SuiteRunner$SuiteWorker.run(SuiteRunner.java:400)
	at org.testng.internal.thread.ThreadUtil$2.call(ThreadUtil.java:64)
	at java.util.concurrent.FutureTask.run(Unknown Source)
	at java.util.concurrent.ThreadPoolExecutor.runWorker(Unknown Source)
	at java.util.concurrent.ThreadPoolExecutor$Worker.run(Unknown Source)
	at java.lang.Thread.run(Unknown Source)
</div></td></tr></table><p class="totop"><a href="#summary">back to summary</a></p><h3 id="m2">com.usertypes.MinireguserTests#verify_claim_button_on_all_pages_for_mini_reg_user</h3><table class="result"><tr><th>Exception</th></tr><tr><td><div class="stacktrace">org.openqa.selenium.ScriptTimeoutException: timeout
  (Session info: chrome=68.0.3440.84)
  (Driver info: chromedriver=2.40.565498 (ea082db3280dd6843ebfb08a625e3eb905c4f5ab),platform=Windows NT 10.0.17134 x86_64) (WARNING: The server did not provide any stacktrace information)
Command duration or timeout: 200.15 seconds
Build info: version: &apos;2.53.0&apos;, revision: &apos;35ae25b&apos;, time: &apos;2016-03-15 17:00:58&apos;
System info: host: &apos;207-254-10-175&apos;, ip: &apos;207.254.10.175&apos;, os.name: &apos;windows&apos;, os.arch: &apos;x86&apos;, os.version: &apos;10.0&apos;, java.version: &apos;1.8.0_181&apos;
Driver info: org.openqa.selenium.chrome.ChromeDriver
Capabilities [{applicationCacheEnabled=false, rotatable=false, mobileEmulationEnabled=false, networkConnectionEnabled=false, chrome={chromedriverVersion=2.40.565498 (ea082db3280dd6843ebfb08a625e3eb905c4f5ab), userDataDir=C:\Windows\proxy\scoped_dir8420_12431}, takesHeapSnapshot=true, pageLoadStrategy=normal, databaseEnabled=false, handlesAlerts=true, hasTouchScreen=false, version=68.0.3440.84, platform=XP, browserConnectionEnabled=false, nativeEvents=true, acceptSslCerts=false, acceptInsecureCerts=false, locationContextEnabled=true, webStorageEnabled=true, browserName=chrome, takesScreenshot=true, javascriptEnabled=true, cssSelectorsEnabled=true, setWindowRect=true, unexpectedAlertBehaviour=}]
Session ID: c5803ccc561a76fd6547de07e72e11dc
Command duration or timeout: 0 milliseconds
	at sun.reflect.NativeConstructorAccessorImpl.newInstance0(Native Method)
	at sun.reflect.NativeConstructorAccessorImpl.newInstance(Unknown Source)
	at sun.reflect.DelegatingConstructorAccessorImpl.newInstance(Unknown Source)
	at java.lang.reflect.Constructor.newInstance(Unknown Source)
	at org.openqa.selenium.remote.ErrorHandler.createThrowable(ErrorHandler.java:214)
	at org.openqa.selenium.remote.ErrorHandler.throwIfResponseFailed(ErrorHandler.java:166)
	at org.openqa.selenium.remote.http.JsonHttpResponseCodec.reconstructValue(JsonHttpResponseCodec.java:40)
	at org.openqa.selenium.remote.http.AbstractHttpResponseCodec.decode(AbstractHttpResponseCodec.java:80)
	at org.openqa.selenium.remote.http.AbstractHttpResponseCodec.decode(AbstractHttpResponseCodec.java:44)
	at org.openqa.selenium.remote.HttpCommandExecutor.execute(HttpCommandExecutor.java:158)
	at org.openqa.selenium.remote.RemoteWebDriver.execute(RemoteWebDriver.java:552)
	at org.openqa.selenium.remote.RemoteWebDriver.executeScript(RemoteWebDriver.java:489)
	at com.util.WrapperFunctions.button(WrapperFunctions.java:926)
	at com.pageobjects.HomePage.click_first_video_link(HomePage.java:518)
	at com.usertypes.MinireguserTests.verify_claim_button_on_all_pages_for_mini_reg_user(MinireguserTests.java:52)
	at sun.reflect.NativeMethodAccessorImpl.invoke0(Native Method)
	at sun.reflect.NativeMethodAccessorImpl.invoke(Unknown Source)
	at sun.reflect.DelegatingMethodAccessorImpl.invoke(Unknown Source)
	at java.lang.reflect.Method.invoke(Unknown Source)
	at org.testng.internal.MethodInvocationHelper.invokeMethod(MethodInvocationHelper.java:86)
	at org.testng.internal.Invoker.invokeMethod(Invoker.java:643)
	at org.testng.internal.Invoker.invokeTestMethod(Invoker.java:820)
	at org.testng.internal.Invoker.invokeTestMethods(Invoker.java:1128)
	at org.testng.internal.TestMethodWorker.invokeTestMethods(TestMethodWorker.java:129)
	at org.testng.internal.TestMethodWorker.run(TestMethodWorker.java:112)
	at org.testng.TestRunner.privateRun(TestRunner.java:782)
	at org.testng.TestRunner.run(TestRunner.java:632)
	at org.testng.SuiteRunner.runTest(SuiteRunner.java:366)
	at org.testng.SuiteRunner.access$000(SuiteRunner.java:39)
	at org.testng.SuiteRunner$SuiteWorker.run(SuiteRunner.java:400)
	at org.testng.internal.thread.ThreadUtil$2.call(ThreadUtil.java:64)
	at java.util.concurrent.FutureTask.run(Unknown Source)
	at java.util.concurrent.ThreadPoolExecutor.runWorker(Unknown Source)
	at java.util.concurrent.ThreadPoolExecutor$Worker.run(Unknown Source)
	at java.lang.Thread.run(Unknown Source)
Caused by: org.openqa.selenium.remote.ScreenshotException: Screen shot has been taken
	at org.openqa.selenium.remote.ErrorHandler.throwIfResponseFailed(ErrorHandler.java:140)
	... 29 more
Caused by: org.openqa.selenium.TimeoutException: timeout
  (Session info: chrome=68.0.3440.84)
  (Driver info: chromedriver=2.40.565498 (ea082db3280dd6843ebfb08a625e3eb905c4f5ab),platform=Windows NT 10.0.17134 x86_64) (WARNING: The server did not provide any stacktrace information)
Command duration or timeout: 200.15 seconds
Build info: version: &apos;2.53.0&apos;, revision: &apos;35ae25b&apos;, time: &apos;2016-03-15 17:00:58&apos;
System info: host: &apos;207-254-10-175&apos;, ip: &apos;207.254.10.175&apos;, os.name: &apos;windows&apos;, os.arch: &apos;x86&apos;, os.version: &apos;10.0&apos;, java.version: &apos;1.8.0_181&apos;
Driver info: org.openqa.selenium.chrome.ChromeDriver
Capabilities [{applicationCacheEnabled=false, rotatable=false, mobileEmulationEnabled=false, networkConnectionEnabled=false, chrome={chromedriverVersion=2.40.565498 (ea082db3280dd6843ebfb08a625e3eb905c4f5ab), userDataDir=C:\Windows\proxy\scoped_dir8420_12431}, takesHeapSnapshot=true, pageLoadStrategy=normal, databaseEnabled=false, handlesAlerts=true, hasTouchScreen=false, version=68.0.3440.84, platform=XP, browserConnectionEnabled=false, nativeEvents=true, acceptSslCerts=false, acceptInsecureCerts=false, locationContextEnabled=true, webStorageEnabled=true, browserName=chrome, takesScreenshot=true, javascriptEnabled=true, cssSelectorsEnabled=true, setWindowRect=true, unexpectedAlertBehaviour=}]
Session ID: c5803ccc561a76fd6547de07e72e11dc
Build info: version: &apos;3.141.59&apos;, revision: &apos;e82be7d358&apos;, time: &apos;2018-11-14T08:17:03&apos;
System info: host: &apos;VSANKAR2&apos;, ip: &apos;10.37.0.236&apos;, os.name: &apos;Windows 7&apos;, os.arch: &apos;amd64&apos;, os.version: &apos;6.1&apos;, java.version: &apos;1.8.0_191&apos;
Driver info: driver.version: EventFiringWebDriver
	at sun.reflect.NativeConstructorAccessorImpl.newInstance0(Native Method)
	at sun.reflect.NativeConstructorAccessorImpl.newInstance(Unknown Source)
	at sun.reflect.DelegatingConstructorAccessorImpl.newInstance(Unknown Source)
	at java.lang.reflect.Constructor.newInstance(Unknown Source)
	at org.openqa.selenium.remote.ErrorHandler.createThrowable(ErrorHandler.java:206)
	at org.openqa.selenium.remote.ErrorHandler.throwIfResponseFailed(ErrorHandler.java:158)
	at org.openqa.selenium.remote.RemoteWebDriver.execute(RemoteWebDriver.java:678)
	at org.openqa.selenium.remote.RemoteWebDriver.executeScript(RemoteWebDriver.java:577)
	at sun.reflect.GeneratedMethodAccessor36.invoke(Unknown Source)
	at sun.reflect.DelegatingMethodAccessorImpl.invoke(Unknown Source)
	at java.lang.reflect.Method.invoke(Unknown Source)
	at org.openqa.selenium.support.events.EventFiringWebDriver$2.invoke(EventFiringWebDriver.java:103)
	at com.sun.proxy.$Proxy1.executeScript(Unknown Source)
	at org.openqa.selenium.support.events.EventFiringWebDriver.executeScript(EventFiringWebDriver.java:217)
	at org.openqa.selenium.remote.server.handler.ExecuteScript.call(ExecuteScript.java:54)
	at java.util.concurrent.FutureTask.run(Unknown Source)
	at org.openqa.selenium.remote.server.DefaultSession$1.run(DefaultSession.java:176)
	... 3 more
</div></td></tr></table><p class="totop"><a href="#summary">back to summary</a></p><h3 id="m3">com.lottery.LotteryTests#verify_ads_on_lottery_page</h3><table class="result"></table><p class="totop"><a href="#summary">back to summary</a></p><h3 id="m4">com.lottery.LotteryTests#verify_lottery_page_recognized_user</h3><table class="result"></table><p class="totop"><a href="#summary">back to summary</a></p><h3 id="m5">com.lottery.LotteryTests#verify_lottery_page_unrecognized_user</h3><table class="result"></table><p class="totop"><a href="#summary">back to summary</a></p><h3 id="m6">com.miscellaneous.EcParameterTests#verify_entry_message_on_latest_activity_tab</h3><table class="result"></table><p class="totop"><a href="#summary">back to summary</a></p><h3 id="m7">com.miscellaneous.EcParameterTests#verify_promotion_campaign_email</h3><table class="result"></table><p class="totop"><a href="#summary">back to summary</a></p><h3 id="m8">com.miscellaneous.OurPicksTests#verify_ads_on_homepage</h3><table class="result"></table><p class="totop"><a href="#summary">back to summary</a></p><h3 id="m9">com.usertypes.FBUserTests#verify_claim_button_on_all_pages_for_social_user</h3><table class="result"></table><p class="totop"><a href="#summary">back to summary</a></p><h3 id="m10">com.usertypes.FBUserTests#verify_the_registration_form_for_social_user</h3><table class="result"></table><p class="totop"><a href="#summary">back to summary</a></p><h3 id="m11">com.usertypes.SilveruserTests#verify_claim_button_on_all_pages_for_silver_user</h3><table class="result"></table><p class="totop"><a href="#summary">back to summary</a></p><h3 id="m12">com.weather.WeatherTests#verify_ads_on_weather_page</h3><table class="result"></table><p class="totop"><a href="#summary">back to summary</a></p><h3 id="m13">com.weather.WeatherTests#verify_daily_forecast_details</h3><table class="result"></table><p class="totop"><a href="#summary">back to summary</a></p><h3 id="m14">com.weather.WeatherTests#verify_hourly_forecast_details</h3><table class="result"></table><p class="totop"><a href="#summary">back to summary</a></p><h3 id="m15">com.weather.WeatherTests#weather_climate_history</h3><table class="result"></table><p class="totop"><a href="#summary">back to summary</a></p><h2>Regression01</h2><h3 id="m16">com.lightbox.OptinLightboxTests#verify_optin_lb_for_mini_reg_user</h3><table class="result"><tr><th>Exception</th></tr><tr><td><div class="stacktrace">java.lang.NullPointerException
	at ru.yandex.qatools.ashot.shooting.ViewportPastingDecorator.getFullHeight(ViewportPastingDecorator.java:67)
	at ru.yandex.qatools.ashot.shooting.ViewportPastingDecorator.getScreenshot(ViewportPastingDecorator.java:41)
	at ru.yandex.qatools.ashot.shooting.ViewportPastingDecorator.getScreenshot(ViewportPastingDecorator.java:35)
	at ru.yandex.qatools.ashot.AShot.takeScreenshot(AShot.java:145)
	at com.util.ReporterListener.getScreenShot(ReporterListener.java:269)
	at com.util.ReporterListener.onTestFailure(ReporterListener.java:236)
	at org.testng.internal.Invoker.runTestListeners(Invoker.java:1691)
	at org.testng.internal.Invoker.runTestListeners(Invoker.java:1675)
	at org.testng.internal.Invoker.invokeMethod(Invoker.java:700)
	at org.testng.internal.Invoker.invokeTestMethod(Invoker.java:820)
	at org.testng.internal.Invoker.invokeTestMethods(Invoker.java:1128)
	at org.testng.internal.TestMethodWorker.invokeTestMethods(TestMethodWorker.java:129)
	at org.testng.internal.TestMethodWorker.run(TestMethodWorker.java:112)
	at org.testng.TestRunner.privateRun(TestRunner.java:782)
	at org.testng.TestRunner.run(TestRunner.java:632)
	at org.testng.SuiteRunner.runTest(SuiteRunner.java:366)
	at org.testng.SuiteRunner.access$000(SuiteRunner.java:39)
	at org.testng.SuiteRunner$SuiteWorker.run(SuiteRunner.java:400)
	at org.testng.internal.thread.ThreadUtil$2.call(ThreadUtil.java:64)
	at java.util.concurrent.FutureTask.run(Unknown Source)
	at java.util.concurrent.ThreadPoolExecutor.runWorker(Unknown Source)
	at java.util.concurrent.ThreadPoolExecutor$Worker.run(Unknown Source)
	at java.lang.Thread.run(Unknown Source)
</div></td></tr></table><p class="totop"><a href="#summary">back to summary</a></p><h3 id="m17">com.lightbox.OptinLightboxTests#verify_optin_lb_for_mini_reg_user</h3><table class="result"><tr><th>Exception</th></tr><tr><td><div class="stacktrace">org.openqa.selenium.WebDriverException: An unknown server-side error occurred while processing the command. (WARNING: The server did not provide any stacktrace information)
Command duration or timeout: 0 milliseconds
Build info: version: &apos;3.141.59&apos;, revision: &apos;e82be7d358&apos;, time: &apos;2018-11-14T08:17:03&apos;
System info: host: &apos;VSANKAR2&apos;, ip: &apos;10.37.0.236&apos;, os.name: &apos;Windows 7&apos;, os.arch: &apos;amd64&apos;, os.version: &apos;6.1&apos;, java.version: &apos;1.8.0_191&apos;
Driver info: org.openqa.selenium.remote.RemoteWebDriver
Capabilities {acceptInsecureCerts: false, acceptSslCerts: false, applicationCacheEnabled: false, browserConnectionEnabled: false, browserName: chrome, chrome: {chromedriverVersion: 2.40.565498 (ea082db3280dd6..., userDataDir: C:\Windows\proxy\scoped_dir...}, cssSelectorsEnabled: true, databaseEnabled: false, handlesAlerts: true, hasTouchScreen: false, javascriptEnabled: true, locationContextEnabled: true, mobileEmulationEnabled: false, nativeEvents: true, networkConnectionEnabled: false, pageLoadStrategy: normal, platform: XP, platformName: XP, rotatable: false, setWindowRect: true, takesHeapSnapshot: true, takesScreenshot: true, unexpectedAlertBehaviour: , unhandledPromptBehavior: , version: 68.0.3440.75, webStorageEnabled: true, webdriver.remote.sessionid: 5344f9ffb996293a8ad7aecef2d...}
Session ID: 5344f9ffb996293a8ad7aecef2ddc6b15d0ddf89
	at sun.reflect.GeneratedConstructorAccessor30.newInstance(Unknown Source)
	at sun.reflect.DelegatingConstructorAccessorImpl.newInstance(Unknown Source)
	at java.lang.reflect.Constructor.newInstance(Unknown Source)
	at org.openqa.selenium.remote.ErrorHandler.createThrowable(ErrorHandler.java:214)
	at org.openqa.selenium.remote.ErrorHandler.throwIfResponseFailed(ErrorHandler.java:166)
	at org.openqa.selenium.remote.http.JsonHttpResponseCodec.reconstructValue(JsonHttpResponseCodec.java:40)
	at org.openqa.selenium.remote.http.AbstractHttpResponseCodec.decode(AbstractHttpResponseCodec.java:80)
	at org.openqa.selenium.remote.http.AbstractHttpResponseCodec.decode(AbstractHttpResponseCodec.java:44)
	at org.openqa.selenium.remote.HttpCommandExecutor.execute(HttpCommandExecutor.java:158)
	at org.openqa.selenium.remote.RemoteWebDriver.execute(RemoteWebDriver.java:552)
	at org.openqa.selenium.remote.RemoteWebDriver.execute(RemoteWebDriver.java:609)
	at org.openqa.selenium.remote.RemoteWebDriver$RemoteWebDriverOptions.deleteAllCookies(RemoteWebDriver.java:694)
	at com.util.WrapperFunctions.delete_session_cookies(WrapperFunctions.java:2390)
	at com.lightbox.OptinLightboxTests.verify_optin_lb_for_mini_reg_user(OptinLightboxTests.java:87)
	at sun.reflect.NativeMethodAccessorImpl.invoke0(Native Method)
	at sun.reflect.NativeMethodAccessorImpl.invoke(Unknown Source)
	at sun.reflect.DelegatingMethodAccessorImpl.invoke(Unknown Source)
	at java.lang.reflect.Method.invoke(Unknown Source)
	at org.testng.internal.MethodInvocationHelper.invokeMethod(MethodInvocationHelper.java:86)
	at org.testng.internal.Invoker.invokeMethod(Invoker.java:643)
	at org.testng.internal.Invoker.invokeTestMethod(Invoker.java:820)
	at org.testng.internal.Invoker.invokeTestMethods(Invoker.java:1128)
	at org.testng.internal.TestMethodWorker.invokeTestMethods(TestMethodWorker.java:129)
	at org.testng.internal.TestMethodWorker.run(TestMethodWorker.java:112)
	at org.testng.TestRunner.privateRun(TestRunner.java:782)
	at org.testng.TestRunner.run(TestRunner.java:632)
	at org.testng.SuiteRunner.runTest(SuiteRunner.java:366)
	at org.testng.SuiteRunner.access$000(SuiteRunner.java:39)
	at org.testng.SuiteRunner$SuiteWorker.run(SuiteRunner.java:400)
	at org.testng.internal.thread.ThreadUtil$2.call(ThreadUtil.java:64)
	at java.util.concurrent.FutureTask.run(Unknown Source)
	at java.util.concurrent.ThreadPoolExecutor.runWorker(Unknown Source)
	at java.util.concurrent.ThreadPoolExecutor$Worker.run(Unknown Source)
	at java.lang.Thread.run(Unknown Source)
</div></td></tr></table><p class="totop"><a href="#summary">back to summary</a></p><h3 id="m18">com.nfsp.NFSPTests#verify_nfsp_after_5_search_for_unrec_user</h3><table class="result"><tr><th>Exception</th></tr><tr><td><div class="stacktrace">java.lang.NumberFormatException: null
	at java.lang.Integer.parseInt(Unknown Source)
	at java.lang.Integer.parseInt(Unknown Source)
	at com.nfsp.NFSPTests.verify_nfsp_after_5_search_for_unrec_user(NFSPTests.java:110)
	at sun.reflect.NativeMethodAccessorImpl.invoke0(Native Method)
	at sun.reflect.NativeMethodAccessorImpl.invoke(Unknown Source)
	at sun.reflect.DelegatingMethodAccessorImpl.invoke(Unknown Source)
	at java.lang.reflect.Method.invoke(Unknown Source)
	at org.testng.internal.MethodInvocationHelper.invokeMethod(MethodInvocationHelper.java:86)
	at org.testng.internal.Invoker.invokeMethod(Invoker.java:643)
	at org.testng.internal.Invoker.invokeTestMethod(Invoker.java:820)
	at org.testng.internal.Invoker.invokeTestMethods(Invoker.java:1128)
	at org.testng.internal.TestMethodWorker.invokeTestMethods(TestMethodWorker.java:129)
	at org.testng.internal.TestMethodWorker.run(TestMethodWorker.java:112)
	at org.testng.TestRunner.privateRun(TestRunner.java:782)
	at org.testng.TestRunner.run(TestRunner.java:632)
	at org.testng.SuiteRunner.runTest(SuiteRunner.java:366)
	at org.testng.SuiteRunner.access$000(SuiteRunner.java:39)
	at org.testng.SuiteRunner$SuiteWorker.run(SuiteRunner.java:400)
	at org.testng.internal.thread.ThreadUtil$2.call(ThreadUtil.java:64)
	at java.util.concurrent.FutureTask.run(Unknown Source)
	at java.util.concurrent.ThreadPoolExecutor.runWorker(Unknown Source)
	at java.util.concurrent.ThreadPoolExecutor$Worker.run(Unknown Source)
	at java.lang.Thread.run(Unknown Source)
</div></td></tr></table><p class="totop"><a href="#summary">back to summary</a></p><h3 id="m19">com.nfsp.NFSPTests#verify_nfsp_for_rec_user_after_27_search</h3><table class="result"><tr><th>Exception</th></tr><tr><td><div class="stacktrace">java.lang.NumberFormatException: null
	at java.lang.Integer.parseInt(Unknown Source)
	at java.lang.Integer.parseInt(Unknown Source)
	at com.nfsp.NFSPTests.verify_nfsp_for_rec_user_after_27_search(NFSPTests.java:183)
	at sun.reflect.NativeMethodAccessorImpl.invoke0(Native Method)
	at sun.reflect.NativeMethodAccessorImpl.invoke(Unknown Source)
	at sun.reflect.DelegatingMethodAccessorImpl.invoke(Unknown Source)
	at java.lang.reflect.Method.invoke(Unknown Source)
	at org.testng.internal.MethodInvocationHelper.invokeMethod(MethodInvocationHelper.java:86)
	at org.testng.internal.Invoker.invokeMethod(Invoker.java:643)
	at org.testng.internal.Invoker.invokeTestMethod(Invoker.java:820)
	at org.testng.internal.Invoker.invokeTestMethods(Invoker.java:1128)
	at org.testng.internal.TestMethodWorker.invokeTestMethods(TestMethodWorker.java:129)
	at org.testng.internal.TestMethodWorker.run(TestMethodWorker.java:112)
	at org.testng.TestRunner.privateRun(TestRunner.java:782)
	at org.testng.TestRunner.run(TestRunner.java:632)
	at org.testng.SuiteRunner.runTest(SuiteRunner.java:366)
	at org.testng.SuiteRunner.access$000(SuiteRunner.java:39)
	at org.testng.SuiteRunner$SuiteWorker.run(SuiteRunner.java:400)
	at org.testng.internal.thread.ThreadUtil$2.call(ThreadUtil.java:64)
	at java.util.concurrent.FutureTask.run(Unknown Source)
	at java.util.concurrent.ThreadPoolExecutor.runWorker(Unknown Source)
	at java.util.concurrent.ThreadPoolExecutor$Worker.run(Unknown Source)
	at java.lang.Thread.run(Unknown Source)
</div></td></tr></table><p class="totop"><a href="#summary">back to summary</a></p><h3 id="m20">com.lightbox.CompleteRegistrationLightboxTests#verify_complete_registration_lb_for_mini_reg</h3><table class="result"></table><p class="totop"><a href="#summary">back to summary</a></p><h3 id="m21">com.lightbox.CompleteRegistrationLightboxTests#verify_complete_registration_lb_for_silver_user</h3><table class="result"></table><p class="totop"><a href="#summary">back to summary</a></p><h3 id="m22">com.lightbox.CompleteRegistrationLightboxTests#verify_complete_registration_lb_for_social_user</h3><table class="result"></table><p class="totop"><a href="#summary">back to summary</a></p><h3 id="m23">com.lightbox.HighRiskLightboxTests#verify_25th_search_lb</h3><table class="result"></table><p class="totop"><a href="#summary">back to summary</a></p><h3 id="m24">com.lightbox.HighRiskLightboxTests#verify_40th_search_lb</h3><table class="result"></table><p class="totop"><a href="#summary">back to summary</a></p><h3 id="m25">com.lightbox.HighRiskLightboxTests#verify_500th_search_lb</h3><table class="result"></table><p class="totop"><a href="#summary">back to summary</a></p><h3 id="m26">com.lightbox.HighRiskLightboxTests#verify_75th_search_lb</h3><table class="result"></table><p class="totop"><a href="#summary">back to summary</a></p><h3 id="m27">com.lightbox.HighRiskLightboxTests#verify_rapid_lb_for_rec_user</h3><table class="result"></table><p class="totop"><a href="#summary">back to summary</a></p><h3 id="m28">com.lightbox.OptinLightboxTests#verify_optin_lb_for_full_reg_user</h3><table class="result"></table><p class="totop"><a href="#summary">back to summary</a></p><h3 id="m29">com.lightbox.OptinLightboxTests#verify_optin_lb_for_silver_user</h3><table class="result"></table><p class="totop"><a href="#summary">back to summary</a></p><h3 id="m30">com.lightbox.OptinLightboxTests#verify_optin_lb_for_social_user</h3><table class="result"></table><p class="totop"><a href="#summary">back to summary</a></p><h3 id="m31">com.lightbox.SignInRegisterLightboxTests#verify_register_lb_for_unrec_user</h3><table class="result"></table><p class="totop"><a href="#summary">back to summary</a></p><h3 id="m32">com.lightbox.SignInRegisterLightboxTests#verify_register_signin_lb_for_unrec_user_on_serp</h3><table class="result"></table><p class="totop"><a href="#summary">back to summary</a></p><h3 id="m33">com.lightbox.SignInRegisterLightboxTests#verify_signin_lb_for_unrec_user</h3><table class="result"></table><p class="totop"><a href="#summary">back to summary</a></p><h3 id="m34">com.lightbox.WelcomeLightBoxTests#verify_welcome_lb_for_mini_reg_user</h3><table class="result"></table><p class="totop"><a href="#summary">back to summary</a></p><h3 id="m35">com.lightbox.WelcomeLightBoxTests#verify_welcome_lb_for_rec_user</h3><table class="result"></table><p class="totop"><a href="#summary">back to summary</a></p><h3 id="m36">com.lightbox.WelcomeLightBoxTests#verify_welcome_lb_for_silver_user</h3><table class="result"></table><p class="totop"><a href="#summary">back to summary</a></p><h3 id="m37">com.lightbox.WelcomeLightBoxTests#verify_welcome_lb_for_social_user</h3><table class="result"></table><p class="totop"><a href="#summary">back to summary</a></p><h3 id="m38">com.nfsp.NFSPTests#verify_default_nfsp_for_rec_user</h3><table class="result"></table><p class="totop"><a href="#summary">back to summary</a></p><h3 id="m39">com.search.SearchTests#verify_collapse_search_box_rec_user</h3><table class="result"></table><p class="totop"><a href="#summary">back to summary</a></p><h3 id="m40">com.search.SearchTests#verify_collapse_search_box_unrec_user</h3><table class="result"></table><p class="totop"><a href="#summary">back to summary</a></p><h3 id="m41">com.search.SearchTests#verify_inhouse_ads</h3><table class="result"></table><p class="totop"><a href="#summary">back to summary</a></p><h3 id="m42">com.search.SearchTests#verify_openx_banner_rec_user</h3><table class="result"></table><p class="totop"><a href="#summary">back to summary</a></p><h3 id="m43">com.search.SearchTests#verify_openx_banner_unrec_user</h3><table class="result"></table><p class="totop"><a href="#summary">back to summary</a></p><h3 id="m44">com.search.SearchTests#verify_search_box_redirection</h3><table class="result"></table><p class="totop"><a href="#summary">back to summary</a></p><h3 id="m45">com.search.SearchTests#verify_serp_pagination_carousel_shopping</h3><table class="result"></table><p class="totop"><a href="#summary">back to summary</a></p><h3 id="m46">com.search.SearchTests#verify_tokens_for_consecutive_search_for_same_keyword</h3><table class="result"></table><p class="totop"><a href="#summary">back to summary</a></p></body></html>