<!DOCTYPE html PUBLIC "-//W3C//DTD XHTML 1.1//EN" "http://www.w3.org/TR/xhtml11/DTD/xhtml11.dtd">
<html xmlns="http://www.w3.org/1999/xhtml"><head><title>TestNG Report</title><style type="text/css">table {margin-bottom:10px;border-collapse:collapse;empty-cells:show}th,td {border:1px solid #009;padding:.25em .5em}th {vertical-align:bottom}td {vertical-align:top}table a {font-weight:bold}.stripe td {background-color: #E6EBF9}.num {text-align:right}.passedodd td {background-color: #3F3}.passedeven td {background-color: #0A0}.skippedodd td {background-color: #DDD}.skippedeven td {background-color: #CCC}.failedodd td,.attn {background-color: #F33}.failedeven td,.stripe .attn {background-color: #D00}.stacktrace {white-space:pre;font-family:monospace}.totop {font-size:85%;text-align:center;border-bottom:2px solid #000}</style></head><body><table><tr><th>Test</th><th># Passed</th><th># Skipped</th><th># Failed</th><th>Time (ms)</th><th>Included Groups</th><th>Excluded Groups</th></tr><tr><th colspan="7">RegressionSuiteForDesktopAndTablet</th></tr><tr><td><a href="#t0">Miscellaneous related scenarios</a></td><td class="num">1</td><td class="num attn">1</td><td class="num attn">5</td><td class="num">1,192,704</td><td></td><td></td></tr><tr class="stripe"><td><a href="#t1">User types related scenarios</a></td><td class="num">0</td><td class="num">0</td><td class="num attn">4</td><td class="num">1,463,352</td><td></td><td></td></tr><tr><td><a href="#t2">Videos related scenarios</a></td><td class="num">1</td><td class="num">0</td><td class="num attn">5</td><td class="num">1,563,325</td><td></td><td></td></tr><tr class="stripe"><td><a href="#t3">Token Awarding and CategoryMenus related scenarios</a></td><td class="num">7</td><td class="num">0</td><td class="num attn">3</td><td class="num">1,713,258</td><td></td><td></td></tr><tr><td><a href="#t4">SERP, Lottery and Weather related scenarios</a></td><td class="num">10</td><td class="num">0</td><td class="num attn">5</td><td class="num">2,299,500</td><td></td><td></td></tr><tr class="stripe"><td><a href="#t5">Article page related scenarios</a></td><td class="num">7</td><td class="num">0</td><td class="num attn">1</td><td class="num">2,375,093</td><td></td><td></td></tr><tr><td><a href="#t6">Contest Entry related scenarios</a></td><td class="num">0</td><td class="num">0</td><td class="num attn">13</td><td class="num">2,925,999</td><td></td><td></td></tr><tr class="stripe"><td><a href="#t7">Light Box related scenarios</a></td><td class="num">19</td><td class="num">0</td><td class="num">0</td><td class="num">3,980,854</td><td></td><td></td></tr><tr><td><a href="#t8">VIP and Sweepstakes related scenarios</a></td><td class="num">9</td><td class="num">0</td><td class="num attn">1</td><td class="num">4,023,374</td><td></td><td></td></tr><tr class="stripe"><td><a href="#t9">NFSP related scenarios</a></td><td class="num">14</td><td class="num">0</td><td class="num attn">1</td><td class="num">4,035,588</td><td></td><td></td></tr><tr><th>Total</th><th class="num">68</th><th class="num attn">1</th><th class="num attn">38</th><th class="num">25,573,047</th><th colspan="2"></th></tr></table><table><thead><tr><th>Class</th><th>Method</th><th>Start</th><th>Time (ms)</th></tr></thead><tbody><tr><th colspan="4">RegressionSuiteForDesktopAndTablet</th></tr></tbody><tbody id="t0"><tr><th colspan="4">Miscellaneous related scenarios &#8212; failed</th></tr><tr class="failedeven"><td rowspan="2">com.miscellaneous.EcParameterTests</td><td><a href="#m0">verify_entry_message_on_latest_activity_tab</a></td><td rowspan="1">1552969968203</td><td rowspan="1">102163</td></tr><tr class="failedeven"><td><a href="#m1">verify_promotion_campaign_email</a></td><td rowspan="1">1552970833684</td><td rowspan="1">122449</td></tr><tr class="failedodd"><td rowspan="2">com.miscellaneous.ErrorHandlingTests</td><td><a href="#m2">verify_error_msg_cache_content_on_pages</a></td><td rowspan="1">1552970319195</td><td rowspan="1">331831</td></tr><tr class="failedodd"><td><a href="#m3">verify_error_msg_on_fpcontent_down</a></td><td rowspan="1">1552970667080</td><td rowspan="1">156719</td></tr><tr class="failedeven"><td rowspan="1">com.miscellaneous.ScratchPathTests</td><td><a href="#m4">verify_bonus_game_bar</a></td><td rowspan="1">1552970090657</td><td rowspan="1">218252</td></tr><tr><th colspan="4">Miscellaneous related scenarios &#8212; skipped</th></tr><tr class="skippedeven"><td rowspan="1">com.miscellaneous.ScratchPathTests</td><td><a href="#m5">play_scratch_path_games</a></td><td rowspan="1">1552971077812</td><td rowspan="1">0</td></tr><tr><th colspan="4">Miscellaneous related scenarios &#8212; passed</th></tr><tr class="passedeven"><td rowspan="1">com.miscellaneous.OurPicksTests</td><td><a href="#m6">verify_ads_on_homepage</a></td><td rowspan="1">1552970999227</td><td rowspan="1">78582</td></tr></tbody><tbody id="t1"><tr><th colspan="4">User types related scenarios &#8212; failed</th></tr><tr class="failedeven"><td rowspan="4">com.usertypes.UserTests</td><td><a href="#m7">verify_claim_button_on_all_pages_for_mini_reg_user</a></td><td rowspan="1">1552970580069</td><td rowspan="1">301993</td></tr><tr class="failedeven"><td><a href="#m8">verify_claim_button_on_all_pages_for_silver_user</a></td><td rowspan="1">1552970904048</td><td rowspan="1">443734</td></tr><tr class="failedeven"><td><a href="#m9">verify_claim_button_on_all_pages_for_social_user</a></td><td rowspan="1">1552969959150</td><td rowspan="1">382570</td></tr><tr class="failedeven"><td><a href="#m10">verify_the_registration_form_for_social_user</a></td><td rowspan="1">1552970359802</td><td rowspan="1">195488</td></tr></tbody><tbody id="t2"><tr><th colspan="4">Videos related scenarios &#8212; failed</th></tr><tr class="failedeven"><td rowspan="5">com.miscellaneous.VideoTests</td><td><a href="#m11">verify_ad_refresh_on_video_page</a></td><td rowspan="1">1552970848374</td><td rowspan="1">226633</td></tr><tr class="failedeven"><td><a href="#m12">verify_ads_on_video_page</a></td><td rowspan="1">1552971102220</td><td rowspan="1">340650</td></tr><tr class="failedeven"><td><a href="#m13">verify_video_details_on_video_log_for_mini_reg</a></td><td rowspan="1">1552970300906</td><td rowspan="1">190045</td></tr><tr class="failedeven"><td><a href="#m14">verify_video_details_on_video_log_for_silver_user</a></td><td rowspan="1">1552970519268</td><td rowspan="1">172820</td></tr><tr class="failedeven"><td><a href="#m15">verify_video_details_on_video_log_for_social_user</a></td><td rowspan="1">1552970714207</td><td rowspan="1">108022</td></tr><tr><th colspan="4">Videos related scenarios &#8212; passed</th></tr><tr class="passedeven"><td rowspan="1">com.miscellaneous.VideoTests</td><td><a href="#m16">verify_video_details_on_video_log_for_full_reg</a></td><td rowspan="1">1552969962847</td><td rowspan="1">321287</td></tr></tbody><tbody id="t3"><tr><th colspan="4">Token Awarding and CategoryMenus related scenarios &#8212; failed</th></tr><tr class="failedeven"><td rowspan="1">com.awardtokens.BirthdayTests</td><td><a href="#m17">birthday_tokens</a></td><td rowspan="1">1552970562584</td><td rowspan="1">225565</td></tr><tr class="failedodd"><td rowspan="1">com.awardtokens.SegIdTokens</td><td><a href="#m18">verify_tokens_seg_id</a></td><td rowspan="1">1552970211669</td><td rowspan="1">136105</td></tr><tr class="failedeven"><td rowspan="1">com.awardtokens.TokenQueueTests</td><td><a href="#m19">verify_credit_token_queue</a></td><td rowspan="1">1552970356213</td><td rowspan="1">195564</td></tr><tr><th colspan="4">Token Awarding and CategoryMenus related scenarios &#8212; passed</th></tr><tr class="passedeven"><td rowspan="4">com.miscellaneous.CategoryMenuTests</td><td><a href="#m20">verfiy_newly_added_sub_category</a></td><td rowspan="1">1552970800825</td><td rowspan="1">104374</td></tr><tr class="passedeven"><td><a href="#m21">verify_ads_on_category_page</a></td><td rowspan="1">1552971446720</td><td rowspan="1">161143</td></tr><tr class="passedeven"><td><a href="#m22">verify_native_gpt_ad_positioning</a></td><td rowspan="1">1552971211599</td><td rowspan="1">107821</td></tr><tr class="passedeven"><td><a href="#m23">verify_top_story_native_ad</a></td><td rowspan="1">1552971325008</td><td rowspan="1">109158</td></tr><tr class="passedodd"><td rowspan="3">com.miscellaneous.SubCategoryMenuTests</td><td><a href="#m24">verify_ads_on_sub_category_page</a></td><td rowspan="1">1552971049987</td><td rowspan="1">154214</td></tr><tr class="passedodd"><td><a href="#m25">verify_native_ad_positioning</a></td><td rowspan="1">1552970913465</td><td rowspan="1">127181</td></tr><tr class="passedodd"><td><a href="#m26">verify_page_articles_count</a></td><td rowspan="1">1552969966406</td><td rowspan="1">236702</td></tr></tbody><tbody id="t4"><tr><th colspan="4">SERP, Lottery and Weather related scenarios &#8212; failed</th></tr><tr class="failedeven"><td rowspan="1">com.lottery.LotteryTests</td><td><a href="#m27">verify_lottery_page_recognized_user</a></td><td rowspan="1">1552970400591</td><td rowspan="1">203219</td></tr><tr class="failedodd"><td rowspan="2">com.search.SearchTests</td><td><a href="#m28">verify_inhouse_ads</a></td><td rowspan="1">1552971226467</td><td rowspan="1">152667</td></tr><tr class="failedodd"><td><a href="#m29">verify_tokens_for_consecutive_search_for_same_keyword</a></td><td rowspan="1">1552972037323</td><td rowspan="1">149600</td></tr><tr class="failedeven"><td rowspan="2">com.weather.WeatherTests</td><td><a href="#m30">verify_ads_on_weather_page</a></td><td rowspan="1">1552971640909</td><td rowspan="1">189471</td></tr><tr class="failedeven"><td><a href="#m31">verify_hourly_forecast_details</a></td><td rowspan="1">1552970626419</td><td rowspan="1">175296</td></tr><tr><th colspan="4">SERP, Lottery and Weather related scenarios &#8212; passed</th></tr><tr class="passedeven"><td rowspan="2">com.lottery.LotteryTests</td><td><a href="#m32">verify_ads_on_lottery_page</a></td><td rowspan="1">1552970918084</td><td rowspan="1">153088</td></tr><tr class="passedeven"><td><a href="#m33">verify_lottery_page_unrecognized_user</a></td><td rowspan="1">1552969951002</td><td rowspan="1">148031</td></tr><tr class="passedodd"><td rowspan="6">com.search.SearchTests</td><td><a href="#m34">verify_collapse_search_box_rec_user</a></td><td rowspan="1">1552971510229</td><td rowspan="1">125184</td></tr><tr class="passedodd"><td><a href="#m35">verify_collapse_search_box_unrec_user</a></td><td rowspan="1">1552971842645</td><td rowspan="1">41291</td></tr><tr class="passedodd"><td><a href="#m36">verify_openx_banner_rec_user</a></td><td rowspan="1">1552971897874</td><td rowspan="1">93505</td></tr><tr class="passedodd"><td><a href="#m37">verify_openx_banner_unrec_user</a></td><td rowspan="1">1552971997187</td><td rowspan="1">29670</td></tr><tr class="passedodd"><td><a href="#m38">verify_search_box_redirection</a></td><td rowspan="1">1552970111809</td><td rowspan="1">271956</td></tr><tr class="passedodd"><td><a href="#m39">verify_serp_pagination_carousel_shopping</a></td><td rowspan="1">1552970814137</td><td rowspan="1">89434</td></tr><tr class="passedeven"><td rowspan="2">com.weather.WeatherTests</td><td><a href="#m40">verify_daily_forecast_details</a></td><td rowspan="1">1552971076965</td><td rowspan="1">137832</td></tr><tr class="passedeven"><td><a href="#m41">weather_climate_history</a></td><td rowspan="1">1552971398393</td><td rowspan="1">103273</td></tr></tbody><tbody id="t5"><tr><th colspan="4">Article page related scenarios &#8212; failed</th></tr><tr class="failedeven"><td rowspan="1">com.miscellaneous.ArticleTests</td><td><a href="#m42">verify_article_page</a></td><td rowspan="1">1552969964116</td><td rowspan="1">335908</td></tr><tr><th colspan="4">Article page related scenarios &#8212; passed</th></tr><tr class="passedeven"><td rowspan="7">com.miscellaneous.ArticleTests</td><td><a href="#m43">verify_ads_on_article_page</a></td><td rowspan="1">1552972121202</td><td rowspan="1">148810</td></tr><tr class="passedeven"><td><a href="#m44">verify_article_page_bottom_dfp_ad</a></td><td rowspan="1">1552970338835</td><td rowspan="1">165690</td></tr><tr class="passedeven"><td><a href="#m45">verify_article_page_teads_ad</a></td><td rowspan="1">1552970510465</td><td rowspan="1">278072</td></tr><tr class="passedeven"><td><a href="#m46">verify_story_details_on_story_log_for_full_reg</a></td><td rowspan="1">1552970798045</td><td rowspan="1">324250</td></tr><tr class="passedeven"><td><a href="#m47">verify_story_details_on_story_log_for_mini_reg</a></td><td rowspan="1">1552971141290</td><td rowspan="1">321851</td></tr><tr class="passedeven"><td><a href="#m48">verify_story_details_on_story_log_for_silver_user</a></td><td rowspan="1">1552971469063</td><td rowspan="1">278239</td></tr><tr class="passedeven"><td><a href="#m49">verify_story_details_on_story_log_for_social_user</a></td><td rowspan="1">1552971755863</td><td rowspan="1">350772</td></tr></tbody><tbody id="t6"><tr><th colspan="4">Contest Entry related scenarios &#8212; failed</th></tr><tr class="failedeven"><td rowspan="13">com.contestentry.ContestEntryTests</td><td><a href="#m50">verify_bmh_queue</a></td><td rowspan="1">1552972662455</td><td rowspan="1">156613</td></tr><tr class="failedeven"><td><a href="#m51">verify_contest_entry_full_reg</a></td><td rowspan="1">1552969963947</td><td rowspan="1">316783</td></tr><tr class="failedeven"><td><a href="#m52">verify_contest_entry_invalid_ck_on_admin_valid_on_url</a></td><td rowspan="1">1552972009974</td><td rowspan="1">143122</td></tr><tr class="failedeven"><td><a href="#m53">verify_contest_entry_invalid_ck_on_url_valid_on_admin</a></td><td rowspan="1">1552972163962</td><td rowspan="1">104296</td></tr><tr class="failedeven"><td><a href="#m54">verify_contest_entry_invalid_tc_on_url_valid_ck_on_admin</a></td><td rowspan="1">1552972281219</td><td rowspan="1">111032</td></tr><tr class="failedeven"><td><a href="#m55">verify_contest_entry_mini_reg</a></td><td rowspan="1">1552970299214</td><td rowspan="1">346963</td></tr><tr class="failedeven"><td><a href="#m56">verify_contest_entry_queue</a></td><td rowspan="1">1552972400776</td><td rowspan="1">249645</td></tr><tr class="failedeven"><td><a href="#m57">verify_contest_entry_silver_user</a></td><td rowspan="1">1552970657047</td><td rowspan="1">292242</td></tr><tr class="failedeven"><td><a href="#m58">verify_contest_entry_social_user</a></td><td rowspan="1">1552970965517</td><td rowspan="1">360959</td></tr><tr class="failedeven"><td><a href="#m59">verify_contest_entry_with_ck_without_tc_v</a></td><td rowspan="1">1552971499562</td><td rowspan="1">104724</td></tr><tr class="failedeven"><td><a href="#m60">verify_contest_entry_with_mulitple_ck</a></td><td rowspan="1">1552971613854</td><td rowspan="1">108323</td></tr><tr class="failedeven"><td><a href="#m61">verify_contest_entry_with_tc_v_without_ck</a></td><td rowspan="1">1552971340736</td><td rowspan="1">149534</td></tr><tr class="failedeven"><td><a href="#m62">verify_failed_contest_entry</a></td><td rowspan="1">1552971731030</td><td rowspan="1">268567</td></tr></tbody><tbody id="t7"><tr><th colspan="4">Light Box related scenarios &#8212; passed</th></tr><tr class="passedeven"><td rowspan="3">com.lightbox.CompleteRegistrationLightboxTests</td><td><a href="#m63">verify_complete_registration_lb_for_mini_reg</a></td><td rowspan="1">1552970966391</td><td rowspan="1">191137</td></tr><tr class="passedeven"><td><a href="#m64">verify_complete_registration_lb_for_silver_user</a></td><td rowspan="1">1552972021559</td><td rowspan="1">123133</td></tr><tr class="passedeven"><td><a href="#m65">verify_complete_registration_lb_for_social_user</a></td><td rowspan="1">1552972829468</td><td rowspan="1">240138</td></tr><tr class="passedodd"><td rowspan="5">com.lightbox.HighRiskLightboxTests</td><td><a href="#m66">verify_25th_search_lb</a></td><td rowspan="1">1552971597468</td><td rowspan="1">197043</td></tr><tr class="passedodd"><td><a href="#m67">verify_40th_search_lb</a></td><td rowspan="1">1552972491024</td><td rowspan="1">152791</td></tr><tr class="passedodd"><td><a href="#m68">verify_500th_search_lb</a></td><td rowspan="1">1552973663295</td><td rowspan="1">211395</td></tr><tr class="passedodd"><td><a href="#m69">verify_75th_search_lb</a></td><td rowspan="1">1552973353449</td><td rowspan="1">154424</td></tr><tr class="passedodd"><td><a href="#m70">verify_rapid_lb_for_rec_user</a></td><td rowspan="1">1552970282998</td><td rowspan="1">196011</td></tr><tr class="passedeven"><td rowspan="4">com.lightbox.OptinLightboxTests</td><td><a href="#m71">verify_optin_lb_for_full_reg_user</a></td><td rowspan="1">1552970693828</td><td rowspan="1">266406</td></tr><tr class="passedeven"><td><a href="#m72">verify_optin_lb_for_mini_reg_user</a></td><td rowspan="1">1552971800465</td><td rowspan="1">208125</td></tr><tr class="passedeven"><td><a href="#m73">verify_optin_lb_for_silver_user</a></td><td rowspan="1">1552973516851</td><td rowspan="1">141136</td></tr><tr class="passedeven"><td><a href="#m74">verify_optin_lb_for_social_user</a></td><td rowspan="1">1552972650185</td><td rowspan="1">145085</td></tr><tr class="passedodd"><td rowspan="3">com.lightbox.SignInRegisterLightboxTests</td><td><a href="#m75">verify_register_lb_for_unrec_user</a></td><td rowspan="1">1552971163258</td><td rowspan="1">213894</td></tr><tr class="passedodd"><td><a href="#m76">verify_register_signin_lb_for_unrec_user_on_serp</a></td><td rowspan="1">1552973075251</td><td rowspan="1">61766</td></tr><tr class="passedodd"><td><a href="#m77">verify_signin_lb_for_unrec_user</a></td><td rowspan="1">1552972151017</td><td rowspan="1">121230</td></tr><tr class="passedeven"><td rowspan="4">com.lightbox.WelcomeLightBoxTests</td><td><a href="#m78">verify_welcome_lb_for_mini_reg_user</a></td><td rowspan="1">1552971386435</td><td rowspan="1">205498</td></tr><tr class="passedeven"><td><a href="#m79">verify_welcome_lb_for_rec_user</a></td><td rowspan="1">1552969965480</td><td rowspan="1">262242</td></tr><tr class="passedeven"><td><a href="#m80">verify_welcome_lb_for_silver_user</a></td><td rowspan="1">1552972280866</td><td rowspan="1">197050</td></tr><tr class="passedeven"><td><a href="#m81">verify_welcome_lb_for_social_user</a></td><td rowspan="1">1552973143921</td><td rowspan="1">202218</td></tr></tbody><tbody id="t8"><tr><th colspan="4">VIP and Sweepstakes related scenarios &#8212; failed</th></tr><tr class="failedeven"><td rowspan="1">com.vip.VipTests</td><td><a href="#m82">verify_vip_activity</a></td><td rowspan="1">1552971881158</td><td rowspan="1">120182</td></tr><tr><th colspan="4">VIP and Sweepstakes related scenarios &#8212; passed</th></tr><tr class="passedeven"><td rowspan="7">com.sweepstakes.Sweepstakes</td><td><a href="#m83">verify_sweepstakes_on_edl_comics_page</a></td><td rowspan="1">1552972943954</td><td rowspan="1">232689</td></tr><tr class="passedeven"><td><a href="#m84">verify_sweepstakes_on_edl_health_page</a></td><td rowspan="1">1552972700258</td><td rowspan="1">233701</td></tr><tr class="passedeven"><td><a href="#m85">verify_sweepstakes_on_edl_home_page</a></td><td rowspan="1">1552971395612</td><td rowspan="1">231965</td></tr><tr class="passedeven"><td><a href="#m86">verify_sweepstakes_on_edl_lifehacks_page</a></td><td rowspan="1">1552973181776</td><td rowspan="1">247025</td></tr><tr class="passedeven"><td><a href="#m87">verify_sweepstakes_on_edl_pets_page</a></td><td rowspan="1">1552973439426</td><td rowspan="1">237405</td></tr><tr class="passedeven"><td><a href="#m88">verify_sweepstakes_on_edl_recipe_page</a></td><td rowspan="1">1552971636435</td><td rowspan="1">238729</td></tr><tr class="passedeven"><td><a href="#m89">verify_sweepstakes_on_edl_trending_page</a></td><td rowspan="1">1552973682060</td><td rowspan="1">236017</td></tr><tr class="passedodd"><td rowspan="2">com.vip.VipTests</td><td><a href="#m90">verify_vip_activity_by_search</a></td><td rowspan="1">1552972012851</td><td rowspan="1">679135</td></tr><tr class="passedodd"><td><a href="#m91">verify_vip_call_trigger_order</a></td><td rowspan="1">1552969965994</td><td rowspan="1">377531</td></tr></tbody><tbody id="t9"><tr><th colspan="4">NFSP related scenarios &#8212; failed</th></tr><tr class="failedeven"><td rowspan="1">com.nfsp.NFSPSegmentTests</td><td><a href="#m92">verify_nfsp_for_algo_only_segment_gold_user</a></td><td rowspan="1">1552970181109</td><td rowspan="1">100807</td></tr><tr><th colspan="4">NFSP related scenarios &#8212; passed</th></tr><tr class="passedeven"><td rowspan="11">com.nfsp.NFSPSegmentTests</td><td><a href="#m93">verify_nfsp_for_algo_only_segment_mini_reg_user</a></td><td rowspan="1">1552971958959</td><td rowspan="1">313281</td></tr><tr class="passedeven"><td><a href="#m94">verify_nfsp_for_algo_only_segment_silver_user</a></td><td rowspan="1">1552971079609</td><td rowspan="1">302128</td></tr><tr class="passedeven"><td><a href="#m95">verify_nfsp_for_algo_only_segment_social_user</a></td><td rowspan="1">1552972901188</td><td rowspan="1">351823</td></tr><tr class="passedeven"><td><a href="#m96">verify_nfsp_in_url_for_gold_user</a></td><td rowspan="1">1552970660839</td><td rowspan="1">244174</td></tr><tr class="passedeven"><td><a href="#m97">verify_nfsp_in_url_for_mini_reg_user</a></td><td rowspan="1">1552972513555</td><td rowspan="1">378745</td></tr><tr class="passedeven"><td><a href="#m98">verify_nfsp_in_url_for_silver_user</a></td><td rowspan="1">1552971595461</td><td rowspan="1">354187</td></tr><tr class="passedeven"><td><a href="#m99">verify_nfsp_in_url_for_social_user</a></td><td rowspan="1">1552973517223</td><td rowspan="1">412174</td></tr><tr class="passedeven"><td><a href="#m100">verify_nfsp_specific_segment_for_gold_user</a></td><td rowspan="1">1552970405000</td><td rowspan="1">91173</td></tr><tr class="passedeven"><td><a href="#m101">verify_nfsp_specific_segment_for_mini_reg_user</a></td><td rowspan="1">1552972281280</td><td rowspan="1">216206</td></tr><tr class="passedeven"><td><a href="#m102">verify_nfsp_specific_segment_for_silver_user</a></td><td rowspan="1">1552971388468</td><td rowspan="1">198560</td></tr><tr class="passedeven"><td><a href="#m103">verify_nfsp_specific_segment_for_social_user</a></td><td rowspan="1">1552973262142</td><td rowspan="1">247893</td></tr><tr class="passedodd"><td rowspan="3">com.nfsp.NFSPTests</td><td><a href="#m104">verify_default_nfsp_for_rec_user</a></td><td rowspan="1">1552970504873</td><td rowspan="1">150450</td></tr><tr class="passedodd"><td><a href="#m105">verify_nfsp_after_5_search_for_unrec_user</a></td><td rowspan="1">1552970336541</td><td rowspan="1">62172</td></tr><tr class="passedodd"><td><a href="#m106">verify_nfsp_for_rec_user_after_27_search</a></td><td rowspan="1">1552970915171</td><td rowspan="1">158515</td></tr></tbody></table><h2>Miscellaneous related scenarios</h2><h3 id="m0">com.miscellaneous.EcParameterTests#verify_entry_message_on_latest_activity_tab</h3><table class="result"><tr><th>Exception</th></tr><tr><td><div class="stacktrace">java.lang.AssertionError: expected [true] but found [false]
	at com.util.WrapperFunctions.assertTrue(WrapperFunctions.java:1708)
	at com.miscellaneous.EcParameterTests.verify_entry_message_on_latest_activity_tab(EcParameterTests.java:34)
	at java.base/java.util.concurrent.FutureTask.run(FutureTask.java:264)
	at java.base/java.util.concurrent.ThreadPoolExecutor.runWorker(ThreadPoolExecutor.java:1128)
	at java.base/java.util.concurrent.ThreadPoolExecutor$Worker.run(ThreadPoolExecutor.java:628)
	at java.base/java.lang.Thread.run(Thread.java:834)
... Removed 20 stack frames</div></td></tr></table><p class="totop"><a href="#summary">back to summary</a></p><h3 id="m1">com.miscellaneous.EcParameterTests#verify_promotion_campaign_email</h3><table class="result"><tr><th>Exception</th></tr><tr><td><div class="stacktrace">java.lang.AssertionError: expected [true] but found [false]
	at com.util.WrapperFunctions.assertTrue(WrapperFunctions.java:1708)
	at com.miscellaneous.EcParameterTests.verify_promotion_campaign_email(EcParameterTests.java:74)
	at java.base/java.util.concurrent.FutureTask.run(FutureTask.java:264)
	at java.base/java.util.concurrent.ThreadPoolExecutor.runWorker(ThreadPoolExecutor.java:1128)
	at java.base/java.util.concurrent.ThreadPoolExecutor$Worker.run(ThreadPoolExecutor.java:628)
	at java.base/java.lang.Thread.run(Thread.java:834)
... Removed 20 stack frames</div></td></tr></table><p class="totop"><a href="#summary">back to summary</a></p><h3 id="m2">com.miscellaneous.ErrorHandlingTests#verify_error_msg_cache_content_on_pages</h3><table class="result"><tr><th>Exception</th></tr><tr><td><div class="stacktrace">java.lang.AssertionError: By.id: art_state LISTBOX NOT FOUND. TEST FAILED.
	at com.util.WrapperFunctions.selectByVisibleText(WrapperFunctions.java:822)
	at com.pageobjects.JoomlaConfigPage.publish_article(JoomlaConfigPage.java:162)
	at com.miscellaneous.ErrorHandlingTests.verify_error_msg_cache_content_on_pages(ErrorHandlingTests.java:249)
	at java.base/java.util.concurrent.FutureTask.run(FutureTask.java:264)
	at java.base/java.util.concurrent.ThreadPoolExecutor.runWorker(ThreadPoolExecutor.java:1128)
	at java.base/java.util.concurrent.ThreadPoolExecutor$Worker.run(ThreadPoolExecutor.java:628)
	at java.base/java.lang.Thread.run(Thread.java:834)
... Removed 17 stack frames</div></td></tr></table><p class="totop"><a href="#summary">back to summary</a></p><h3 id="m3">com.miscellaneous.ErrorHandlingTests#verify_error_msg_on_fpcontent_down</h3><table class="result"><tr><th>Exception</th></tr><tr><td><div class="stacktrace">java.lang.AssertionError: expected [true] but found [false]
	at com.util.WrapperFunctions.assertTrue(WrapperFunctions.java:1708)
	at com.miscellaneous.ErrorHandlingTests.verify_error_msg_on_fpcontent_down(ErrorHandlingTests.java:81)
	at java.base/java.util.concurrent.FutureTask.run(FutureTask.java:264)
	at java.base/java.util.concurrent.ThreadPoolExecutor.runWorker(ThreadPoolExecutor.java:1128)
	at java.base/java.util.concurrent.ThreadPoolExecutor$Worker.run(ThreadPoolExecutor.java:628)
	at java.base/java.lang.Thread.run(Thread.java:834)
... Removed 20 stack frames</div></td></tr></table><p class="totop"><a href="#summary">back to summary</a></p><h3 id="m4">com.miscellaneous.ScratchPathTests#verify_bonus_game_bar</h3><table class="result"><tr><th>Exception</th></tr><tr><td><div class="stacktrace">java.lang.AssertionError: expected [true] but found [false]
	at com.util.WrapperFunctions.assertTrue(WrapperFunctions.java:1708)
	at com.miscellaneous.ScratchPathTests.verify_bonus_game_bar(ScratchPathTests.java:63)
	at java.base/java.util.concurrent.FutureTask.run(FutureTask.java:264)
	at java.base/java.util.concurrent.ThreadPoolExecutor.runWorker(ThreadPoolExecutor.java:1128)
	at java.base/java.util.concurrent.ThreadPoolExecutor$Worker.run(ThreadPoolExecutor.java:628)
	at java.base/java.lang.Thread.run(Thread.java:834)
... Removed 20 stack frames</div></td></tr></table><p class="totop"><a href="#summary">back to summary</a></p><h3 id="m5">com.miscellaneous.ScratchPathTests#play_scratch_path_games</h3><table class="result"><tr><th>Exception</th></tr><tr><td><div class="stacktrace">java.lang.Throwable: Method ScratchPathTests.play_scratch_path_games()[pri:2, instance:com.miscellaneous.ScratchPathTests@63f9cb25] depends on not successfully finished methods
	at java.base/java.util.concurrent.FutureTask.run(FutureTask.java:264)
	at java.base/java.util.concurrent.ThreadPoolExecutor.runWorker(ThreadPoolExecutor.java:1128)
	at java.base/java.util.concurrent.ThreadPoolExecutor$Worker.run(ThreadPoolExecutor.java:628)
	at java.base/java.lang.Thread.run(Thread.java:834)
... Removed 9 stack frames</div></td></tr></table><p class="totop"><a href="#summary">back to summary</a></p><h3 id="m6">com.miscellaneous.OurPicksTests#verify_ads_on_homepage</h3><table class="result"></table><p class="totop"><a href="#summary">back to summary</a></p><h2>User types related scenarios</h2><h3 id="m7">com.usertypes.UserTests#verify_claim_button_on_all_pages_for_mini_reg_user</h3><table class="result"><tr><th>Exception</th></tr><tr><td><div class="stacktrace">org.openqa.selenium.ScriptTimeoutException: timeout
  (Session info: chrome=71.0.3578.80)
  (Driver info: chromedriver=2.44.609538 (b655c5a60b0b544917107a59d4153d4bf78e1b90),platform=Windows NT 10.0.17763 x86_64) (WARNING: The server did not provide any stacktrace information)
Command duration or timeout: 200.24 seconds
Build info: version: &apos;2.53.0&apos;, revision: &apos;35ae25b&apos;, time: &apos;2016-03-15 17:00:58&apos;
System info: host: &apos;207-254-10-161&apos;, ip: &apos;207.254.10.161&apos;, os.name: &apos;windows&apos;, os.arch: &apos;x86&apos;, os.version: &apos;10.0&apos;, java.version: &apos;1.8.0_181&apos;
Driver info: org.openqa.selenium.chrome.ChromeDriver
Capabilities [{mobileEmulationEnabled=false, hasTouchScreen=false, platform=XP, acceptSslCerts=false, goog:chromeOptions={debuggerAddress=localhost:2543}, acceptInsecureCerts=false, webStorageEnabled=true, browserName=chrome, takesScreenshot=true, javascriptEnabled=true, setWindowRect=true, unexpectedAlertBehaviour=ignore, applicationCacheEnabled=false, rotatable=false, networkConnectionEnabled=false, chrome={chromedriverVersion=2.44.609538 (b655c5a60b0b544917107a59d4153d4bf78e1b90), userDataDir=C:\Windows\proxy\scoped_dir6316_42}, takesHeapSnapshot=true, pageLoadStrategy=normal, databaseEnabled=false, handlesAlerts=true, version=71.0.3578.80, browserConnectionEnabled=false, nativeEvents=true, locationContextEnabled=true, cssSelectorsEnabled=true}]
Session ID: ccef8b987ab9ccd0b1175c5a3ed386e1
Command duration or timeout: 0 milliseconds
	at org.openqa.selenium.remote.ErrorHandler.createThrowable(ErrorHandler.java:214)
	at org.openqa.selenium.remote.ErrorHandler.throwIfResponseFailed(ErrorHandler.java:166)
	at org.openqa.selenium.remote.http.JsonHttpResponseCodec.reconstructValue(JsonHttpResponseCodec.java:40)
	at org.openqa.selenium.remote.http.AbstractHttpResponseCodec.decode(AbstractHttpResponseCodec.java:80)
	at org.openqa.selenium.remote.http.AbstractHttpResponseCodec.decode(AbstractHttpResponseCodec.java:44)
	at org.openqa.selenium.remote.HttpCommandExecutor.execute(HttpCommandExecutor.java:158)
	at org.openqa.selenium.remote.RemoteWebDriver.execute(RemoteWebDriver.java:552)
	at org.openqa.selenium.remote.RemoteWebDriver.executeScript(RemoteWebDriver.java:489)
	at com.util.WrapperFunctions.button(WrapperFunctions.java:927)
	at com.pageobjects.HomePage.click_first_video_link(HomePage.java:518)
	at com.usertypes.UserTests.verify_claim_button_on_all_pages_for_mini_reg_user(UserTests.java:148)
	at java.base/java.util.concurrent.FutureTask.run(FutureTask.java:264)
	at java.base/java.util.concurrent.ThreadPoolExecutor.runWorker(ThreadPoolExecutor.java:1128)
	at java.base/java.util.concurrent.ThreadPoolExecutor$Worker.run(ThreadPoolExecutor.java:628)
	at java.base/java.lang.Thread.run(Thread.java:834)
Caused by: org.openqa.selenium.remote.ScreenshotException: Screen shot has been taken
	at org.openqa.selenium.remote.ErrorHandler.throwIfResponseFailed(ErrorHandler.java:140)
	... 29 more
Caused by: org.openqa.selenium.TimeoutException: timeout
  (Session info: chrome=71.0.3578.80)
  (Driver info: chromedriver=2.44.609538 (b655c5a60b0b544917107a59d4153d4bf78e1b90),platform=Windows NT 10.0.17763 x86_64) (WARNING: The server did not provide any stacktrace information)
Command duration or timeout: 200.24 seconds
Build info: version: &apos;2.53.0&apos;, revision: &apos;35ae25b&apos;, time: &apos;2016-03-15 17:00:58&apos;
System info: host: &apos;207-254-10-161&apos;, ip: &apos;207.254.10.161&apos;, os.name: &apos;windows&apos;, os.arch: &apos;x86&apos;, os.version: &apos;10.0&apos;, java.version: &apos;1.8.0_181&apos;
Driver info: org.openqa.selenium.chrome.ChromeDriver
Capabilities [{mobileEmulationEnabled=false, hasTouchScreen=false, platform=XP, acceptSslCerts=false, goog:chromeOptions={debuggerAddress=localhost:2543}, acceptInsecureCerts=false, webStorageEnabled=true, browserName=chrome, takesScreenshot=true, javascriptEnabled=true, setWindowRect=true, unexpectedAlertBehaviour=ignore, applicationCacheEnabled=false, rotatable=false, networkConnectionEnabled=false, chrome={chromedriverVersion=2.44.609538 (b655c5a60b0b544917107a59d4153d4bf78e1b90), userDataDir=C:\Windows\proxy\scoped_dir6316_42}, takesHeapSnapshot=true, pageLoadStrategy=normal, databaseEnabled=false, handlesAlerts=true, version=71.0.3578.80, browserConnectionEnabled=false, nativeEvents=true, locationContextEnabled=true, cssSelectorsEnabled=true}]
Session ID: ccef8b987ab9ccd0b1175c5a3ed386e1
Build info: version: &apos;3.141.59&apos;, revision: &apos;e82be7d358&apos;, time: &apos;2018-11-14T08:17:03&apos;
System info: host: &apos;VSANKAR2&apos;, ip: &apos;10.37.0.236&apos;, os.name: &apos;Windows 7&apos;, os.arch: &apos;amd64&apos;, os.version: &apos;6.1&apos;, java.version: &apos;11.0.2&apos;
Driver info: driver.version: EventFiringWebDriver
	at org.openqa.selenium.remote.ErrorHandler.createThrowable(ErrorHandler.java:206)
	at org.openqa.selenium.remote.ErrorHandler.throwIfResponseFailed(ErrorHandler.java:158)
	at org.openqa.selenium.remote.RemoteWebDriver.execute(RemoteWebDriver.java:678)
	at org.openqa.selenium.remote.RemoteWebDriver.executeScript(RemoteWebDriver.java:577)
	at org.openqa.selenium.support.events.EventFiringWebDriver$2.invoke(EventFiringWebDriver.java:103)
	at com.sun.proxy.$Proxy1.executeScript(Unknown Source)
	at org.openqa.selenium.support.events.EventFiringWebDriver.executeScript(EventFiringWebDriver.java:217)
	at org.openqa.selenium.remote.server.handler.ExecuteScript.call(ExecuteScript.java:54)
	at java.util.concurrent.FutureTask.run(Unknown Source)
	at org.openqa.selenium.remote.server.DefaultSession$1.run(DefaultSession.java:176)
	at java.util.concurrent.ThreadPoolExecutor.runWorker(Unknown Source)
	at java.util.concurrent.ThreadPoolExecutor$Worker.run(Unknown Source)
	at java.lang.Thread.run(Unknown Source)
... Removed 27 stack frames</div></td></tr></table><p class="totop"><a href="#summary">back to summary</a></p><h3 id="m8">com.usertypes.UserTests#verify_claim_button_on_all_pages_for_silver_user</h3><table class="result"><tr><th>Exception</th></tr><tr><td><div class="stacktrace">java.lang.AssertionError: expected [true] but found [false]
	at com.util.WrapperFunctions.assertTrue(WrapperFunctions.java:1708)
	at com.usertypes.UserTests.verify_claim_button_on_all_pages_for_silver_user(UserTests.java:254)
	at java.base/java.util.concurrent.FutureTask.run(FutureTask.java:264)
	at java.base/java.util.concurrent.ThreadPoolExecutor.runWorker(ThreadPoolExecutor.java:1128)
	at java.base/java.util.concurrent.ThreadPoolExecutor$Worker.run(ThreadPoolExecutor.java:628)
	at java.base/java.lang.Thread.run(Thread.java:834)
... Removed 20 stack frames</div></td></tr></table><p class="totop"><a href="#summary">back to summary</a></p><h3 id="m9">com.usertypes.UserTests#verify_claim_button_on_all_pages_for_social_user</h3><table class="result"><tr><th>Exception</th></tr><tr><td><div class="stacktrace">java.lang.AssertionError: expected [true] but found [false]
	at com.util.WrapperFunctions.assertTrue(WrapperFunctions.java:1708)
	at com.usertypes.UserTests.verify_claim_button_on_all_pages_for_social_user(UserTests.java:76)
	at java.base/java.util.concurrent.FutureTask.run(FutureTask.java:264)
	at java.base/java.util.concurrent.ThreadPoolExecutor.runWorker(ThreadPoolExecutor.java:1128)
	at java.base/java.util.concurrent.ThreadPoolExecutor$Worker.run(ThreadPoolExecutor.java:628)
	at java.base/java.lang.Thread.run(Thread.java:834)
... Removed 20 stack frames</div></td></tr></table><p class="totop"><a href="#summary">back to summary</a></p><h3 id="m10">com.usertypes.UserTests#verify_the_registration_form_for_social_user</h3><table class="result"><tr><th>Exception</th></tr><tr><td><div class="stacktrace">java.lang.AssertionError: expected [true] but found [false]
	at com.util.WrapperFunctions.assertTrue(WrapperFunctions.java:1708)
	at com.usertypes.UserTests.verify_the_registration_form_for_social_user(UserTests.java:123)
	at java.base/java.util.concurrent.FutureTask.run(FutureTask.java:264)
	at java.base/java.util.concurrent.ThreadPoolExecutor.runWorker(ThreadPoolExecutor.java:1128)
	at java.base/java.util.concurrent.ThreadPoolExecutor$Worker.run(ThreadPoolExecutor.java:628)
	at java.base/java.lang.Thread.run(Thread.java:834)
... Removed 20 stack frames</div></td></tr></table><p class="totop"><a href="#summary">back to summary</a></p><h2>Videos related scenarios</h2><h3 id="m11">com.miscellaneous.VideoTests#verify_ad_refresh_on_video_page</h3><table class="result"><tr><th>Exception</th></tr><tr><td><div class="stacktrace">java.lang.AssertionError: null
	at com.util.WrapperFunctions.assertNotEquals(WrapperFunctions.java:1606)
	at com.miscellaneous.VideoTests.verify_ad_refresh_on_video_page(VideoTests.java:768)
	at java.base/java.util.concurrent.FutureTask.run(FutureTask.java:264)
	at java.base/java.util.concurrent.ThreadPoolExecutor.runWorker(ThreadPoolExecutor.java:1128)
	at java.base/java.util.concurrent.ThreadPoolExecutor$Worker.run(ThreadPoolExecutor.java:628)
	at java.base/java.lang.Thread.run(Thread.java:834)
... Removed 19 stack frames</div></td></tr></table><p class="totop"><a href="#summary">back to summary</a></p><h3 id="m12">com.miscellaneous.VideoTests#verify_ads_on_video_page</h3><table class="result"><tr><th>Exception</th></tr><tr><td><div class="stacktrace">org.openqa.selenium.ScriptTimeoutException: timeout
  (Session info: chrome=71.0.3578.80)
  (Driver info: chromedriver=2.44.609538 (b655c5a60b0b544917107a59d4153d4bf78e1b90),platform=Windows NT 10.0.16299 x86_64) (WARNING: The server did not provide any stacktrace information)
Command duration or timeout: 200.09 seconds
Build info: version: &apos;2.53.0&apos;, revision: &apos;35ae25b&apos;, time: &apos;2016-03-15 17:00:58&apos;
System info: host: &apos;208-52-164-82&apos;, ip: &apos;208.52.164.82&apos;, os.name: &apos;windows&apos;, os.arch: &apos;x86&apos;, os.version: &apos;10.0&apos;, java.version: &apos;1.8.0_181&apos;
Driver info: org.openqa.selenium.chrome.ChromeDriver
Capabilities [{mobileEmulationEnabled=false, hasTouchScreen=false, platform=XP, acceptSslCerts=false, goog:chromeOptions={debuggerAddress=localhost:2502}, acceptInsecureCerts=false, webStorageEnabled=true, browserName=chrome, takesScreenshot=true, javascriptEnabled=true, setWindowRect=true, unexpectedAlertBehaviour=ignore, applicationCacheEnabled=false, rotatable=false, networkConnectionEnabled=false, chrome={chromedriverVersion=2.44.609538 (b655c5a60b0b544917107a59d4153d4bf78e1b90), userDataDir=C:\Windows\proxy\scoped_dir4592_13773}, takesHeapSnapshot=true, pageLoadStrategy=normal, databaseEnabled=false, handlesAlerts=true, version=71.0.3578.80, browserConnectionEnabled=false, nativeEvents=true, locationContextEnabled=true, cssSelectorsEnabled=true}]
Session ID: 18cee9e79dd2e6119c0d453796dbb973
Command duration or timeout: 0 milliseconds
	at org.openqa.selenium.remote.ErrorHandler.createThrowable(ErrorHandler.java:214)
	at org.openqa.selenium.remote.ErrorHandler.throwIfResponseFailed(ErrorHandler.java:166)
	at org.openqa.selenium.remote.http.JsonHttpResponseCodec.reconstructValue(JsonHttpResponseCodec.java:40)
	at org.openqa.selenium.remote.http.AbstractHttpResponseCodec.decode(AbstractHttpResponseCodec.java:80)
	at org.openqa.selenium.remote.http.AbstractHttpResponseCodec.decode(AbstractHttpResponseCodec.java:44)
	at org.openqa.selenium.remote.HttpCommandExecutor.execute(HttpCommandExecutor.java:158)
	at org.openqa.selenium.remote.RemoteWebDriver.execute(RemoteWebDriver.java:552)
	at org.openqa.selenium.remote.RemoteWebDriver.executeScript(RemoteWebDriver.java:489)
	at com.util.WrapperFunctions.button(WrapperFunctions.java:895)
	at com.pageobjects.HomePage.click_vidoes_menu(HomePage.java:644)
	at com.miscellaneous.VideoTests.verify_ads_on_video_page(VideoTests.java:838)
	at java.base/java.util.concurrent.FutureTask.run(FutureTask.java:264)
	at java.base/java.util.concurrent.ThreadPoolExecutor.runWorker(ThreadPoolExecutor.java:1128)
	at java.base/java.util.concurrent.ThreadPoolExecutor$Worker.run(ThreadPoolExecutor.java:628)
	at java.base/java.lang.Thread.run(Thread.java:834)
Caused by: org.openqa.selenium.remote.ScreenshotException: Screen shot has been taken
	at org.openqa.selenium.remote.ErrorHandler.throwIfResponseFailed(ErrorHandler.java:140)
	... 29 more
Caused by: org.openqa.selenium.TimeoutException: timeout
  (Session info: chrome=71.0.3578.80)
  (Driver info: chromedriver=2.44.609538 (b655c5a60b0b544917107a59d4153d4bf78e1b90),platform=Windows NT 10.0.16299 x86_64) (WARNING: The server did not provide any stacktrace information)
Command duration or timeout: 200.09 seconds
Build info: version: &apos;2.53.0&apos;, revision: &apos;35ae25b&apos;, time: &apos;2016-03-15 17:00:58&apos;
System info: host: &apos;208-52-164-82&apos;, ip: &apos;208.52.164.82&apos;, os.name: &apos;windows&apos;, os.arch: &apos;x86&apos;, os.version: &apos;10.0&apos;, java.version: &apos;1.8.0_181&apos;
Driver info: org.openqa.selenium.chrome.ChromeDriver
Capabilities [{mobileEmulationEnabled=false, hasTouchScreen=false, platform=XP, acceptSslCerts=false, goog:chromeOptions={debuggerAddress=localhost:2502}, acceptInsecureCerts=false, webStorageEnabled=true, browserName=chrome, takesScreenshot=true, javascriptEnabled=true, setWindowRect=true, unexpectedAlertBehaviour=ignore, applicationCacheEnabled=false, rotatable=false, networkConnectionEnabled=false, chrome={chromedriverVersion=2.44.609538 (b655c5a60b0b544917107a59d4153d4bf78e1b90), userDataDir=C:\Windows\proxy\scoped_dir4592_13773}, takesHeapSnapshot=true, pageLoadStrategy=normal, databaseEnabled=false, handlesAlerts=true, version=71.0.3578.80, browserConnectionEnabled=false, nativeEvents=true, locationContextEnabled=true, cssSelectorsEnabled=true}]
Session ID: 18cee9e79dd2e6119c0d453796dbb973
Build info: version: &apos;3.141.59&apos;, revision: &apos;e82be7d358&apos;, time: &apos;2018-11-14T08:17:03&apos;
System info: host: &apos;VSANKAR2&apos;, ip: &apos;10.37.0.236&apos;, os.name: &apos;Windows 7&apos;, os.arch: &apos;amd64&apos;, os.version: &apos;6.1&apos;, java.version: &apos;11.0.2&apos;
Driver info: driver.version: EventFiringWebDriver
	at org.openqa.selenium.remote.ErrorHandler.createThrowable(ErrorHandler.java:206)
	at org.openqa.selenium.remote.ErrorHandler.throwIfResponseFailed(ErrorHandler.java:158)
	at org.openqa.selenium.remote.RemoteWebDriver.execute(RemoteWebDriver.java:678)
	at org.openqa.selenium.remote.RemoteWebDriver.executeScript(RemoteWebDriver.java:577)
	at org.openqa.selenium.support.events.EventFiringWebDriver$2.invoke(EventFiringWebDriver.java:103)
	at com.sun.proxy.$Proxy1.executeScript(Unknown Source)
	at org.openqa.selenium.support.events.EventFiringWebDriver.executeScript(EventFiringWebDriver.java:217)
	at org.openqa.selenium.remote.server.handler.ExecuteScript.call(ExecuteScript.java:54)
	at java.util.concurrent.FutureTask.run(Unknown Source)
	at org.openqa.selenium.remote.server.DefaultSession$1.run(DefaultSession.java:176)
	at java.util.concurrent.ThreadPoolExecutor.runWorker(Unknown Source)
	at java.util.concurrent.ThreadPoolExecutor$Worker.run(Unknown Source)
	at java.lang.Thread.run(Unknown Source)
... Removed 27 stack frames</div></td></tr></table><p class="totop"><a href="#summary">back to summary</a></p><h3 id="m13">com.miscellaneous.VideoTests#verify_video_details_on_video_log_for_mini_reg</h3><table class="result"><tr><th>Exception</th></tr><tr><td><div class="stacktrace">java.lang.AssertionError: expected [true] but found [false]
	at com.util.WrapperFunctions.assertTrue(WrapperFunctions.java:1708)
	at com.miscellaneous.VideoTests.verify_video_details_on_video_log_for_mini_reg(VideoTests.java:355)
	at java.base/java.util.concurrent.FutureTask.run(FutureTask.java:264)
	at java.base/java.util.concurrent.ThreadPoolExecutor.runWorker(ThreadPoolExecutor.java:1128)
	at java.base/java.util.concurrent.ThreadPoolExecutor$Worker.run(ThreadPoolExecutor.java:628)
	at java.base/java.lang.Thread.run(Thread.java:834)
... Removed 20 stack frames</div></td></tr></table><p class="totop"><a href="#summary">back to summary</a></p><h3 id="m14">com.miscellaneous.VideoTests#verify_video_details_on_video_log_for_silver_user</h3><table class="result"><tr><th>Exception</th></tr><tr><td><div class="stacktrace">java.lang.AssertionError: expected [true] but found [false]
	at com.util.WrapperFunctions.assertTrue(WrapperFunctions.java:1708)
	at com.miscellaneous.VideoTests.verify_video_details_on_video_log_for_silver_user(VideoTests.java:468)
	at java.base/java.util.concurrent.FutureTask.run(FutureTask.java:264)
	at java.base/java.util.concurrent.ThreadPoolExecutor.runWorker(ThreadPoolExecutor.java:1128)
	at java.base/java.util.concurrent.ThreadPoolExecutor$Worker.run(ThreadPoolExecutor.java:628)
	at java.base/java.lang.Thread.run(Thread.java:834)
... Removed 20 stack frames</div></td></tr></table><p class="totop"><a href="#summary">back to summary</a></p><h3 id="m15">com.miscellaneous.VideoTests#verify_video_details_on_video_log_for_social_user</h3><table class="result"><tr><th>Exception</th></tr><tr><td><div class="stacktrace">java.lang.IndexOutOfBoundsException: Index 0 out of bounds for length 0
	at java.base/jdk.internal.util.Preconditions.outOfBounds(Preconditions.java:64)
	at java.base/jdk.internal.util.Preconditions.outOfBoundsCheckIndex(Preconditions.java:70)
	at java.base/jdk.internal.util.Preconditions.checkIndex(Preconditions.java:248)
	at java.base/java.util.Objects.checkIndex(Objects.java:372)
	at java.base/java.util.ArrayList.get(ArrayList.java:458)
	at com.pageobjects.HomePage.click_first_video_link(HomePage.java:518)
	at com.miscellaneous.VideoTests.verify_video_details_on_video_log_for_social_user(VideoTests.java:580)
	at java.base/java.util.concurrent.FutureTask.run(FutureTask.java:264)
	at java.base/java.util.concurrent.ThreadPoolExecutor.runWorker(ThreadPoolExecutor.java:1128)
	at java.base/java.util.concurrent.ThreadPoolExecutor$Worker.run(ThreadPoolExecutor.java:628)
	at java.base/java.lang.Thread.run(Thread.java:834)
... Removed 16 stack frames</div></td></tr></table><p class="totop"><a href="#summary">back to summary</a></p><h3 id="m16">com.miscellaneous.VideoTests#verify_video_details_on_video_log_for_full_reg</h3><table class="result"></table><p class="totop"><a href="#summary">back to summary</a></p><h2>Token Awarding and CategoryMenus related scenarios</h2><h3 id="m17">com.awardtokens.BirthdayTests#birthday_tokens</h3><table class="result"><tr><th>Exception</th></tr><tr><td><div class="stacktrace">java.lang.AssertionError: expected [1] but found [0]
	at com.util.WrapperFunctions.assertEqualsInt(WrapperFunctions.java:1632)
	at com.awardtokens.BirthdayTests.birthday_tokens(BirthdayTests.java:64)
	at java.base/java.util.concurrent.FutureTask.run(FutureTask.java:264)
	at java.base/java.util.concurrent.ThreadPoolExecutor.runWorker(ThreadPoolExecutor.java:1128)
	at java.base/java.util.concurrent.ThreadPoolExecutor$Worker.run(ThreadPoolExecutor.java:628)
	at java.base/java.lang.Thread.run(Thread.java:834)
... Removed 22 stack frames</div></td></tr></table><p class="totop"><a href="#summary">back to summary</a></p><h3 id="m18">com.awardtokens.SegIdTokens#verify_tokens_seg_id</h3><table class="result"><tr><th>Exception</th></tr><tr><td><div class="stacktrace">java.lang.AssertionError: expected [1] but found [0]
	at com.util.WrapperFunctions.assertEqualsInt(WrapperFunctions.java:1632)
	at com.awardtokens.SegIdTokens.verify_tokens_seg_id(SegIdTokens.java:73)
	at java.base/java.util.concurrent.FutureTask.run(FutureTask.java:264)
	at java.base/java.util.concurrent.ThreadPoolExecutor.runWorker(ThreadPoolExecutor.java:1128)
	at java.base/java.util.concurrent.ThreadPoolExecutor$Worker.run(ThreadPoolExecutor.java:628)
	at java.base/java.lang.Thread.run(Thread.java:834)
... Removed 22 stack frames</div></td></tr></table><p class="totop"><a href="#summary">back to summary</a></p><h3 id="m19">com.awardtokens.TokenQueueTests#verify_credit_token_queue</h3><table class="result"><tr><th>Exception</th></tr><tr><td><div class="stacktrace">java.lang.AssertionError: expected [FRONTPAGE] but found [PCHREWARDS]
	at com.util.WrapperFunctions.assertEquals(WrapperFunctions.java:1580)
	at com.awardtokens.TokenQueueTests.verify_credit_token_queue(TokenQueueTests.java:65)
	at java.base/java.util.concurrent.FutureTask.run(FutureTask.java:264)
	at java.base/java.util.concurrent.ThreadPoolExecutor.runWorker(ThreadPoolExecutor.java:1128)
	at java.base/java.util.concurrent.ThreadPoolExecutor$Worker.run(ThreadPoolExecutor.java:628)
	at java.base/java.lang.Thread.run(Thread.java:834)
... Removed 22 stack frames</div></td></tr></table><p class="totop"><a href="#summary">back to summary</a></p><h3 id="m20">com.miscellaneous.CategoryMenuTests#verfiy_newly_added_sub_category</h3><table class="result"></table><p class="totop"><a href="#summary">back to summary</a></p><h3 id="m21">com.miscellaneous.CategoryMenuTests#verify_ads_on_category_page</h3><table class="result"></table><p class="totop"><a href="#summary">back to summary</a></p><h3 id="m22">com.miscellaneous.CategoryMenuTests#verify_native_gpt_ad_positioning</h3><table class="result"></table><p class="totop"><a href="#summary">back to summary</a></p><h3 id="m23">com.miscellaneous.CategoryMenuTests#verify_top_story_native_ad</h3><table class="result"></table><p class="totop"><a href="#summary">back to summary</a></p><h3 id="m24">com.miscellaneous.SubCategoryMenuTests#verify_ads_on_sub_category_page</h3><table class="result"></table><p class="totop"><a href="#summary">back to summary</a></p><h3 id="m25">com.miscellaneous.SubCategoryMenuTests#verify_native_ad_positioning</h3><table class="result"></table><p class="totop"><a href="#summary">back to summary</a></p><h3 id="m26">com.miscellaneous.SubCategoryMenuTests#verify_page_articles_count</h3><table class="result"></table><p class="totop"><a href="#summary">back to summary</a></p><h2>SERP, Lottery and Weather related scenarios</h2><h3 id="m27">com.lottery.LotteryTests#verify_lottery_page_recognized_user</h3><table class="result"><tr><th>Exception</th></tr><tr><td><div class="stacktrace">java.lang.NumberFormatException: For input string: &quot;Loading...&quot;
	at java.base/java.lang.NumberFormatException.forInputString(NumberFormatException.java:65)
	at java.base/java.lang.Integer.parseInt(Integer.java:652)
	at java.base/java.lang.Integer.parseInt(Integer.java:770)
	at com.pageobjects.HomePage.get_Tokens(HomePage.java:787)
	at com.lottery.LotteryTests.verify_lottery_page_recognized_user(LotteryTests.java:125)
	at java.base/java.util.concurrent.FutureTask.run(FutureTask.java:264)
	at java.base/java.util.concurrent.ThreadPoolExecutor.runWorker(ThreadPoolExecutor.java:1128)
	at java.base/java.util.concurrent.ThreadPoolExecutor$Worker.run(ThreadPoolExecutor.java:628)
	at java.base/java.lang.Thread.run(Thread.java:834)
... Removed 16 stack frames</div></td></tr></table><p class="totop"><a href="#summary">back to summary</a></p><h3 id="m28">com.search.SearchTests#verify_inhouse_ads</h3><table class="result"><tr><th>Exception</th></tr><tr><td><div class="stacktrace">java.lang.AssertionError: expected [true] but found [false]
	at com.util.WrapperFunctions.assertTrue(WrapperFunctions.java:1708)
	at com.search.SearchTests.verify_inhouse_ads(SearchTests.java:188)
	at java.base/java.util.concurrent.FutureTask.run(FutureTask.java:264)
	at java.base/java.util.concurrent.ThreadPoolExecutor.runWorker(ThreadPoolExecutor.java:1128)
	at java.base/java.util.concurrent.ThreadPoolExecutor$Worker.run(ThreadPoolExecutor.java:628)
	at java.base/java.lang.Thread.run(Thread.java:834)
... Removed 20 stack frames</div></td></tr></table><p class="totop"><a href="#summary">back to summary</a></p><h3 id="m29">com.search.SearchTests#verify_tokens_for_consecutive_search_for_same_keyword</h3><table class="result"><tr><th>Exception</th></tr><tr><td><div class="stacktrace">java.lang.AssertionError: expected [true] but found [false]
	at com.util.WrapperFunctions.assertTrue(WrapperFunctions.java:1708)
	at com.search.SearchTests.verify_tokens_for_consecutive_search_for_same_keyword(SearchTests.java:414)
	at java.base/java.util.concurrent.FutureTask.run(FutureTask.java:264)
	at java.base/java.util.concurrent.ThreadPoolExecutor.runWorker(ThreadPoolExecutor.java:1128)
	at java.base/java.util.concurrent.ThreadPoolExecutor$Worker.run(ThreadPoolExecutor.java:628)
	at java.base/java.lang.Thread.run(Thread.java:834)
... Removed 20 stack frames</div></td></tr></table><p class="totop"><a href="#summary">back to summary</a></p><h3 id="m30">com.weather.WeatherTests#verify_ads_on_weather_page</h3><table class="result"><tr><th>Exception</th></tr><tr><td><div class="stacktrace">java.lang.AssertionError: expected [true] but found [false]
	at com.util.WrapperFunctions.assertTrue(WrapperFunctions.java:1708)
	at com.weather.WeatherTests.verify_ads_on_weather_page(WeatherTests.java:346)
	at java.base/java.util.concurrent.FutureTask.run(FutureTask.java:264)
	at java.base/java.util.concurrent.ThreadPoolExecutor.runWorker(ThreadPoolExecutor.java:1128)
	at java.base/java.util.concurrent.ThreadPoolExecutor$Worker.run(ThreadPoolExecutor.java:628)
	at java.base/java.lang.Thread.run(Thread.java:834)
... Removed 20 stack frames</div></td></tr></table><p class="totop"><a href="#summary">back to summary</a></p><h3 id="m31">com.weather.WeatherTests#verify_hourly_forecast_details</h3><table class="result"><tr><th>Exception</th></tr><tr><td><div class="stacktrace">java.lang.AssertionError: By.cssSelector: input.weather-locationAndZip__zip_submit NoSuchElementException NOT FOUND. TEST FAILED.
	at com.util.WrapperFunctions.waitForElement(WrapperFunctions.java:565)
	at com.pageobjects.WeatherPage.click_weather_menu(WeatherPage.java:313)
	at com.weather.WeatherTests.verify_hourly_forecast_details(WeatherTests.java:179)
	at java.base/java.util.concurrent.FutureTask.run(FutureTask.java:264)
	at java.base/java.util.concurrent.ThreadPoolExecutor.runWorker(ThreadPoolExecutor.java:1128)
	at java.base/java.util.concurrent.ThreadPoolExecutor$Worker.run(ThreadPoolExecutor.java:628)
	at java.base/java.lang.Thread.run(Thread.java:834)
... Removed 17 stack frames</div></td></tr></table><p class="totop"><a href="#summary">back to summary</a></p><h3 id="m32">com.lottery.LotteryTests#verify_ads_on_lottery_page</h3><table class="result"></table><p class="totop"><a href="#summary">back to summary</a></p><h3 id="m33">com.lottery.LotteryTests#verify_lottery_page_unrecognized_user</h3><table class="result"></table><p class="totop"><a href="#summary">back to summary</a></p><h3 id="m34">com.search.SearchTests#verify_collapse_search_box_rec_user</h3><table class="result"></table><p class="totop"><a href="#summary">back to summary</a></p><h3 id="m35">com.search.SearchTests#verify_collapse_search_box_unrec_user</h3><table class="result"></table><p class="totop"><a href="#summary">back to summary</a></p><h3 id="m36">com.search.SearchTests#verify_openx_banner_rec_user</h3><table class="result"></table><p class="totop"><a href="#summary">back to summary</a></p><h3 id="m37">com.search.SearchTests#verify_openx_banner_unrec_user</h3><table class="result"></table><p class="totop"><a href="#summary">back to summary</a></p><h3 id="m38">com.search.SearchTests#verify_search_box_redirection</h3><table class="result"></table><p class="totop"><a href="#summary">back to summary</a></p><h3 id="m39">com.search.SearchTests#verify_serp_pagination_carousel_shopping</h3><table class="result"></table><p class="totop"><a href="#summary">back to summary</a></p><h3 id="m40">com.weather.WeatherTests#verify_daily_forecast_details</h3><table class="result"></table><p class="totop"><a href="#summary">back to summary</a></p><h3 id="m41">com.weather.WeatherTests#weather_climate_history</h3><table class="result"></table><p class="totop"><a href="#summary">back to summary</a></p><h2>Article page related scenarios</h2><h3 id="m42">com.miscellaneous.ArticleTests#verify_article_page</h3><table class="result"><tr><th>Exception</th></tr><tr><td><div class="stacktrace">java.lang.AssertionError: By.cssSelector: p.uninav__msg__desc NoSuchElementException NOT FOUND. TEST FAILED.
	at com.util.WrapperFunctions.waitForElement(WrapperFunctions.java:565)
	at com.util.WrapperFunctions.getAttribute(WrapperFunctions.java:1131)
	at com.pageobjects.HomePage.get_latest_activity_message(HomePage.java:679)
	at com.miscellaneous.ArticleTests.verify_article_page(ArticleTests.java:89)
	at java.base/java.util.concurrent.FutureTask.run(FutureTask.java:264)
	at java.base/java.util.concurrent.ThreadPoolExecutor.runWorker(ThreadPoolExecutor.java:1128)
	at java.base/java.util.concurrent.ThreadPoolExecutor$Worker.run(ThreadPoolExecutor.java:628)
	at java.base/java.lang.Thread.run(Thread.java:834)
... Removed 17 stack frames</div></td></tr></table><p class="totop"><a href="#summary">back to summary</a></p><h3 id="m43">com.miscellaneous.ArticleTests#verify_ads_on_article_page</h3><table class="result"></table><p class="totop"><a href="#summary">back to summary</a></p><h3 id="m44">com.miscellaneous.ArticleTests#verify_article_page_bottom_dfp_ad</h3><table class="result"></table><p class="totop"><a href="#summary">back to summary</a></p><h3 id="m45">com.miscellaneous.ArticleTests#verify_article_page_teads_ad</h3><table class="result"></table><p class="totop"><a href="#summary">back to summary</a></p><h3 id="m46">com.miscellaneous.ArticleTests#verify_story_details_on_story_log_for_full_reg</h3><table class="result"></table><p class="totop"><a href="#summary">back to summary</a></p><h3 id="m47">com.miscellaneous.ArticleTests#verify_story_details_on_story_log_for_mini_reg</h3><table class="result"></table><p class="totop"><a href="#summary">back to summary</a></p><h3 id="m48">com.miscellaneous.ArticleTests#verify_story_details_on_story_log_for_silver_user</h3><table class="result"></table><p class="totop"><a href="#summary">back to summary</a></p><h3 id="m49">com.miscellaneous.ArticleTests#verify_story_details_on_story_log_for_social_user</h3><table class="result"></table><p class="totop"><a href="#summary">back to summary</a></p><h2>Contest Entry related scenarios</h2><h3 id="m50">com.contestentry.ContestEntryTests#verify_bmh_queue</h3><table class="result"><tr><th>Exception</th></tr><tr><td><div class="stacktrace">java.lang.AssertionError: expected [true] but found [false]
	at com.util.WrapperFunctions.assertTrue(WrapperFunctions.java:1708)
	at com.contestentry.ContestEntryTests.verify_bmh_queue(ContestEntryTests.java:1063)
	at java.base/java.util.concurrent.FutureTask.run(FutureTask.java:264)
	at java.base/java.util.concurrent.ThreadPoolExecutor.runWorker(ThreadPoolExecutor.java:1128)
	at java.base/java.util.concurrent.ThreadPoolExecutor$Worker.run(ThreadPoolExecutor.java:628)
	at java.base/java.lang.Thread.run(Thread.java:834)
... Removed 20 stack frames</div></td></tr></table><p class="totop"><a href="#summary">back to summary</a></p><h3 id="m51">com.contestentry.ContestEntryTests#verify_contest_entry_full_reg</h3><table class="result"><tr><th>Exception</th></tr><tr><td><div class="stacktrace">java.lang.AssertionError: expected [true] but found [false]
	at com.util.WrapperFunctions.assertTrue(WrapperFunctions.java:1708)
	at com.contestentry.ContestEntryTests.verify_contest_entry_full_reg(ContestEntryTests.java:102)
	at java.base/java.util.concurrent.FutureTask.run(FutureTask.java:264)
	at java.base/java.util.concurrent.ThreadPoolExecutor.runWorker(ThreadPoolExecutor.java:1128)
	at java.base/java.util.concurrent.ThreadPoolExecutor$Worker.run(ThreadPoolExecutor.java:628)
	at java.base/java.lang.Thread.run(Thread.java:834)
... Removed 20 stack frames</div></td></tr></table><p class="totop"><a href="#summary">back to summary</a></p><h3 id="m52">com.contestentry.ContestEntryTests#verify_contest_entry_invalid_ck_on_admin_valid_on_url</h3><table class="result"><tr><th>Exception</th></tr><tr><td><div class="stacktrace">java.lang.AssertionError: expected [true] but found [false]
	at com.util.WrapperFunctions.assertTrue(WrapperFunctions.java:1708)
	at com.contestentry.ContestEntryTests.verify_contest_entry_invalid_ck_on_admin_valid_on_url(ContestEntryTests.java:788)
	at java.base/java.util.concurrent.FutureTask.run(FutureTask.java:264)
	at java.base/java.util.concurrent.ThreadPoolExecutor.runWorker(ThreadPoolExecutor.java:1128)
	at java.base/java.util.concurrent.ThreadPoolExecutor$Worker.run(ThreadPoolExecutor.java:628)
	at java.base/java.lang.Thread.run(Thread.java:834)
... Removed 20 stack frames</div></td></tr></table><p class="totop"><a href="#summary">back to summary</a></p><h3 id="m53">com.contestentry.ContestEntryTests#verify_contest_entry_invalid_ck_on_url_valid_on_admin</h3><table class="result"><tr><th>Exception</th></tr><tr><td><div class="stacktrace">java.lang.AssertionError: expected [true] but found [false]
	at com.util.WrapperFunctions.assertTrue(WrapperFunctions.java:1708)
	at com.contestentry.ContestEntryTests.verify_contest_entry_invalid_ck_on_url_valid_on_admin(ContestEntryTests.java:853)
	at java.base/java.util.concurrent.FutureTask.run(FutureTask.java:264)
	at java.base/java.util.concurrent.ThreadPoolExecutor.runWorker(ThreadPoolExecutor.java:1128)
	at java.base/java.util.concurrent.ThreadPoolExecutor$Worker.run(ThreadPoolExecutor.java:628)
	at java.base/java.lang.Thread.run(Thread.java:834)
... Removed 20 stack frames</div></td></tr></table><p class="totop"><a href="#summary">back to summary</a></p><h3 id="m54">com.contestentry.ContestEntryTests#verify_contest_entry_invalid_tc_on_url_valid_ck_on_admin</h3><table class="result"><tr><th>Exception</th></tr><tr><td><div class="stacktrace">java.lang.AssertionError: expected [true] but found [false]
	at com.util.WrapperFunctions.assertTrue(WrapperFunctions.java:1708)
	at com.contestentry.ContestEntryTests.verify_contest_entry_invalid_tc_on_url_valid_ck_on_admin(ContestEntryTests.java:899)
	at java.base/java.util.concurrent.FutureTask.run(FutureTask.java:264)
	at java.base/java.util.concurrent.ThreadPoolExecutor.runWorker(ThreadPoolExecutor.java:1128)
	at java.base/java.util.concurrent.ThreadPoolExecutor$Worker.run(ThreadPoolExecutor.java:628)
	at java.base/java.lang.Thread.run(Thread.java:834)
... Removed 20 stack frames</div></td></tr></table><p class="totop"><a href="#summary">back to summary</a></p><h3 id="m55">com.contestentry.ContestEntryTests#verify_contest_entry_mini_reg</h3><table class="result"><tr><th>Exception</th></tr><tr><td><div class="stacktrace">java.lang.AssertionError: expected [true] but found [false]
	at com.util.WrapperFunctions.assertTrue(WrapperFunctions.java:1708)
	at com.contestentry.ContestEntryTests.verify_contest_entry_mini_reg(ContestEntryTests.java:199)
	at java.base/java.util.concurrent.FutureTask.run(FutureTask.java:264)
	at java.base/java.util.concurrent.ThreadPoolExecutor.runWorker(ThreadPoolExecutor.java:1128)
	at java.base/java.util.concurrent.ThreadPoolExecutor$Worker.run(ThreadPoolExecutor.java:628)
	at java.base/java.lang.Thread.run(Thread.java:834)
... Removed 20 stack frames</div></td></tr></table><p class="totop"><a href="#summary">back to summary</a></p><h3 id="m56">com.contestentry.ContestEntryTests#verify_contest_entry_queue</h3><table class="result"><tr><th>Exception</th></tr><tr><td><div class="stacktrace">java.lang.AssertionError: expected [true] but found [false]
	at com.util.WrapperFunctions.assertTrue(WrapperFunctions.java:1708)
	at com.contestentry.ContestEntryTests.verify_contest_entry_queue(ContestEntryTests.java:958)
	at java.base/java.util.concurrent.FutureTask.run(FutureTask.java:264)
	at java.base/java.util.concurrent.ThreadPoolExecutor.runWorker(ThreadPoolExecutor.java:1128)
	at java.base/java.util.concurrent.ThreadPoolExecutor$Worker.run(ThreadPoolExecutor.java:628)
	at java.base/java.lang.Thread.run(Thread.java:834)
... Removed 20 stack frames</div></td></tr></table><p class="totop"><a href="#summary">back to summary</a></p><h3 id="m57">com.contestentry.ContestEntryTests#verify_contest_entry_silver_user</h3><table class="result"><tr><th>Exception</th></tr><tr><td><div class="stacktrace">java.lang.AssertionError: expected [true] but found [false]
	at com.util.WrapperFunctions.assertTrue(WrapperFunctions.java:1708)
	at com.contestentry.ContestEntryTests.verify_contest_entry_silver_user(ContestEntryTests.java:294)
	at java.base/java.util.concurrent.FutureTask.run(FutureTask.java:264)
	at java.base/java.util.concurrent.ThreadPoolExecutor.runWorker(ThreadPoolExecutor.java:1128)
	at java.base/java.util.concurrent.ThreadPoolExecutor$Worker.run(ThreadPoolExecutor.java:628)
	at java.base/java.lang.Thread.run(Thread.java:834)
... Removed 20 stack frames</div></td></tr></table><p class="totop"><a href="#summary">back to summary</a></p><h3 id="m58">com.contestentry.ContestEntryTests#verify_contest_entry_social_user</h3><table class="result"><tr><th>Exception</th></tr><tr><td><div class="stacktrace">java.lang.AssertionError: expected [true] but found [false]
	at com.util.WrapperFunctions.assertTrue(WrapperFunctions.java:1708)
	at com.contestentry.ContestEntryTests.verify_contest_entry_social_user(ContestEntryTests.java:392)
	at java.base/java.util.concurrent.FutureTask.run(FutureTask.java:264)
	at java.base/java.util.concurrent.ThreadPoolExecutor.runWorker(ThreadPoolExecutor.java:1128)
	at java.base/java.util.concurrent.ThreadPoolExecutor$Worker.run(ThreadPoolExecutor.java:628)
	at java.base/java.lang.Thread.run(Thread.java:834)
... Removed 20 stack frames</div></td></tr></table><p class="totop"><a href="#summary">back to summary</a></p><h3 id="m59">com.contestentry.ContestEntryTests#verify_contest_entry_with_ck_without_tc_v</h3><table class="result"><tr><th>Exception</th></tr><tr><td><div class="stacktrace">java.lang.AssertionError: expected [true] but found [false]
	at com.util.WrapperFunctions.assertTrue(WrapperFunctions.java:1708)
	at com.contestentry.ContestEntryTests.verify_contest_entry_with_ck_without_tc_v(ContestEntryTests.java:528)
	at java.base/java.util.concurrent.FutureTask.run(FutureTask.java:264)
	at java.base/java.util.concurrent.ThreadPoolExecutor.runWorker(ThreadPoolExecutor.java:1128)
	at java.base/java.util.concurrent.ThreadPoolExecutor$Worker.run(ThreadPoolExecutor.java:628)
	at java.base/java.lang.Thread.run(Thread.java:834)
... Removed 20 stack frames</div></td></tr></table><p class="totop"><a href="#summary">back to summary</a></p><h3 id="m60">com.contestentry.ContestEntryTests#verify_contest_entry_with_mulitple_ck</h3><table class="result"><tr><th>Exception</th></tr><tr><td><div class="stacktrace">java.lang.AssertionError: expected [true] but found [false]
	at com.util.WrapperFunctions.assertTrue(WrapperFunctions.java:1708)
	at com.contestentry.ContestEntryTests.verify_contest_entry_with_mulitple_ck(ContestEntryTests.java:583)
	at java.base/java.util.concurrent.FutureTask.run(FutureTask.java:264)
	at java.base/java.util.concurrent.ThreadPoolExecutor.runWorker(ThreadPoolExecutor.java:1128)
	at java.base/java.util.concurrent.ThreadPoolExecutor$Worker.run(ThreadPoolExecutor.java:628)
	at java.base/java.lang.Thread.run(Thread.java:834)
... Removed 20 stack frames</div></td></tr></table><p class="totop"><a href="#summary">back to summary</a></p><h3 id="m61">com.contestentry.ContestEntryTests#verify_contest_entry_with_tc_v_without_ck</h3><table class="result"><tr><th>Exception</th></tr><tr><td><div class="stacktrace">java.lang.AssertionError: expected [true] but found [false]
	at com.util.WrapperFunctions.assertTrue(WrapperFunctions.java:1708)
	at com.contestentry.ContestEntryTests.verify_contest_entry_with_tc_v_without_ck(ContestEntryTests.java:467)
	at java.base/java.util.concurrent.FutureTask.run(FutureTask.java:264)
	at java.base/java.util.concurrent.ThreadPoolExecutor.runWorker(ThreadPoolExecutor.java:1128)
	at java.base/java.util.concurrent.ThreadPoolExecutor$Worker.run(ThreadPoolExecutor.java:628)
	at java.base/java.lang.Thread.run(Thread.java:834)
... Removed 20 stack frames</div></td></tr></table><p class="totop"><a href="#summary">back to summary</a></p><h3 id="m62">com.contestentry.ContestEntryTests#verify_failed_contest_entry</h3><table class="result"><tr><th>Exception</th></tr><tr><td><div class="stacktrace">java.lang.AssertionError: expected [true] but found [false]
	at com.util.WrapperFunctions.assertTrue(WrapperFunctions.java:1708)
	at com.contestentry.ContestEntryTests.verify_failed_contest_entry(ContestEntryTests.java:703)
	at java.base/java.util.concurrent.FutureTask.run(FutureTask.java:264)
	at java.base/java.util.concurrent.ThreadPoolExecutor.runWorker(ThreadPoolExecutor.java:1128)
	at java.base/java.util.concurrent.ThreadPoolExecutor$Worker.run(ThreadPoolExecutor.java:628)
	at java.base/java.lang.Thread.run(Thread.java:834)
... Removed 20 stack frames</div></td></tr></table><p class="totop"><a href="#summary">back to summary</a></p><h2>Light Box related scenarios</h2><h3 id="m63">com.lightbox.CompleteRegistrationLightboxTests#verify_complete_registration_lb_for_mini_reg</h3><table class="result"></table><p class="totop"><a href="#summary">back to summary</a></p><h3 id="m64">com.lightbox.CompleteRegistrationLightboxTests#verify_complete_registration_lb_for_silver_user</h3><table class="result"></table><p class="totop"><a href="#summary">back to summary</a></p><h3 id="m65">com.lightbox.CompleteRegistrationLightboxTests#verify_complete_registration_lb_for_social_user</h3><table class="result"></table><p class="totop"><a href="#summary">back to summary</a></p><h3 id="m66">com.lightbox.HighRiskLightboxTests#verify_25th_search_lb</h3><table class="result"></table><p class="totop"><a href="#summary">back to summary</a></p><h3 id="m67">com.lightbox.HighRiskLightboxTests#verify_40th_search_lb</h3><table class="result"></table><p class="totop"><a href="#summary">back to summary</a></p><h3 id="m68">com.lightbox.HighRiskLightboxTests#verify_500th_search_lb</h3><table class="result"></table><p class="totop"><a href="#summary">back to summary</a></p><h3 id="m69">com.lightbox.HighRiskLightboxTests#verify_75th_search_lb</h3><table class="result"></table><p class="totop"><a href="#summary">back to summary</a></p><h3 id="m70">com.lightbox.HighRiskLightboxTests#verify_rapid_lb_for_rec_user</h3><table class="result"></table><p class="totop"><a href="#summary">back to summary</a></p><h3 id="m71">com.lightbox.OptinLightboxTests#verify_optin_lb_for_full_reg_user</h3><table class="result"></table><p class="totop"><a href="#summary">back to summary</a></p><h3 id="m72">com.lightbox.OptinLightboxTests#verify_optin_lb_for_mini_reg_user</h3><table class="result"></table><p class="totop"><a href="#summary">back to summary</a></p><h3 id="m73">com.lightbox.OptinLightboxTests#verify_optin_lb_for_silver_user</h3><table class="result"></table><p class="totop"><a href="#summary">back to summary</a></p><h3 id="m74">com.lightbox.OptinLightboxTests#verify_optin_lb_for_social_user</h3><table class="result"></table><p class="totop"><a href="#summary">back to summary</a></p><h3 id="m75">com.lightbox.SignInRegisterLightboxTests#verify_register_lb_for_unrec_user</h3><table class="result"></table><p class="totop"><a href="#summary">back to summary</a></p><h3 id="m76">com.lightbox.SignInRegisterLightboxTests#verify_register_signin_lb_for_unrec_user_on_serp</h3><table class="result"></table><p class="totop"><a href="#summary">back to summary</a></p><h3 id="m77">com.lightbox.SignInRegisterLightboxTests#verify_signin_lb_for_unrec_user</h3><table class="result"></table><p class="totop"><a href="#summary">back to summary</a></p><h3 id="m78">com.lightbox.WelcomeLightBoxTests#verify_welcome_lb_for_mini_reg_user</h3><table class="result"></table><p class="totop"><a href="#summary">back to summary</a></p><h3 id="m79">com.lightbox.WelcomeLightBoxTests#verify_welcome_lb_for_rec_user</h3><table class="result"></table><p class="totop"><a href="#summary">back to summary</a></p><h3 id="m80">com.lightbox.WelcomeLightBoxTests#verify_welcome_lb_for_silver_user</h3><table class="result"></table><p class="totop"><a href="#summary">back to summary</a></p><h3 id="m81">com.lightbox.WelcomeLightBoxTests#verify_welcome_lb_for_social_user</h3><table class="result"></table><p class="totop"><a href="#summary">back to summary</a></p><h2>VIP and Sweepstakes related scenarios</h2><h3 id="m82">com.vip.VipTests#verify_vip_activity</h3><table class="result"><tr><th>Exception</th></tr><tr><td><div class="stacktrace">java.lang.AssertionError: expected [true] but found [false]
	at com.vip.VipTests.verify_vip_activity(VipTests.java:259)
	at java.base/java.util.concurrent.FutureTask.run(FutureTask.java:264)
	at java.base/java.util.concurrent.ThreadPoolExecutor.runWorker(ThreadPoolExecutor.java:1128)
	at java.base/java.util.concurrent.ThreadPoolExecutor$Worker.run(ThreadPoolExecutor.java:628)
	at java.base/java.lang.Thread.run(Thread.java:834)
... Removed 20 stack frames</div></td></tr></table><p class="totop"><a href="#summary">back to summary</a></p><h3 id="m83">com.sweepstakes.Sweepstakes#verify_sweepstakes_on_edl_comics_page</h3><table class="result"></table><p class="totop"><a href="#summary">back to summary</a></p><h3 id="m84">com.sweepstakes.Sweepstakes#verify_sweepstakes_on_edl_health_page</h3><table class="result"></table><p class="totop"><a href="#summary">back to summary</a></p><h3 id="m85">com.sweepstakes.Sweepstakes#verify_sweepstakes_on_edl_home_page</h3><table class="result"></table><p class="totop"><a href="#summary">back to summary</a></p><h3 id="m86">com.sweepstakes.Sweepstakes#verify_sweepstakes_on_edl_lifehacks_page</h3><table class="result"></table><p class="totop"><a href="#summary">back to summary</a></p><h3 id="m87">com.sweepstakes.Sweepstakes#verify_sweepstakes_on_edl_pets_page</h3><table class="result"></table><p class="totop"><a href="#summary">back to summary</a></p><h3 id="m88">com.sweepstakes.Sweepstakes#verify_sweepstakes_on_edl_recipe_page</h3><table class="result"></table><p class="totop"><a href="#summary">back to summary</a></p><h3 id="m89">com.sweepstakes.Sweepstakes#verify_sweepstakes_on_edl_trending_page</h3><table class="result"></table><p class="totop"><a href="#summary">back to summary</a></p><h3 id="m90">com.vip.VipTests#verify_vip_activity_by_search</h3><table class="result"></table><p class="totop"><a href="#summary">back to summary</a></p><h3 id="m91">com.vip.VipTests#verify_vip_call_trigger_order</h3><table class="result"></table><p class="totop"><a href="#summary">back to summary</a></p><h2>NFSP related scenarios</h2><h3 id="m92">com.nfsp.NFSPSegmentTests#verify_nfsp_for_algo_only_segment_gold_user</h3><table class="result"><tr><th>Exception</th></tr><tr><td><div class="stacktrace">java.lang.AssertionError: expected [true] but found [false]
	at com.util.WrapperFunctions.assertTrue(WrapperFunctions.java:1708)
	at com.nfsp.NFSPSegmentTests.searchAndVerifyNFSP(NFSPSegmentTests.java:82)
	at com.nfsp.NFSPSegmentTests.verify_nfsp_for_algo_only_segment_gold_user(NFSPSegmentTests.java:124)
	at java.base/java.util.concurrent.FutureTask.run(FutureTask.java:264)
	at java.base/java.util.concurrent.ThreadPoolExecutor.runWorker(ThreadPoolExecutor.java:1128)
	at java.base/java.util.concurrent.ThreadPoolExecutor$Worker.run(ThreadPoolExecutor.java:628)
	at java.base/java.lang.Thread.run(Thread.java:834)
... Removed 20 stack frames</div></td></tr></table><p class="totop"><a href="#summary">back to summary</a></p><h3 id="m93">com.nfsp.NFSPSegmentTests#verify_nfsp_for_algo_only_segment_mini_reg_user</h3><table class="result"></table><p class="totop"><a href="#summary">back to summary</a></p><h3 id="m94">com.nfsp.NFSPSegmentTests#verify_nfsp_for_algo_only_segment_silver_user</h3><table class="result"></table><p class="totop"><a href="#summary">back to summary</a></p><h3 id="m95">com.nfsp.NFSPSegmentTests#verify_nfsp_for_algo_only_segment_social_user</h3><table class="result"></table><p class="totop"><a href="#summary">back to summary</a></p><h3 id="m96">com.nfsp.NFSPSegmentTests#verify_nfsp_in_url_for_gold_user</h3><table class="result"></table><p class="totop"><a href="#summary">back to summary</a></p><h3 id="m97">com.nfsp.NFSPSegmentTests#verify_nfsp_in_url_for_mini_reg_user</h3><table class="result"></table><p class="totop"><a href="#summary">back to summary</a></p><h3 id="m98">com.nfsp.NFSPSegmentTests#verify_nfsp_in_url_for_silver_user</h3><table class="result"></table><p class="totop"><a href="#summary">back to summary</a></p><h3 id="m99">com.nfsp.NFSPSegmentTests#verify_nfsp_in_url_for_social_user</h3><table class="result"></table><p class="totop"><a href="#summary">back to summary</a></p><h3 id="m100">com.nfsp.NFSPSegmentTests#verify_nfsp_specific_segment_for_gold_user</h3><table class="result"></table><p class="totop"><a href="#summary">back to summary</a></p><h3 id="m101">com.nfsp.NFSPSegmentTests#verify_nfsp_specific_segment_for_mini_reg_user</h3><table class="result"></table><p class="totop"><a href="#summary">back to summary</a></p><h3 id="m102">com.nfsp.NFSPSegmentTests#verify_nfsp_specific_segment_for_silver_user</h3><table class="result"></table><p class="totop"><a href="#summary">back to summary</a></p><h3 id="m103">com.nfsp.NFSPSegmentTests#verify_nfsp_specific_segment_for_social_user</h3><table class="result"></table><p class="totop"><a href="#summary">back to summary</a></p><h3 id="m104">com.nfsp.NFSPTests#verify_default_nfsp_for_rec_user</h3><table class="result"></table><p class="totop"><a href="#summary">back to summary</a></p><h3 id="m105">com.nfsp.NFSPTests#verify_nfsp_after_5_search_for_unrec_user</h3><table class="result"></table><p class="totop"><a href="#summary">back to summary</a></p><h3 id="m106">com.nfsp.NFSPTests#verify_nfsp_for_rec_user_after_27_search</h3><table class="result"></table><p class="totop"><a href="#summary">back to summary</a></p></body></html>