<?xml version="1.0" encoding="UTF-8"?>
<!-- Generated by org.testng.reporters.JUnitReportReporter -->
<testsuite hostname="VSANKAR2" failures="1" tests="8" name="com.miscellaneous.ArticleTests" time="2315.408" errors="0" timestamp="19 Mar 2019 05:38:55 GMT">
  <testcase classname="com.miscellaneous.ArticleTests" name="verify_article_page_teads_ad" time="284.011"/>
  <testcase classname="com.miscellaneous.ArticleTests" name="verify_ads_on_article_page" time="167.804"/>
  <testcase classname="com.miscellaneous.ArticleTests" name="verify_story_details_on_story_log_for_silver_user" time="300.964"/>
  <testcase classname="com.miscellaneous.ArticleTests" name="verify_story_details_on_story_log_for_full_reg" time="333.759"/>
  <testcase classname="com.miscellaneous.ArticleTests" name="verify_article_page" time="350.475">
    <failure message="By.cssSelector: p.uninav__msg__desc NoSuchElementException NOT FOUND. TEST FAILED." type="java.lang.AssertionError">
      <![CDATA[java.lang.AssertionError: By.cssSelector: p.uninav__msg__desc NoSuchElementException NOT FOUND. TEST FAILED.
	at org.testng.Assert.fail(Assert.java:94)
	at com.util.WrapperFunctions.waitForElement(WrapperFunctions.java:565)
	at com.util.WrapperFunctions.getAttribute(WrapperFunctions.java:1131)
	at com.pageobjects.HomePage.get_latest_activity_message(HomePage.java:679)
	at com.miscellaneous.ArticleTests.verify_article_page(ArticleTests.java:89)
	at java.base/jdk.internal.reflect.NativeMethodAccessorImpl.invoke0(Native Method)
	at java.base/jdk.internal.reflect.NativeMethodAccessorImpl.invoke(NativeMethodAccessorImpl.java:62)
	at java.base/jdk.internal.reflect.DelegatingMethodAccessorImpl.invoke(DelegatingMethodAccessorImpl.java:43)
	at java.base/java.lang.reflect.Method.invoke(Method.java:566)
	at org.testng.internal.MethodInvocationHelper.invokeMethod(MethodInvocationHelper.java:86)
	at org.testng.internal.Invoker.invokeMethod(Invoker.java:643)
	at org.testng.internal.Invoker.invokeTestMethod(Invoker.java:820)
	at org.testng.internal.Invoker.invokeTestMethods(Invoker.java:1128)
	at org.testng.internal.TestMethodWorker.invokeTestMethods(TestMethodWorker.java:129)
	at org.testng.internal.TestMethodWorker.run(TestMethodWorker.java:112)
	at org.testng.TestRunner.privateRun(TestRunner.java:782)
	at org.testng.TestRunner.run(TestRunner.java:632)
	at org.testng.SuiteRunner.runTest(SuiteRunner.java:366)
	at org.testng.SuiteRunner.access$000(SuiteRunner.java:39)
	at org.testng.SuiteRunner$SuiteWorker.run(SuiteRunner.java:400)
	at org.testng.internal.thread.ThreadUtil$2.call(ThreadUtil.java:64)
	at java.base/java.util.concurrent.FutureTask.run(FutureTask.java:264)
	at java.base/java.util.concurrent.ThreadPoolExecutor.runWorker(ThreadPoolExecutor.java:1128)
	at java.base/java.util.concurrent.ThreadPoolExecutor$Worker.run(ThreadPoolExecutor.java:628)
	at java.base/java.lang.Thread.run(Thread.java:834)
]]>
    </failure>
  </testcase> <!-- verify_article_page -->
  <testcase classname="com.miscellaneous.ArticleTests" name="verify_story_details_on_story_log_for_social_user" time="356.693"/>
  <testcase classname="com.miscellaneous.ArticleTests" name="verify_article_page_bottom_dfp_ad" time="174.250"/>
  <testcase classname="com.miscellaneous.ArticleTests" name="verify_story_details_on_story_log_for_mini_reg" time="347.452"/>
</testsuite> <!-- com.miscellaneous.ArticleTests -->
